2024.03.25 00:26:23 INFO  Started: Metals version 1.2.2 in folders '/Users/neka/Projects/one-percent' for client Visual Studio Code 1.87.2.
00:26:24.559 [pool-1-thread-4] INFO org.flywaydb.core.internal.license.VersionPrinter -- Flyway Community Edition 9.22.3 by Redgate
00:26:24.562 [pool-1-thread-4] INFO org.flywaydb.core.internal.license.VersionPrinter -- See release notes here: https://rd.gt/416ObMi
00:26:24.562 [pool-1-thread-4] INFO org.flywaydb.core.internal.license.VersionPrinter -- 
00:26:24.565 [pool-1-thread-4] DEBUG org.flywaydb.core.internal.scanner.classpath.ClassPathScanner -- Scanning for classpath resources at 'classpath:db/callback' ...
00:26:24.565 [pool-1-thread-4] DEBUG org.flywaydb.core.internal.scanner.classpath.ClassPathScanner -- Determining location urls for classpath:db/callback using ClassLoader jdk.internal.loader.ClassLoaders$AppClassLoader@531d72ca ...
00:26:24.565 [pool-1-thread-4] DEBUG org.flywaydb.core.internal.scanner.classpath.ClassPathScanner -- Unable to resolve location classpath:db/callback.
00:26:24.565 [pool-1-thread-4] DEBUG org.flywaydb.core.internal.scanner.classpath.ClassPathScanner -- Scanning for classpath resources at 'classpath:db/migration' ...
00:26:24.565 [pool-1-thread-4] DEBUG org.flywaydb.core.internal.scanner.classpath.ClassPathScanner -- Determining location urls for classpath:db/migration using ClassLoader jdk.internal.loader.ClassLoaders$AppClassLoader@531d72ca ...
00:26:24.566 [pool-1-thread-4] DEBUG org.flywaydb.core.internal.scanner.classpath.ClassPathScanner -- Scanning URL: jar:file:/Users/neka/Library/Caches/Coursier/v1/https/repo1.maven.org/maven2/org/scalameta/metals_2.13/1.2.2/metals_2.13-1.2.2.jar!/db/migration
00:26:24.568 [pool-1-thread-4] DEBUG org.flywaydb.core.internal.scanner.classpath.ClassPathScanner -- Found resource: db/migration/
00:26:24.568 [pool-1-thread-4] DEBUG org.flywaydb.core.internal.scanner.classpath.ClassPathScanner -- Found resource: db/migration/V1__Create_tables.sql
00:26:24.568 [pool-1-thread-4] DEBUG org.flywaydb.core.internal.scanner.classpath.ClassPathScanner -- Found resource: db/migration/V2__Server_discovery.sql
00:26:24.568 [pool-1-thread-4] DEBUG org.flywaydb.core.internal.scanner.classpath.ClassPathScanner -- Found resource: db/migration/V3__Jar_symbols.sql
00:26:24.568 [pool-1-thread-4] DEBUG org.flywaydb.core.internal.scanner.classpath.ClassPathScanner -- Found resource: db/migration/V4__Fingerprints.sql
00:26:24.568 [pool-1-thread-4] DEBUG org.flywaydb.core.internal.scanner.classpath.ClassPathScanner -- Scanning for classes at classpath:db/migration
00:26:24.570 [pool-1-thread-4] DEBUG org.flywaydb.core.internal.scanner.Scanner -- Filtering out resource: db/migration/ (filename: )
00:26:24.571 [pool-1-thread-4] DEBUG org.flywaydb.core.internal.resource.ResourceNameValidator -- Validating V1__Create_tables.sql
00:26:24.571 [pool-1-thread-4] DEBUG org.flywaydb.core.internal.resource.ResourceNameValidator -- Validating V4__Fingerprints.sql
00:26:24.571 [pool-1-thread-4] DEBUG org.flywaydb.core.internal.resource.ResourceNameValidator -- Validating V2__Server_discovery.sql
00:26:24.571 [pool-1-thread-4] DEBUG org.flywaydb.core.internal.resource.ResourceNameValidator -- Validating V3__Jar_symbols.sql
00:26:24.636 [pool-1-thread-4] INFO org.flywaydb.core.FlywayExecutor -- Database: jdbc:h2:file:/Users/neka/Projects/one-percent/.metals/metals (H2 2.2)
00:26:24.637 [pool-1-thread-4] DEBUG org.flywaydb.core.FlywayExecutor -- Driver: H2 JDBC Driver 2.2.224 (2023-09-17)
00:26:24.637 [pool-1-thread-4] DEBUG org.flywaydb.core.FlywayExecutor -- DDL Transactions Supported: false
00:26:24.638 [pool-1-thread-4] DEBUG org.flywaydb.core.internal.schemahistory.SchemaHistoryFactory -- Schemas: 
00:26:24.638 [pool-1-thread-4] DEBUG org.flywaydb.core.internal.schemahistory.SchemaHistoryFactory -- Default schema: null
00:26:24.644 [pool-1-thread-4] WARN org.flywaydb.core.internal.database.base.Database -- Flyway upgrade recommended: H2 2.2.224 is newer than this version of Flyway and support has not been tested. The latest supported version of H2 is 2.2.220.
00:26:24.645 [pool-1-thread-4] DEBUG org.flywaydb.core.internal.callback.SqlScriptCallbackFactory -- Scanning for SQL callbacks ...
00:26:24.646 [pool-1-thread-4] DEBUG org.flywaydb.core.internal.scanner.Scanner -- Filtering out resource: db/migration/ (filename: )
00:26:24.661 [pool-1-thread-4] DEBUG org.flywaydb.core.internal.command.DbValidate -- Validating migrations ...
00:26:24.667 [pool-1-thread-4] DEBUG org.flywaydb.core.internal.scanner.Scanner -- Filtering out resource: db/migration/ (filename: )
00:26:24.684 [pool-1-thread-4] DEBUG org.flywaydb.core.internal.scanner.Scanner -- Filtering out resource: db/migration/V1__Create_tables.sql (filename: V1__Create_tables.sql)
00:26:24.684 [pool-1-thread-4] DEBUG org.flywaydb.core.internal.scanner.Scanner -- Filtering out resource: db/migration/V4__Fingerprints.sql (filename: V4__Fingerprints.sql)
00:26:24.684 [pool-1-thread-4] DEBUG org.flywaydb.core.internal.scanner.Scanner -- Filtering out resource: db/migration/V2__Server_discovery.sql (filename: V2__Server_discovery.sql)
00:26:24.684 [pool-1-thread-4] DEBUG org.flywaydb.core.internal.scanner.Scanner -- Filtering out resource: db/migration/V3__Jar_symbols.sql (filename: V3__Jar_symbols.sql)
00:26:24.684 [pool-1-thread-4] DEBUG org.flywaydb.core.internal.scanner.Scanner -- Filtering out resource: db/migration/ (filename: )
00:26:24.685 [pool-1-thread-4] DEBUG org.flywaydb.core.internal.scanner.Scanner -- Filtering out resource: db/migration/V1__Create_tables.sql (filename: V1__Create_tables.sql)
00:26:24.685 [pool-1-thread-4] DEBUG org.flywaydb.core.internal.scanner.Scanner -- Filtering out resource: db/migration/V4__Fingerprints.sql (filename: V4__Fingerprints.sql)
00:26:24.685 [pool-1-thread-4] DEBUG org.flywaydb.core.internal.scanner.Scanner -- Filtering out resource: db/migration/V2__Server_discovery.sql (filename: V2__Server_discovery.sql)
00:26:24.685 [pool-1-thread-4] DEBUG org.flywaydb.core.internal.scanner.Scanner -- Filtering out resource: db/migration/V3__Jar_symbols.sql (filename: V3__Jar_symbols.sql)
00:26:24.685 [pool-1-thread-4] DEBUG org.flywaydb.core.internal.scanner.Scanner -- Filtering out resource: db/migration/ (filename: )
00:26:24.688 [pool-1-thread-4] INFO org.flywaydb.core.internal.schemahistory.JdbcTableSchemaHistory -- Schema history table "PUBLIC"."flyway_schema_history" does not exist yet
00:26:24.693 [pool-1-thread-4] INFO org.flywaydb.core.internal.command.DbValidate -- Successfully validated 4 migrations (execution time 00:00.029s)
00:26:24.699 [pool-1-thread-4] DEBUG org.flywaydb.core.internal.command.DbSchemas -- Skipping creation of existing schema: "PUBLIC"
00:26:24.704 [pool-1-thread-4] INFO org.flywaydb.core.internal.schemahistory.JdbcTableSchemaHistory -- Creating Schema History table "PUBLIC"."flyway_schema_history" ...
00:26:24.706 [pool-1-thread-4] DEBUG org.flywaydb.core.internal.parser.Parser -- Parsing  ...
00:26:24.720 [pool-1-thread-4] DEBUG org.flywaydb.core.internal.sqlscript.ParserSqlScript -- Found statement at line 1: CREATE TABLE IF NOT EXISTS "PUBLIC"."flyway_schema_history" (
    "installed_rank" INT NOT NULL,
    "version" VARCHAR(50),
    "description" VARCHAR(200) NOT NULL,
    "type" VARCHAR(20) NOT NULL,
    "script" VARCHAR(1000) NOT NULL,
    "checksum" INT,
    "installed_by" VARCHAR(100) NOT NULL,
    "installed_on" TIMESTAMP NOT NULL DEFAULT CURRENT_TIMESTAMP,
    "execution_time" INT NOT NULL,
    "success" BOOLEAN NOT NULL,
    CONSTRAINT "flyway_schema_history_pk" PRIMARY KEY ("installed_rank")
) AS SELECT -1, NULL, '<< Flyway Schema History table created >>', 'TABLE', '', NULL, 'SA', CURRENT_TIMESTAMP, 0, TRUE
00:26:24.720 [pool-1-thread-4] DEBUG org.flywaydb.core.internal.sqlscript.ParserSqlScript -- Found statement at line 14: CREATE INDEX "PUBLIC"."flyway_schema_history_s_idx" ON "PUBLIC"."flyway_schema_history" ("success")
00:26:24.720 [pool-1-thread-4] DEBUG org.flywaydb.core.internal.sqlscript.DefaultSqlScriptExecutor -- Executing SQL: CREATE TABLE IF NOT EXISTS "PUBLIC"."flyway_schema_history" (
    "installed_rank" INT NOT NULL,
    "version" VARCHAR(50),
    "description" VARCHAR(200) NOT NULL,
    "type" VARCHAR(20) NOT NULL,
    "script" VARCHAR(1000) NOT NULL,
    "checksum" INT,
    "installed_by" VARCHAR(100) NOT NULL,
    "installed_on" TIMESTAMP NOT NULL DEFAULT CURRENT_TIMESTAMP,
    "execution_time" INT NOT NULL,
    "success" BOOLEAN NOT NULL,
    CONSTRAINT "flyway_schema_history_pk" PRIMARY KEY ("installed_rank")
) AS SELECT -1, NULL, '<< Flyway Schema History table created >>', 'TABLE', '', NULL, 'SA', CURRENT_TIMESTAMP, 0, TRUE
00:26:24.724 [pool-1-thread-4] DEBUG org.flywaydb.core.internal.sqlscript.DefaultSqlScriptExecutor -- 0 rows affected
00:26:24.724 [pool-1-thread-4] DEBUG org.flywaydb.core.internal.sqlscript.DefaultSqlScriptExecutor -- Executing SQL: CREATE INDEX "PUBLIC"."flyway_schema_history_s_idx" ON "PUBLIC"."flyway_schema_history" ("success")
00:26:24.729 [pool-1-thread-4] DEBUG org.flywaydb.core.internal.sqlscript.DefaultSqlScriptExecutor -- 0 rows affected
00:26:24.731 [pool-1-thread-4] DEBUG org.flywaydb.core.internal.schemahistory.JdbcTableSchemaHistory -- Created Schema History table "PUBLIC"."flyway_schema_history"
00:26:24.743 [pool-1-thread-4] INFO org.flywaydb.core.internal.command.DbMigrate -- Current version of schema "PUBLIC": << Empty Schema >>
00:26:24.744 [pool-1-thread-4] DEBUG org.flywaydb.core.internal.parser.Parser -- Parsing V1__Create_tables.sql ...
00:26:24.746 [pool-1-thread-4] DEBUG org.flywaydb.core.internal.sqlscript.ParserSqlScript -- Found statement at line 4: -- The relationship between library dependency sources under .metals/readonly/**
-- and build targets they belong to. Required to know what classpath to use
-- for compiling dependency sources.
create table dependency_source(
  text_document_uri varchar primary key,
  build_target_uri varchar not null
)
00:26:24.747 [pool-1-thread-4] DEBUG org.flywaydb.core.internal.sqlscript.ParserSqlScript -- Found statement at line 12: -- The relationship between library dependency sources under .metals/readonly/**
-- and worksheets they belong to. Required to know what classpath to use
-- for compiling dependency sources.
create table worksheet_dependency_source(
  text_document_uri varchar primary key,
  worksheet_uri varchar not null
)
00:26:24.749 [pool-1-thread-4] DEBUG org.flywaydb.core.internal.sqlscript.ParserSqlScript -- Found statement at line 19: -- The relationship between what library dependency sources under .metals/readonly/**
-- map to which build targets.
create table sbt_digest(
  md5 varchar,
  status tinyint not null,
  when_recorded timestamp
)
00:26:24.750 [pool-1-thread-4] DEBUG org.flywaydb.core.internal.sqlscript.ParserSqlScript -- Found statement at line 27: -- Which window/showMessage and window/showMessageRequest dialogues have been dismissed
-- by the user via "Don't show again" or closed by clicking on "x".
create table dismissed_notification(
  id int,
  when_dismissed timestamp,
  when_expires timestamp
)
00:26:24.751 [pool-1-thread-4] DEBUG org.flywaydb.core.internal.sqlscript.ParserSqlScript -- Found statement at line 34: -- The choice of build tool when multiple build tool files are found in a workspace
create table chosen_build_tool(
  build_tool varchar primary key
)
00:26:24.753 [pool-1-thread-4] DEBUG org.flywaydb.core.internal.command.DbMigrate -- Starting migration of schema "PUBLIC" to version "1 - Create tables" ...
00:26:24.754 [pool-1-thread-4] INFO org.flywaydb.core.internal.command.DbMigrate -- Migrating schema "PUBLIC" to version "1 - Create tables"
00:26:24.755 [pool-1-thread-4] DEBUG org.flywaydb.core.internal.sqlscript.DefaultSqlScriptExecutor -- Executing SQL: -- The relationship between library dependency sources under .metals/readonly/**
-- and build targets they belong to. Required to know what classpath to use
-- for compiling dependency sources.
create table dependency_source(
  text_document_uri varchar primary key,
  build_target_uri varchar not null
)
00:26:24.756 [pool-1-thread-4] DEBUG org.flywaydb.core.internal.sqlscript.DefaultSqlScriptExecutor -- 0 rows affected
00:26:24.756 [pool-1-thread-4] DEBUG org.flywaydb.core.internal.sqlscript.DefaultSqlScriptExecutor -- Executing SQL: -- The relationship between library dependency sources under .metals/readonly/**
-- and worksheets they belong to. Required to know what classpath to use
-- for compiling dependency sources.
create table worksheet_dependency_source(
  text_document_uri varchar primary key,
  worksheet_uri varchar not null
)
00:26:24.757 [pool-1-thread-4] DEBUG org.flywaydb.core.internal.sqlscript.DefaultSqlScriptExecutor -- 0 rows affected
00:26:24.758 [pool-1-thread-4] DEBUG org.flywaydb.core.internal.sqlscript.DefaultSqlScriptExecutor -- Executing SQL: -- The relationship between what library dependency sources under .metals/readonly/**
-- map to which build targets.
create table sbt_digest(
  md5 varchar,
  status tinyint not null,
  when_recorded timestamp
)
00:26:24.759 [pool-1-thread-4] DEBUG org.flywaydb.core.internal.sqlscript.DefaultSqlScriptExecutor -- 0 rows affected
00:26:24.759 [pool-1-thread-4] DEBUG org.flywaydb.core.internal.sqlscript.DefaultSqlScriptExecutor -- Executing SQL: -- Which window/showMessage and window/showMessageRequest dialogues have been dismissed
-- by the user via "Don't show again" or closed by clicking on "x".
create table dismissed_notification(
  id int,
  when_dismissed timestamp,
  when_expires timestamp
)
00:26:24.759 [pool-1-thread-4] DEBUG org.flywaydb.core.internal.sqlscript.DefaultSqlScriptExecutor -- 0 rows affected
00:26:24.759 [pool-1-thread-4] DEBUG org.flywaydb.core.internal.sqlscript.DefaultSqlScriptExecutor -- Executing SQL: -- The choice of build tool when multiple build tool files are found in a workspace
create table chosen_build_tool(
  build_tool varchar primary key
)
00:26:24.761 [pool-1-thread-4] DEBUG org.flywaydb.core.internal.sqlscript.DefaultSqlScriptExecutor -- 0 rows affected
00:26:24.761 [pool-1-thread-4] DEBUG org.flywaydb.core.internal.command.DbMigrate -- Successfully completed migration of schema "PUBLIC" to version "1 - Create tables"
00:26:24.764 [pool-1-thread-4] DEBUG org.flywaydb.core.internal.schemahistory.JdbcTableSchemaHistory -- Schema History table "PUBLIC"."flyway_schema_history" successfully updated to reflect changes
00:26:24.769 [pool-1-thread-4] DEBUG org.flywaydb.core.internal.parser.Parser -- Parsing V2__Server_discovery.sql ...
00:26:24.771 [pool-1-thread-4] DEBUG org.flywaydb.core.internal.sqlscript.ParserSqlScript -- Found statement at line 4: -- For each unique combination of installed build servers we select one server.
-- The md5 checksum is computed from the names of the installed build servers, and
-- the selected server is the server which the user chose for this workspace.
create table chosen_build_server(
  md5 varchar primary key,
  selected_server varchar,
  when_recorded timestamp
)
00:26:24.771 [pool-1-thread-4] DEBUG org.flywaydb.core.internal.command.DbMigrate -- Starting migration of schema "PUBLIC" to version "2 - Server discovery" ...
00:26:24.772 [pool-1-thread-4] INFO org.flywaydb.core.internal.command.DbMigrate -- Migrating schema "PUBLIC" to version "2 - Server discovery"
00:26:24.772 [pool-1-thread-4] DEBUG org.flywaydb.core.internal.sqlscript.DefaultSqlScriptExecutor -- Executing SQL: -- For each unique combination of installed build servers we select one server.
-- The md5 checksum is computed from the names of the installed build servers, and
-- the selected server is the server which the user chose for this workspace.
create table chosen_build_server(
  md5 varchar primary key,
  selected_server varchar,
  when_recorded timestamp
)
00:26:24.773 [pool-1-thread-4] DEBUG org.flywaydb.core.internal.sqlscript.DefaultSqlScriptExecutor -- 0 rows affected
00:26:24.773 [pool-1-thread-4] DEBUG org.flywaydb.core.internal.command.DbMigrate -- Successfully completed migration of schema "PUBLIC" to version "2 - Server discovery"
00:26:24.774 [pool-1-thread-4] DEBUG org.flywaydb.core.internal.schemahistory.JdbcTableSchemaHistory -- Schema History table "PUBLIC"."flyway_schema_history" successfully updated to reflect changes
00:26:24.776 [pool-1-thread-4] DEBUG org.flywaydb.core.internal.parser.Parser -- Parsing V3__Jar_symbols.sql ...
00:26:24.777 [pool-1-thread-4] DEBUG org.flywaydb.core.internal.sqlscript.ParserSqlScript -- Found statement at line 2: -- Indexed jars, the MD5 digest of path, modified time and size as key
create table indexed_jar(
  id int auto_increment unique,
  md5 varchar primary key
)
00:26:24.777 [pool-1-thread-4] DEBUG org.flywaydb.core.internal.sqlscript.ParserSqlScript -- Found statement at line 7: -- Top Level Symbols per jar, allow for multiple jars with same symbols and paths
create table toplevel_symbol(
  symbol varchar not null,
  path varchar not null,
  jar int,
  foreign key (jar) references indexed_jar (id) on delete cascade,
  primary key (jar, path, symbol)
)
00:26:24.778 [pool-1-thread-4] DEBUG org.flywaydb.core.internal.sqlscript.ParserSqlScript -- Found statement at line 15: -- Create index to speedup lookup of jar symbols
create index toplevel_symbol_jar on toplevel_symbol(jar)
00:26:24.778 [pool-1-thread-4] DEBUG org.flywaydb.core.internal.command.DbMigrate -- Starting migration of schema "PUBLIC" to version "3 - Jar symbols" ...
00:26:24.779 [pool-1-thread-4] INFO org.flywaydb.core.internal.command.DbMigrate -- Migrating schema "PUBLIC" to version "3 - Jar symbols"
00:26:24.779 [pool-1-thread-4] DEBUG org.flywaydb.core.internal.sqlscript.DefaultSqlScriptExecutor -- Executing SQL: -- Indexed jars, the MD5 digest of path, modified time and size as key
create table indexed_jar(
  id int auto_increment unique,
  md5 varchar primary key
)
00:26:24.783 [pool-1-thread-4] DEBUG org.flywaydb.core.internal.sqlscript.DefaultSqlScriptExecutor -- 0 rows affected
00:26:24.783 [pool-1-thread-4] DEBUG org.flywaydb.core.internal.sqlscript.DefaultSqlScriptExecutor -- Executing SQL: -- Top Level Symbols per jar, allow for multiple jars with same symbols and paths
create table toplevel_symbol(
  symbol varchar not null,
  path varchar not null,
  jar int,
  foreign key (jar) references indexed_jar (id) on delete cascade,
  primary key (jar, path, symbol)
)
00:26:24.786 [pool-1-thread-4] DEBUG org.flywaydb.core.internal.sqlscript.DefaultSqlScriptExecutor -- 0 rows affected
00:26:24.787 [pool-1-thread-4] DEBUG org.flywaydb.core.internal.sqlscript.DefaultSqlScriptExecutor -- Executing SQL: -- Create index to speedup lookup of jar symbols
create index toplevel_symbol_jar on toplevel_symbol(jar)
00:26:24.787 [pool-1-thread-4] DEBUG org.flywaydb.core.internal.sqlscript.DefaultSqlScriptExecutor -- 0 rows affected
00:26:24.787 [pool-1-thread-4] DEBUG org.flywaydb.core.internal.command.DbMigrate -- Successfully completed migration of schema "PUBLIC" to version "3 - Jar symbols"
00:26:24.788 [pool-1-thread-4] DEBUG org.flywaydb.core.internal.schemahistory.JdbcTableSchemaHistory -- Schema History table "PUBLIC"."flyway_schema_history" successfully updated to reflect changes
00:26:24.790 [pool-1-thread-4] DEBUG org.flywaydb.core.internal.parser.Parser -- Parsing V4__Fingerprints.sql ...
00:26:24.791 [pool-1-thread-4] DEBUG org.flywaydb.core.internal.sqlscript.ParserSqlScript -- Found statement at line 2: -- Fingerprints saved between invocations
create table fingerprints(
  path varchar not null,
  text varchar not null,
  md5 varchar not null,
  id int auto_increment unique
)
00:26:24.791 [pool-1-thread-4] DEBUG org.flywaydb.core.internal.command.DbMigrate -- Starting migration of schema "PUBLIC" to version "4 - Fingerprints" ...
00:26:24.791 [pool-1-thread-4] INFO org.flywaydb.core.internal.command.DbMigrate -- Migrating schema "PUBLIC" to version "4 - Fingerprints"
00:26:24.791 [pool-1-thread-4] DEBUG org.flywaydb.core.internal.sqlscript.DefaultSqlScriptExecutor -- Executing SQL: -- Fingerprints saved between invocations
create table fingerprints(
  path varchar not null,
  text varchar not null,
  md5 varchar not null,
  id int auto_increment unique
)
00:26:24.793 [pool-1-thread-4] DEBUG org.flywaydb.core.internal.sqlscript.DefaultSqlScriptExecutor -- 0 rows affected
00:26:24.793 [pool-1-thread-4] DEBUG org.flywaydb.core.internal.command.DbMigrate -- Successfully completed migration of schema "PUBLIC" to version "4 - Fingerprints"
00:26:24.794 [pool-1-thread-4] DEBUG org.flywaydb.core.internal.schemahistory.JdbcTableSchemaHistory -- Schema History table "PUBLIC"."flyway_schema_history" successfully updated to reflect changes
00:26:24.799 [pool-1-thread-4] INFO org.flywaydb.core.internal.command.DbMigrate -- Successfully applied 4 migrations to schema "PUBLIC", now at version v4 (execution time 00:00.019s)
00:26:24.825 [pool-1-thread-4] DEBUG org.flywaydb.core.FlywayExecutor -- Memory usage: 34 of 100M
2024.03.25 00:26:25 WARN  Build server is not auto-connectable.
2024.03.25 00:40:37 INFO  no build target found for /Users/neka/Projects/one-percent/src/test/scala/example/HelloSpec.scala. Using presentation compiler with project's scala-library version: 3.3.1
2024.03.25 00:40:39 INFO  time: code lens generation in 8.33s
Mar 25, 2024 12:40:39 AM org.eclipse.lsp4j.jsonrpc.RemoteEndpoint handleCancellation
WARNING: Unmatched cancel notification for request id 11
Mar 25, 2024 12:40:39 AM org.eclipse.lsp4j.jsonrpc.RemoteEndpoint handleCancellation
WARNING: Unmatched cancel notification for request id 13
Mar 25, 2024 12:40:39 AM org.eclipse.lsp4j.jsonrpc.RemoteEndpoint handleCancellation
WARNING: Unmatched cancel notification for request id 18
2024.03.25 00:41:28 WARN  Could not find semantic tokens for: file:///Users/neka/Projects/one-percent/project/metals.sbt
2024.03.25 01:29:47 WARN  no build target for: /Users/neka/Projects/one-percent/src/main/scala/game/Hello.scala
2024.03.25 01:31:57 WARN  Could not find semantic tokens for: file:///Users/neka/Projects/one-percent/src/main/scala/game/DataLoader.scala
2024.03.25 01:32:02 WARN  no build target for: /Users/neka/Projects/one-percent/src/main/scala/game/DataLoader.scala
2024.03.25 01:32:09 WARN  no build target for: /Users/neka/Projects/one-percent/src/main/scala/game/DataLoader.scala
2024.03.25 01:33:10 WARN  no build target for: /Users/neka/Projects/one-percent/src/main/scala/game/DataLoader.scala
2024.03.25 01:33:11 WARN  no build target for: /Users/neka/Projects/one-percent/src/main/scala/game/DataLoader.scala
2024.03.25 01:33:10 WARN  no build target for: /Users/neka/Projects/one-percent/src/main/scala/game/DataLoader.scala
2024.03.25 01:33:22 WARN  no build target for: /Users/neka/Projects/one-percent/src/main/scala/game/Game.scala
2024.03.25 01:33:31 WARN  no build target for: /Users/neka/Projects/one-percent/src/main/scala/game/Game.scala
2024.03.25 01:34:12 WARN  no build target for: /Users/neka/Projects/one-percent/src/main/scala/game/Game.scala
2024.03.25 01:34:14 WARN  no build target for: /Users/neka/Projects/one-percent/src/main/scala/game/Game.scala
Mar 25, 2024 1:34:15 AM org.eclipse.lsp4j.jsonrpc.RemoteEndpoint handleCancellation
WARNING: Unmatched cancel notification for request id 294
2024.03.25 01:34:52 WARN  no build target for: /Users/neka/Projects/one-percent/src/main/scala/game/Game.scala
2024.03.25 01:36:34 WARN  no build target for: /Users/neka/Projects/one-percent/src/main/scala/game/Game.scala
2024.03.25 01:36:51 WARN  no build target for: /Users/neka/Projects/one-percent/src/main/scala/game/Game.scala
2024.03.25 01:38:12 WARN  no build target for: /Users/neka/Projects/one-percent/src/main/scala/game/Game.scala
2024.03.25 01:39:05 WARN  no build target for: /Users/neka/Projects/one-percent/src/main/scala/game/Game.scala
Mar 25, 2024 1:39:20 AM org.eclipse.lsp4j.jsonrpc.RemoteEndpoint handleCancellation
WARNING: Unmatched cancel notification for request id 404
Mar 25, 2024 1:39:50 AM org.eclipse.lsp4j.jsonrpc.RemoteEndpoint handleCancellation
WARNING: Unmatched cancel notification for request id 413
2024.03.25 01:40:12 WARN  no build target for: /Users/neka/Projects/one-percent/src/main/scala/game/Game.scala
2024.03.25 01:40:14 WARN  no build target for: /Users/neka/Projects/one-percent/src/main/scala/game/Game.scala
2024.03.25 01:40:15 WARN  no build target for: /Users/neka/Projects/one-percent/src/main/scala/game/Game.scala
2024.03.25 01:42:45 WARN  no build target for: /Users/neka/Projects/one-percent/src/main/scala/game/Game.scala
2024.03.25 01:42:46 WARN  no build target for: /Users/neka/Projects/one-percent/src/main/scala/game/Game.scala
2024.03.25 01:42:51 WARN  no build target for: /Users/neka/Projects/one-percent/src/main/scala/game/Game.scala
2024.03.25 01:42:52 WARN  no build target for: /Users/neka/Projects/one-percent/src/main/scala/game/Game.scala
2024.03.25 01:43:15 WARN  Could not find semantic tokens for: file:///Users/neka/Projects/one-percent/src/main/scala/game/DataLoader.scala
2024.03.25 01:43:20 WARN  Could not find semantic tokens for: file:///Users/neka/Projects/one-percent/src/main/scala/game/DataLoader.scala
2024.03.25 01:43:20 WARN  Could not find semantic tokens for: file:///Users/neka/Projects/one-percent/src/main/scala/game/DataLoader.scala
2024.03.25 01:43:21 WARN  Could not find semantic tokens for: file:///Users/neka/Projects/one-percent/src/main/scala/game/DataLoader.scala
2024.03.25 01:43:25 WARN  no build target for: /Users/neka/Projects/one-percent/src/main/scala/game/DataLoader.scala
2024.03.25 01:43:41 WARN  no build target for: /Users/neka/Projects/one-percent/src/main/scala/game/DataLoader.scala
2024.03.25 01:43:42 WARN  no build target for: /Users/neka/Projects/one-percent/src/main/scala/game/DataLoader.scala
2024.03.25 01:43:43 WARN  no build target for: /Users/neka/Projects/one-percent/src/main/scala/game/DataLoader.scala
Mar 25, 2024 1:43:49 AM org.eclipse.lsp4j.jsonrpc.RemoteEndpoint handleCancellation
WARNING: Unmatched cancel notification for request id 627
Mar 25, 2024 1:43:51 AM org.eclipse.lsp4j.jsonrpc.RemoteEndpoint handleCancellation
WARNING: Unmatched cancel notification for request id 641
Mar 25, 2024 1:43:53 AM org.eclipse.lsp4j.jsonrpc.RemoteEndpoint handleCancellation
WARNING: Unmatched cancel notification for request id 655
2024.03.25 01:44:04 WARN  no build target for: /Users/neka/Projects/one-percent/src/main/scala/game/Game.scala
2024.03.25 01:44:05 WARN  no build target for: /Users/neka/Projects/one-percent/src/main/scala/game/Game.scala
2024.03.25 01:45:48 WARN  no build target for: /Users/neka/Projects/one-percent/src/Player.scala
2024.03.25 01:45:58 WARN  Could not find semantic tokens for: file:///Users/neka/Projects/one-percent/src/main/scala/game/Player.scala
2024.03.25 01:46:01 WARN  no build target for: /Users/neka/Projects/one-percent/src/main/scala/game/Player.scala
2024.03.25 01:46:04 WARN  no build target for: /Users/neka/Projects/one-percent/src/main/scala/game/Player.scala
2024.03.25 01:46:05 WARN  no build target for: /Users/neka/Projects/one-percent/src/main/scala/game/Player.scala
2024.03.25 01:46:06 WARN  no build target for: /Users/neka/Projects/one-percent/src/main/scala/game/Player.scala
2024.03.25 01:46:15 WARN  no build target for: /Users/neka/Projects/one-percent/src/main/scala/game/Player.scala
2024.03.25 01:46:16 WARN  no build target for: /Users/neka/Projects/one-percent/src/main/scala/game/Player.scala
2024.03.25 01:46:27 WARN  no build target for: /Users/neka/Projects/one-percent/src/main/scala/game/Classes.scala
2024.03.25 01:46:28 WARN  no build target for: /Users/neka/Projects/one-percent/src/main/scala/game/Classes.scala
2024.03.25 01:46:44 WARN  no build target for: /Users/neka/Projects/one-percent/src/main/scala/game/Game.scala
2024.03.25 01:47:21 WARN  no build target for: /Users/neka/Projects/one-percent/src/main/scala/game/Game.scala
2024.03.25 01:47:24 WARN  no build target for: /Users/neka/Projects/one-percent/src/main/scala/game/Game.scala
Mar 25, 2024 1:47:28 AM org.eclipse.lsp4j.jsonrpc.RemoteEndpoint handleCancellation
WARNING: Unmatched cancel notification for request id 931
2024.03.25 01:49:25 WARN  no build target for: /Users/neka/Projects/one-percent/src/main/scala/game/Classes.scala
2024.03.25 01:49:25 WARN  no build target for: /Users/neka/Projects/one-percent/src/main/scala/game/Classes.scala
2024.03.25 01:49:26 WARN  no build target for: /Users/neka/Projects/one-percent/src/main/scala/game/Classes.scala
2024.03.25 01:49:38 WARN  no build target for: /Users/neka/Projects/one-percent/src/main/scala/game/DataLoader.scala
Mar 25, 2024 1:50:36 AM org.eclipse.lsp4j.jsonrpc.RemoteEndpoint handleCancellation
WARNING: Unmatched cancel notification for request id 1047
2024.03.25 01:50:36 WARN  no build target for: /Users/neka/Projects/one-percent/src/main/scala/game/DataLoader.scala
2024.03.25 01:50:53 WARN  no build target for: /Users/neka/Projects/one-percent/src/main/scala/game/Game.scala
2024.03.25 01:50:56 WARN  no build target for: /Users/neka/Projects/one-percent/src/main/scala/game/Game.scala
2024.03.25 01:50:57 WARN  no build target for: /Users/neka/Projects/one-percent/src/main/scala/game/Game.scala
Mar 25, 2024 1:51:31 AM org.eclipse.lsp4j.jsonrpc.RemoteEndpoint handleCancellation
WARNING: Unmatched cancel notification for request id 1108
2024.03.25 01:52:28 WARN  no build target for: /Users/neka/Projects/one-percent/src/main/scala/game/Game.scala
2024.03.25 01:52:36 WARN  no build target for: /Users/neka/Projects/one-percent/src/main/scala/game/Game.scala
2024.03.25 01:52:39 WARN  no build target for: /Users/neka/Projects/one-percent/src/main/scala/game/Game.scala
2024.03.25 01:52:42 WARN  no build target for: /Users/neka/Projects/one-percent/src/main/scala/game/Game.scala
2024.03.25 01:52:45 WARN  no build target for: /Users/neka/Projects/one-percent/src/main/scala/game/Game.scala
2024.03.25 01:52:48 WARN  no build target for: /Users/neka/Projects/one-percent/src/main/scala/game/Game.scala
2024.03.25 01:52:50 WARN  no build target for: /Users/neka/Projects/one-percent/src/main/scala/game/Game.scala
2024.03.25 01:53:17 WARN  no build target for: /Users/neka/Projects/one-percent/src/main/scala/game/Game.scala
2024.03.25 01:53:23 WARN  no build target for: /Users/neka/Projects/one-percent/src/main/scala/game/Game.scala
2024.03.25 01:53:25 WARN  no build target for: /Users/neka/Projects/one-percent/src/main/scala/game/Classes.scala
2024.03.25 01:53:25 WARN  no build target for: /Users/neka/Projects/one-percent/src/main/scala/game/Classes.scala
2024.03.25 01:53:26 WARN  no build target for: /Users/neka/Projects/one-percent/src/main/scala/game/DataLoader.scala
Mar 25, 2024 1:53:26 AM org.eclipse.lsp4j.jsonrpc.RemoteEndpoint handleCancellation
WARNING: Unmatched cancel notification for request id 1298
2024.03.25 01:53:48 WARN  no build target for: /Users/neka/Projects/one-percent/src/main/scala/game/Game.scala
2024.03.25 01:54:52 WARN  no build target for: /Users/neka/Projects/one-percent/src/main/scala/game/Game.scala
2024.03.25 01:54:59 WARN  no build target for: /Users/neka/Projects/one-percent/src/main/scala/game/Game.scala
2024.03.25 01:55:01 WARN  no build target for: /Users/neka/Projects/one-percent/src/main/scala/game/Game.scala
2024.03.25 01:55:02 WARN  no build target for: /Users/neka/Projects/one-percent/src/main/scala/game/Game.scala
2024.03.25 01:56:12 WARN  no build target for: /Users/neka/Projects/one-percent/src/main/scala/game/Game.scala
2024.03.25 01:56:15 WARN  no build target for: /Users/neka/Projects/one-percent/src/main/scala/game/Game.scala
2024.03.25 01:56:17 WARN  no build target for: /Users/neka/Projects/one-percent/src/main/scala/game/Game.scala
2024.03.25 01:56:19 WARN  no build target for: /Users/neka/Projects/one-percent/src/main/scala/game/Game.scala
Mar 25, 2024 1:56:19 AM org.eclipse.lsp4j.jsonrpc.RemoteEndpoint handleCancellation
WARNING: Unmatched cancel notification for request id 1416
2024.03.25 01:56:27 WARN  no build target for: /Users/neka/Projects/one-percent/src/main/scala/game/Game.scala
2024.03.25 01:57:15 WARN  Could not find semantic tokens for: file:///Users/neka/Projects/one-percent/src/main/scala/game/Game.scala
2024.03.25 01:57:16 WARN  Could not find semantic tokens for: file:///Users/neka/Projects/one-percent/src/main/scala/game/Game.scala
2024.03.25 01:57:18 WARN  no build target for: /Users/neka/Projects/one-percent/src/main/scala/game/Game.scala
2024.03.25 01:57:19 WARN  no build target for: /Users/neka/Projects/one-percent/src/main/scala/game/Game.scala
2024.03.25 01:58:55 WARN  no build target for: /Users/neka/Projects/one-percent/src/main/scala/game/Game.scala
2024.03.25 01:59:10 WARN  no build target for: /Users/neka/Projects/one-percent/src/main/scala/game/Game.scala
2024.03.25 01:59:12 WARN  no build target for: /Users/neka/Projects/one-percent/src/main/scala/game/Game.scala
2024.03.25 01:59:34 WARN  no build target for: /Users/neka/Projects/one-percent/src/main/scala/game/Game.scala
2024.03.25 01:59:36 WARN  no build target for: /Users/neka/Projects/one-percent/src/main/scala/game/Game.scala
Mar 25, 2024 1:59:38 AM org.eclipse.lsp4j.jsonrpc.RemoteEndpoint handleCancellation
WARNING: Unmatched cancel notification for request id 1583
2024.03.25 01:59:38 WARN  no build target for: /Users/neka/Projects/one-percent/src/main/scala/game/Game.scala
2024.03.25 02:01:29 WARN  no build target for: /Users/neka/Projects/one-percent/src/main/scala/game/Game.scala
2024.03.25 02:01:44 WARN  no build target for: /Users/neka/Projects/one-percent/src/main/scala/game/Game.scala
2024.03.25 02:01:44 WARN  Using indexes to guess the definition of answer
2024.03.25 02:02:06 WARN  no build target for: /Users/neka/Projects/one-percent/src/main/scala/game/Game.scala
2024.03.25 02:02:09 WARN  no build target for: /Users/neka/Projects/one-percent/src/main/scala/game/Game.scala
2024.03.25 02:02:44 WARN  no build target for: /Users/neka/Projects/one-percent/src/main/scala/game/Game.scala
2024.03.25 02:02:47 WARN  no build target for: /Users/neka/Projects/one-percent/src/main/scala/game/Game.scala
2024.03.25 02:02:52 WARN  no build target for: /Users/neka/Projects/one-percent/src/main/scala/game/Game.scala
2024.03.25 02:02:54 WARN  no build target for: /Users/neka/Projects/one-percent/src/main/scala/game/Game.scala
2024.03.25 02:03:13 WARN  no build target for: /Users/neka/Projects/one-percent/src/main/scala/game/Game.scala
2024.03.25 02:03:14 WARN  no build target for: /Users/neka/Projects/one-percent/src/main/scala/game/Game.scala
2024.03.25 02:03:28 WARN  no build target for: /Users/neka/Projects/one-percent/src/main/scala/game/Game.scala
2024.03.25 02:03:51 WARN  Using indexes to guess the definition of loadQuestions
2024.03.25 02:04:53 WARN  no build target for: /Users/neka/Projects/one-percent/src/main/scala/game/Game.scala
2024.03.25 02:07:11 WARN  no build target for: /Users/neka/Projects/one-percent/src/main/scala/game/Game.scala
2024.03.25 02:08:31 WARN  no build target for: /Users/neka/Projects/one-percent/src/main/scala/game/Game.scala
2024.03.25 02:08:33 WARN  no build target for: /Users/neka/Projects/one-percent/src/main/scala/game/Game.scala
2024.03.25 02:08:54 WARN  no build target for: /Users/neka/Projects/one-percent/src/main/scala/game/Game.scala
2024.03.25 02:09:52 WARN  no build target for: /Users/neka/Projects/one-percent/src/main/scala/game/Game.scala
2024.03.25 02:09:54 WARN  no build target for: /Users/neka/Projects/one-percent/src/main/scala/game/Game.scala
2024.03.25 02:09:56 WARN  no build target for: /Users/neka/Projects/one-percent/src/main/scala/game/Game.scala
Mar 25, 2024 2:09:59 AM org.eclipse.lsp4j.jsonrpc.RemoteEndpoint handleCancellation
WARNING: Unmatched cancel notification for request id 1939
Mar 25, 2024 2:10:05 AM org.eclipse.lsp4j.jsonrpc.RemoteEndpoint handleCancellation
WARNING: Unmatched cancel notification for request id 1961
2024.03.25 02:10:15 WARN  Could not find semantic tokens for: file:///Users/neka/Projects/one-percent/src/main/scala/game/Player.scala
2024.03.25 02:10:20 WARN  Could not find semantic tokens for: file:///Users/neka/Projects/one-percent/src/main/scala/game/Player.scala
2024.03.25 02:10:22 WARN  no build target for: /Users/neka/Projects/one-percent/src/main/scala/game/Player.scala
2024.03.25 02:10:26 WARN  no build target for: /Users/neka/Projects/one-percent/src/main/scala/game/Player.scala
2024.03.25 02:10:28 WARN  no build target for: /Users/neka/Projects/one-percent/src/main/scala/game/Player.scala
2024.03.25 02:10:36 WARN  no build target for: /Users/neka/Projects/one-percent/src/main/scala/game/Question.scala
2024.03.25 02:10:53 WARN  no build target for: /Users/neka/Projects/one-percent/src/main/scala/game/Game.scala
2024.03.25 02:10:58 WARN  no build target for: /Users/neka/Projects/one-percent/src/main/scala/game/Game.scala
2024.03.25 02:11:03 WARN  no build target for: /Users/neka/Projects/one-percent/src/main/scala/game/Game.scala
2024.03.25 02:11:05 WARN  no build target for: /Users/neka/Projects/one-percent/src/main/scala/game/Game.scala
2024.03.25 02:11:37 WARN  no build target for: /Users/neka/Projects/one-percent/src/main/scala/game/Game.scala
Mar 25, 2024 2:11:42 AM org.eclipse.lsp4j.jsonrpc.RemoteEndpoint handleCancellation
WARNING: Unmatched cancel notification for request id 2162
2024.03.25 02:11:45 WARN  no build target for: /Users/neka/Projects/one-percent/src/main/scala/game/Game.scala
Mar 25, 2024 2:15:00 AM org.eclipse.lsp4j.jsonrpc.RemoteEndpoint handleCancellation
WARNING: Unmatched cancel notification for request id 2213
Mar 25, 2024 2:18:09 AM org.eclipse.lsp4j.jsonrpc.RemoteEndpoint handleCancellation
WARNING: Unmatched cancel notification for request id 2262
2024.03.25 02:18:11 WARN  no build target for: /Users/neka/Projects/one-percent/src/main/scala/game/DataLoader.scala
2024.03.25 02:18:13 WARN  no build target for: /Users/neka/Projects/one-percent/src/main/scala/game/DataLoader.scala
2024.03.25 02:18:19 WARN  no build target for: /Users/neka/Projects/one-percent/src/main/scala/game/DataLoader.scala
2024.03.25 02:18:29 WARN  no build target for: /Users/neka/Projects/one-percent/src/main/scala/game/DataLoader.scala
2024.03.25 02:18:31 WARN  no build target for: /Users/neka/Projects/one-percent/src/main/scala/game/DataLoader.scala
2024.03.25 02:18:35 WARN  Using indexes to guess the definition of Question
2024.03.25 02:18:38 WARN  no build target for: /Users/neka/Projects/one-percent/src/main/scala/game/DataLoader.scala
2024.03.25 02:18:47 WARN  no build target for: /Users/neka/Projects/one-percent/src/main/scala/game/DataLoader.scala
2024.03.25 02:18:50 WARN  no build target for: /Users/neka/Projects/one-percent/src/main/scala/game/DataLoader.scala
2024.03.25 02:18:52 WARN  no build target for: /Users/neka/Projects/one-percent/src/main/scala/game/DataLoader.scala
2024.03.25 02:18:54 WARN  no build target for: /Users/neka/Projects/one-percent/src/main/scala/game/DataLoader.scala
2024.03.25 02:18:56 WARN  no build target for: /Users/neka/Projects/one-percent/src/main/scala/game/DataLoader.scala
2024.03.25 02:18:59 WARN  no build target for: /Users/neka/Projects/one-percent/src/main/scala/game/DataLoader.scala
2024.03.25 02:19:01 WARN  no build target for: /Users/neka/Projects/one-percent/src/main/scala/game/DataLoader.scala
2024.03.25 02:19:08 WARN  no build target for: /Users/neka/Projects/one-percent/src/main/scala/game/DataLoader.scala
2024.03.25 02:19:11 WARN  no build target for: /Users/neka/Projects/one-percent/src/main/scala/game/DataLoader.scala
2024.03.25 02:19:12 WARN  no build target for: /Users/neka/Projects/one-percent/src/main/scala/game/DataLoader.scala
2024.03.25 02:19:34 WARN  no build target for: /Users/neka/Projects/one-percent/src/main/scala/game/DataLoader.scala
2024.03.25 02:19:42 WARN  no build target for: /Users/neka/Projects/one-percent/src/main/scala/game/DataLoader.scala
2024.03.25 02:20:02 WARN  no build target for: /Users/neka/Projects/one-percent/src/main/scala/game/DataLoader.scala
2024.03.25 02:20:17 WARN  no build target for: /Users/neka/Projects/one-percent/src/main/scala/game/DataLoader.scala
2024.03.25 02:20:21 WARN  no build target for: /Users/neka/Projects/one-percent/src/main/scala/game/DataLoader.scala
2024.03.25 02:22:02 WARN  no build target for: /Users/neka/Projects/one-percent/src/main/scala/game/DataLoader.scala
2024.03.25 02:22:24 WARN  no build target for: /Users/neka/Projects/one-percent/src/main/scala/game/DataLoader.scala
2024.03.25 02:22:30 WARN  no build target for: /Users/neka/Projects/one-percent/src/main/scala/game/DataLoader.scala
2024.03.25 02:22:39 WARN  no build target for: /Users/neka/Projects/one-percent/src/main/scala/game/DataLoader.scala
2024.03.25 02:22:41 WARN  no build target for: /Users/neka/Projects/one-percent/src/main/scala/game/DataLoader.scala
2024.03.25 02:22:43 WARN  no build target for: /Users/neka/Projects/one-percent/src/main/scala/game/DataLoader.scala
2024.03.25 02:23:00 WARN  no build target for: /Users/neka/Projects/one-percent/src/main/scala/game/DataLoader.scala
2024.03.25 02:23:01 WARN  no build target for: /Users/neka/Projects/one-percent/src/main/scala/game/DataLoader.scala
Mar 25, 2024 2:24:09 AM org.eclipse.lsp4j.jsonrpc.RemoteEndpoint handleCancellation
WARNING: Unmatched cancel notification for request id 2740
Mar 25, 2024 2:24:10 AM org.eclipse.lsp4j.jsonrpc.RemoteEndpoint handleCancellation
WARNING: Unmatched cancel notification for request id 2748
2024.03.25 02:25:09 WARN  no build target for: /Users/neka/Projects/one-percent/src/main/scala/game/DataLoader.scala
2024.03.25 02:25:19 WARN  no build target for: /Users/neka/Projects/one-percent/src/main/scala/game/DataLoader.scala
2024.03.25 02:25:20 WARN  no build target for: /Users/neka/Projects/one-percent/src/main/scala/game/DataLoader.scala
2024.03.25 02:25:21 WARN  no build target for: /Users/neka/Projects/one-percent/src/main/scala/game/DataLoader.scala
2024.03.25 02:26:18 WARN  no build target for: /Users/neka/Projects/one-percent/src/main/scala/game/DataLoader.scala
Mar 25, 2024 2:26:44 AM org.eclipse.lsp4j.jsonrpc.RemoteEndpoint handleCancellation
WARNING: Unmatched cancel notification for request id 2845
Mar 25, 2024 2:28:34 AM org.eclipse.lsp4j.jsonrpc.RemoteEndpoint handleCancellation
WARNING: Unmatched cancel notification for request id 2854
2024.03.25 02:28:46 WARN  no build target for: /Users/neka/Projects/one-percent/src/main/scala/game/DataLoader.scala
2024.03.25 02:28:49 WARN  no build target for: /Users/neka/Projects/one-percent/src/main/scala/game/DataLoader.scala
2024.03.25 02:28:55 WARN  no build target for: /Users/neka/Projects/one-percent/src/main/scala/game/DataLoader.scala
2024.03.25 02:30:31 INFO  Shutting down server
2024.03.25 02:30:31 INFO  shutting down Metals
2024.03.25 02:30:31 INFO  Exiting server
2024.03.25 15:26:19 INFO  Started: Metals version 1.2.2 in folders '/Users/neka/Projects/one-percent' for client Visual Studio Code 1.87.2.
15:26:20.225 [pool-1-thread-7] INFO org.flywaydb.core.internal.license.VersionPrinter -- Flyway Community Edition 9.22.3 by Redgate
15:26:20.230 [pool-1-thread-7] INFO org.flywaydb.core.internal.license.VersionPrinter -- See release notes here: https://rd.gt/416ObMi
15:26:20.230 [pool-1-thread-7] INFO org.flywaydb.core.internal.license.VersionPrinter -- 
15:26:20.235 [pool-1-thread-7] DEBUG org.flywaydb.core.internal.scanner.classpath.ClassPathScanner -- Scanning for classpath resources at 'classpath:db/callback' ...
15:26:20.236 [pool-1-thread-7] DEBUG org.flywaydb.core.internal.scanner.classpath.ClassPathScanner -- Determining location urls for classpath:db/callback using ClassLoader jdk.internal.loader.ClassLoaders$AppClassLoader@531d72ca ...
15:26:20.236 [pool-1-thread-7] DEBUG org.flywaydb.core.internal.scanner.classpath.ClassPathScanner -- Unable to resolve location classpath:db/callback.
15:26:20.236 [pool-1-thread-7] DEBUG org.flywaydb.core.internal.scanner.classpath.ClassPathScanner -- Scanning for classpath resources at 'classpath:db/migration' ...
15:26:20.236 [pool-1-thread-7] DEBUG org.flywaydb.core.internal.scanner.classpath.ClassPathScanner -- Determining location urls for classpath:db/migration using ClassLoader jdk.internal.loader.ClassLoaders$AppClassLoader@531d72ca ...
15:26:20.237 [pool-1-thread-7] DEBUG org.flywaydb.core.internal.scanner.classpath.ClassPathScanner -- Scanning URL: jar:file:/Users/neka/Library/Caches/Coursier/v1/https/repo1.maven.org/maven2/org/scalameta/metals_2.13/1.2.2/metals_2.13-1.2.2.jar!/db/migration
15:26:20.242 [pool-1-thread-7] DEBUG org.flywaydb.core.internal.scanner.classpath.ClassPathScanner -- Found resource: db/migration/
15:26:20.242 [pool-1-thread-7] DEBUG org.flywaydb.core.internal.scanner.classpath.ClassPathScanner -- Found resource: db/migration/V1__Create_tables.sql
15:26:20.243 [pool-1-thread-7] DEBUG org.flywaydb.core.internal.scanner.classpath.ClassPathScanner -- Found resource: db/migration/V2__Server_discovery.sql
15:26:20.243 [pool-1-thread-7] DEBUG org.flywaydb.core.internal.scanner.classpath.ClassPathScanner -- Found resource: db/migration/V3__Jar_symbols.sql
15:26:20.243 [pool-1-thread-7] DEBUG org.flywaydb.core.internal.scanner.classpath.ClassPathScanner -- Found resource: db/migration/V4__Fingerprints.sql
15:26:20.243 [pool-1-thread-7] DEBUG org.flywaydb.core.internal.scanner.classpath.ClassPathScanner -- Scanning for classes at classpath:db/migration
15:26:20.246 [pool-1-thread-7] DEBUG org.flywaydb.core.internal.scanner.Scanner -- Filtering out resource: db/migration/ (filename: )
15:26:20.247 [pool-1-thread-7] DEBUG org.flywaydb.core.internal.resource.ResourceNameValidator -- Validating V1__Create_tables.sql
15:26:20.248 [pool-1-thread-7] DEBUG org.flywaydb.core.internal.resource.ResourceNameValidator -- Validating V4__Fingerprints.sql
15:26:20.248 [pool-1-thread-7] DEBUG org.flywaydb.core.internal.resource.ResourceNameValidator -- Validating V2__Server_discovery.sql
15:26:20.248 [pool-1-thread-7] DEBUG org.flywaydb.core.internal.resource.ResourceNameValidator -- Validating V3__Jar_symbols.sql
15:26:20.334 [pool-1-thread-7] INFO org.flywaydb.core.FlywayExecutor -- Database: jdbc:h2:file:/Users/neka/Projects/one-percent/.metals/metals (H2 2.2)
15:26:20.335 [pool-1-thread-7] DEBUG org.flywaydb.core.FlywayExecutor -- Driver: H2 JDBC Driver 2.2.224 (2023-09-17)
15:26:20.335 [pool-1-thread-7] DEBUG org.flywaydb.core.FlywayExecutor -- DDL Transactions Supported: false
15:26:20.337 [pool-1-thread-7] DEBUG org.flywaydb.core.internal.schemahistory.SchemaHistoryFactory -- Schemas: 
15:26:20.337 [pool-1-thread-7] DEBUG org.flywaydb.core.internal.schemahistory.SchemaHistoryFactory -- Default schema: null
15:26:20.342 [pool-1-thread-7] WARN org.flywaydb.core.internal.database.base.Database -- Flyway upgrade recommended: H2 2.2.224 is newer than this version of Flyway and support has not been tested. The latest supported version of H2 is 2.2.220.
15:26:20.343 [pool-1-thread-7] DEBUG org.flywaydb.core.internal.callback.SqlScriptCallbackFactory -- Scanning for SQL callbacks ...
15:26:20.343 [pool-1-thread-7] DEBUG org.flywaydb.core.internal.scanner.Scanner -- Filtering out resource: db/migration/ (filename: )
15:26:20.349 [pool-1-thread-7] DEBUG org.flywaydb.core.internal.command.DbValidate -- Validating migrations ...
15:26:20.353 [pool-1-thread-7] DEBUG org.flywaydb.core.internal.scanner.Scanner -- Filtering out resource: db/migration/ (filename: )
15:26:20.359 [pool-1-thread-7] DEBUG org.flywaydb.core.internal.scanner.Scanner -- Filtering out resource: db/migration/V1__Create_tables.sql (filename: V1__Create_tables.sql)
15:26:20.359 [pool-1-thread-7] DEBUG org.flywaydb.core.internal.scanner.Scanner -- Filtering out resource: db/migration/V4__Fingerprints.sql (filename: V4__Fingerprints.sql)
15:26:20.359 [pool-1-thread-7] DEBUG org.flywaydb.core.internal.scanner.Scanner -- Filtering out resource: db/migration/V2__Server_discovery.sql (filename: V2__Server_discovery.sql)
15:26:20.359 [pool-1-thread-7] DEBUG org.flywaydb.core.internal.scanner.Scanner -- Filtering out resource: db/migration/V3__Jar_symbols.sql (filename: V3__Jar_symbols.sql)
15:26:20.359 [pool-1-thread-7] DEBUG org.flywaydb.core.internal.scanner.Scanner -- Filtering out resource: db/migration/ (filename: )
15:26:20.360 [pool-1-thread-7] DEBUG org.flywaydb.core.internal.scanner.Scanner -- Filtering out resource: db/migration/V1__Create_tables.sql (filename: V1__Create_tables.sql)
15:26:20.360 [pool-1-thread-7] DEBUG org.flywaydb.core.internal.scanner.Scanner -- Filtering out resource: db/migration/V4__Fingerprints.sql (filename: V4__Fingerprints.sql)
15:26:20.360 [pool-1-thread-7] DEBUG org.flywaydb.core.internal.scanner.Scanner -- Filtering out resource: db/migration/V2__Server_discovery.sql (filename: V2__Server_discovery.sql)
15:26:20.360 [pool-1-thread-7] DEBUG org.flywaydb.core.internal.scanner.Scanner -- Filtering out resource: db/migration/V3__Jar_symbols.sql (filename: V3__Jar_symbols.sql)
15:26:20.360 [pool-1-thread-7] DEBUG org.flywaydb.core.internal.scanner.Scanner -- Filtering out resource: db/migration/ (filename: )
15:26:20.370 [pool-1-thread-7] INFO org.flywaydb.core.internal.command.DbValidate -- Successfully validated 4 migrations (execution time 00:00.019s)
15:26:20.372 [pool-1-thread-7] DEBUG org.flywaydb.core.internal.command.DbSchemas -- Skipping creation of existing schema: "PUBLIC"
15:26:20.377 [pool-1-thread-7] INFO org.flywaydb.core.internal.command.DbMigrate -- Current version of schema "PUBLIC": 4
15:26:20.380 [pool-1-thread-7] INFO org.flywaydb.core.internal.command.DbMigrate -- Schema "PUBLIC" is up to date. No migration necessary.
15:26:20.404 [pool-1-thread-7] DEBUG org.flywaydb.core.FlywayExecutor -- Memory usage: 34 of 100M
2024.03.25 15:26:20 WARN  Build server is not auto-connectable.
2024.03.25 15:26:47 INFO  no build target found for /Users/neka/Projects/one-percent/src/main/scala/game/DataLoader.scala. Using presentation compiler with project's scala-library version: 3.3.1
Mar 25, 2024 3:26:48 PM org.eclipse.lsp4j.jsonrpc.RemoteEndpoint handleCancellation
WARNING: Unmatched cancel notification for request id 9
Mar 25, 2024 3:26:48 PM org.eclipse.lsp4j.jsonrpc.RemoteEndpoint handleCancellation
WARNING: Unmatched cancel notification for request id 10
2024.03.25 15:26:48 WARN  no build target for: /Users/neka/Projects/one-percent/src/main/scala/game/DataLoader.scala
Mar 25, 2024 3:26:48 PM org.eclipse.lsp4j.jsonrpc.RemoteEndpoint handleCancellation
WARNING: Unmatched cancel notification for request id 11
Mar 25, 2024 3:26:48 PM org.eclipse.lsp4j.jsonrpc.RemoteEndpoint handleCancellation
WARNING: Unmatched cancel notification for request id 12
2024.03.25 15:26:49 WARN  no build target for: /Users/neka/Projects/one-percent/src/main/scala/game/DataLoader.scala
2024.03.25 15:26:50 INFO  time: code lens generation in 2.05s
2024.03.25 15:26:50 INFO  time: code lens generation in 7.86s
2024.03.25 15:26:50 INFO  time: code lens generation in 1.24s
2024.03.25 15:26:52 WARN  no build target for: /Users/neka/Projects/one-percent/src/main/scala/game/DataLoader.scala
2024.03.25 15:26:57 WARN  no build target for: /Users/neka/Projects/one-percent/src/main/scala/game/DataLoader.scala
Mar 25, 2024 3:27:24 PM org.eclipse.lsp4j.jsonrpc.RemoteEndpoint handleCancellation
WARNING: Unmatched cancel notification for request id 63
2024.03.25 15:27:30 WARN  no build target for: /Users/neka/Projects/one-percent/src/main/scala/game/DataLoader.scala
2024.03.25 15:28:00 WARN  no build target for: /Users/neka/Projects/one-percent/src/main/scala/game/DataLoader.scala
2024.03.25 15:28:01 WARN  no build target for: /Users/neka/Projects/one-percent/src/main/scala/game/DataLoader.scala
Mar 25, 2024 3:28:23 PM org.eclipse.lsp4j.jsonrpc.RemoteEndpoint handleCancellation
WARNING: Unmatched cancel notification for request id 126
2024.03.25 15:28:47 ERROR Failed to tokenize input for semantic tokens for /Users/neka/Projects/one-percent/src/main/scala/game/DataLoader.scala
scala.meta.tokenizers.TokenizeException: <input>:27: error: unclosed character literal
                Question("", List.empty, '', 0) // You might want to handle this differently based on your requirements
                                         ^
	at scala.meta.internal.tokenizers.Reporter.syntaxError(Reporter.scala:23)
	at scala.meta.internal.tokenizers.Reporter.syntaxError$(Reporter.scala:23)
	at scala.meta.internal.tokenizers.Reporter$$anon$1.syntaxError(Reporter.scala:33)
	at scala.meta.internal.tokenizers.Reporter.syntaxError(Reporter.scala:25)
	at scala.meta.internal.tokenizers.Reporter.syntaxError$(Reporter.scala:25)
	at scala.meta.internal.tokenizers.Reporter$$anon$1.syntaxError(Reporter.scala:33)
	at scala.meta.internal.tokenizers.LegacyScanner.fetchSingleQuote$1(LegacyScanner.scala:407)
	at scala.meta.internal.tokenizers.LegacyScanner.fetchToken(LegacyScanner.scala:412)
	at scala.meta.internal.tokenizers.LegacyScanner.nextToken(LegacyScanner.scala:211)
	at scala.meta.internal.tokenizers.LegacyScanner.foreach(LegacyScanner.scala:1011)
	at scala.meta.internal.tokenizers.ScalametaTokenizer.uncachedTokenize(ScalametaTokenizer.scala:24)
	at scala.meta.internal.tokenizers.ScalametaTokenizer.$anonfun$tokenize$1(ScalametaTokenizer.scala:17)
	at scala.collection.concurrent.TrieMap.getOrElseUpdate(TrieMap.scala:962)
	at scala.meta.internal.tokenizers.ScalametaTokenizer.tokenize(ScalametaTokenizer.scala:17)
	at scala.meta.internal.tokenizers.ScalametaTokenizer$$anon$2.apply(ScalametaTokenizer.scala:332)
	at scala.meta.tokenizers.Api$XtensionTokenizeDialectInput.tokenize(Api.scala:25)
	at scala.meta.tokenizers.Api$XtensionTokenizeInputLike.tokenize(Api.scala:14)
	at scala.meta.internal.metals.SemanticTokensProvider$.getTokens(SemanticTokensProvider.scala:28)
	at scala.meta.internal.metals.SemanticTokensProvider$.provide(SemanticTokensProvider.scala:89)
	at scala.meta.internal.metals.Compilers.$anonfun$semanticTokens$3(Compilers.scala:541)
	at scala.concurrent.impl.Promise$Transformation.run(Promise.scala:467)
	at java.util.concurrent.ThreadPoolExecutor.runWorker(ThreadPoolExecutor.java:1136)
	at java.util.concurrent.ThreadPoolExecutor$Worker.run(ThreadPoolExecutor.java:635)
	at java.lang.Thread.run(Thread.java:833)

2024.03.25 15:28:49 WARN  no build target for: /Users/neka/Projects/one-percent/src/main/scala/game/DataLoader.scala
2024.03.25 15:30:07 WARN  no build target for: /Users/neka/Projects/one-percent/src/main/scala/game/DataLoader.scala
2024.03.25 15:30:09 WARN  no build target for: /Users/neka/Projects/one-percent/src/main/scala/game/DataLoader.scala
2024.03.25 15:30:11 WARN  no build target for: /Users/neka/Projects/one-percent/src/main/scala/game/DataLoader.scala
2024.03.25 15:30:17 WARN  no build target for: /Users/neka/Projects/one-percent/src/main/scala/game/DataLoader.scala
2024.03.25 15:30:18 WARN  no build target for: /Users/neka/Projects/one-percent/src/main/scala/game/DataLoader.scala
2024.03.25 15:30:18 WARN  no build target for: /Users/neka/Projects/one-percent/src/main/scala/game/DataLoader.scala
Mar 25, 2024 3:30:20 PM org.eclipse.lsp4j.jsonrpc.RemoteEndpoint handleCancellation
WARNING: Unmatched cancel notification for request id 217
Mar 25, 2024 3:30:26 PM org.eclipse.lsp4j.jsonrpc.RemoteEndpoint handleCancellation
WARNING: Unmatched cancel notification for request id 224
2024.03.25 15:31:10 WARN  no build target for: /Users/neka/Projects/one-percent/src/main/scala/game/DataLoader.scala
2024.03.25 15:31:13 WARN  no build target for: /Users/neka/Projects/one-percent/src/main/scala/game/DataLoader.scala
2024.03.25 15:31:17 WARN  no build target for: /Users/neka/Projects/one-percent/src/main/scala/game/DataLoader.scala
2024.03.25 15:31:19 WARN  no build target for: /Users/neka/Projects/one-percent/src/main/scala/game/DataLoader.scala
2024.03.25 15:31:19 WARN  no build target for: /Users/neka/Projects/one-percent/src/main/scala/game/DataLoader.scala
2024.03.25 15:32:01 WARN  no build target for: /Users/neka/Projects/one-percent/src/main/scala/game/DataLoader.scala
2024.03.25 15:32:04 WARN  no build target for: /Users/neka/Projects/one-percent/src/main/scala/game/DataLoader.scala
2024.03.25 15:32:05 WARN  no build target for: /Users/neka/Projects/one-percent/src/main/scala/game/DataLoader.scala
2024.03.25 15:32:16 WARN  no build target for: /Users/neka/Projects/one-percent/src/main/scala/game/DataLoader.scala
2024.03.25 15:32:20 ERROR Failed to tokenize input for semantic tokens for /Users/neka/Projects/one-percent/src/main/scala/game/DataLoader.scala
scala.meta.tokenizers.TokenizeException: <input>:20: error: unclosed character literal
            println(''parts)
                    ^
	at scala.meta.internal.tokenizers.Reporter.syntaxError(Reporter.scala:23)
	at scala.meta.internal.tokenizers.Reporter.syntaxError$(Reporter.scala:23)
	at scala.meta.internal.tokenizers.Reporter$$anon$1.syntaxError(Reporter.scala:33)
	at scala.meta.internal.tokenizers.Reporter.syntaxError(Reporter.scala:25)
	at scala.meta.internal.tokenizers.Reporter.syntaxError$(Reporter.scala:25)
	at scala.meta.internal.tokenizers.Reporter$$anon$1.syntaxError(Reporter.scala:33)
	at scala.meta.internal.tokenizers.LegacyScanner.fetchSingleQuote$1(LegacyScanner.scala:407)
	at scala.meta.internal.tokenizers.LegacyScanner.fetchToken(LegacyScanner.scala:412)
	at scala.meta.internal.tokenizers.LegacyScanner.nextToken(LegacyScanner.scala:211)
	at scala.meta.internal.tokenizers.LegacyScanner.foreach(LegacyScanner.scala:1011)
	at scala.meta.internal.tokenizers.ScalametaTokenizer.uncachedTokenize(ScalametaTokenizer.scala:24)
	at scala.meta.internal.tokenizers.ScalametaTokenizer.$anonfun$tokenize$1(ScalametaTokenizer.scala:17)
	at scala.collection.concurrent.TrieMap.getOrElseUpdate(TrieMap.scala:962)
	at scala.meta.internal.tokenizers.ScalametaTokenizer.tokenize(ScalametaTokenizer.scala:17)
	at scala.meta.internal.tokenizers.ScalametaTokenizer$$anon$2.apply(ScalametaTokenizer.scala:332)
	at scala.meta.tokenizers.Api$XtensionTokenizeDialectInput.tokenize(Api.scala:25)
	at scala.meta.tokenizers.Api$XtensionTokenizeInputLike.tokenize(Api.scala:14)
	at scala.meta.internal.metals.SemanticTokensProvider$.getTokens(SemanticTokensProvider.scala:28)
	at scala.meta.internal.metals.SemanticTokensProvider$.provide(SemanticTokensProvider.scala:89)
	at scala.meta.internal.metals.Compilers.$anonfun$semanticTokens$3(Compilers.scala:541)
	at scala.concurrent.impl.Promise$Transformation.run(Promise.scala:467)
	at java.util.concurrent.ThreadPoolExecutor.runWorker(ThreadPoolExecutor.java:1136)
	at java.util.concurrent.ThreadPoolExecutor$Worker.run(ThreadPoolExecutor.java:635)
	at java.lang.Thread.run(Thread.java:833)

2024.03.25 15:32:20 ERROR Failed to tokenize input for semantic tokens for /Users/neka/Projects/one-percent/src/main/scala/game/DataLoader.scala
scala.meta.tokenizers.TokenizeException: <input>:20: error: unclosed character literal
            println('', parts)
                    ^
	at scala.meta.internal.tokenizers.Reporter.syntaxError(Reporter.scala:23)
	at scala.meta.internal.tokenizers.Reporter.syntaxError$(Reporter.scala:23)
	at scala.meta.internal.tokenizers.Reporter$$anon$1.syntaxError(Reporter.scala:33)
	at scala.meta.internal.tokenizers.Reporter.syntaxError(Reporter.scala:25)
	at scala.meta.internal.tokenizers.Reporter.syntaxError$(Reporter.scala:25)
	at scala.meta.internal.tokenizers.Reporter$$anon$1.syntaxError(Reporter.scala:33)
	at scala.meta.internal.tokenizers.LegacyScanner.fetchSingleQuote$1(LegacyScanner.scala:407)
	at scala.meta.internal.tokenizers.LegacyScanner.fetchToken(LegacyScanner.scala:412)
	at scala.meta.internal.tokenizers.LegacyScanner.nextToken(LegacyScanner.scala:211)
	at scala.meta.internal.tokenizers.LegacyScanner.foreach(LegacyScanner.scala:1011)
	at scala.meta.internal.tokenizers.ScalametaTokenizer.uncachedTokenize(ScalametaTokenizer.scala:24)
	at scala.meta.internal.tokenizers.ScalametaTokenizer.$anonfun$tokenize$1(ScalametaTokenizer.scala:17)
	at scala.collection.concurrent.TrieMap.getOrElseUpdate(TrieMap.scala:962)
	at scala.meta.internal.tokenizers.ScalametaTokenizer.tokenize(ScalametaTokenizer.scala:17)
	at scala.meta.internal.tokenizers.ScalametaTokenizer$$anon$2.apply(ScalametaTokenizer.scala:332)
	at scala.meta.tokenizers.Api$XtensionTokenizeDialectInput.tokenize(Api.scala:25)
	at scala.meta.tokenizers.Api$XtensionTokenizeInputLike.tokenize(Api.scala:14)
	at scala.meta.internal.metals.SemanticTokensProvider$.getTokens(SemanticTokensProvider.scala:28)
	at scala.meta.internal.metals.SemanticTokensProvider$.provide(SemanticTokensProvider.scala:89)
	at scala.meta.internal.metals.Compilers.$anonfun$semanticTokens$3(Compilers.scala:541)
	at scala.concurrent.impl.Promise$Transformation.run(Promise.scala:467)
	at java.util.concurrent.ThreadPoolExecutor.runWorker(ThreadPoolExecutor.java:1136)
	at java.util.concurrent.ThreadPoolExecutor$Worker.run(ThreadPoolExecutor.java:635)
	at java.lang.Thread.run(Thread.java:833)

2024.03.25 15:32:21 WARN  no build target for: /Users/neka/Projects/one-percent/src/main/scala/game/DataLoader.scala
2024.03.25 15:32:21 ERROR Failed to tokenize input for semantic tokens for /Users/neka/Projects/one-percent/src/main/scala/game/DataLoader.scala
scala.meta.tokenizers.TokenizeException: <input>:20: error: unclosed character literal
            println('', parts)
                    ^
	at scala.meta.internal.tokenizers.Reporter.syntaxError(Reporter.scala:23)
	at scala.meta.internal.tokenizers.Reporter.syntaxError$(Reporter.scala:23)
	at scala.meta.internal.tokenizers.Reporter$$anon$1.syntaxError(Reporter.scala:33)
	at scala.meta.internal.tokenizers.Reporter.syntaxError(Reporter.scala:25)
	at scala.meta.internal.tokenizers.Reporter.syntaxError$(Reporter.scala:25)
	at scala.meta.internal.tokenizers.Reporter$$anon$1.syntaxError(Reporter.scala:33)
	at scala.meta.internal.tokenizers.LegacyScanner.fetchSingleQuote$1(LegacyScanner.scala:407)
	at scala.meta.internal.tokenizers.LegacyScanner.fetchToken(LegacyScanner.scala:412)
	at scala.meta.internal.tokenizers.LegacyScanner.nextToken(LegacyScanner.scala:211)
	at scala.meta.internal.tokenizers.LegacyScanner.foreach(LegacyScanner.scala:1011)
	at scala.meta.internal.tokenizers.ScalametaTokenizer.uncachedTokenize(ScalametaTokenizer.scala:24)
	at scala.meta.internal.tokenizers.ScalametaTokenizer.$anonfun$tokenize$1(ScalametaTokenizer.scala:17)
	at scala.collection.concurrent.TrieMap.getOrElseUpdate(TrieMap.scala:962)
	at scala.meta.internal.tokenizers.ScalametaTokenizer.tokenize(ScalametaTokenizer.scala:17)
	at scala.meta.internal.tokenizers.ScalametaTokenizer$$anon$2.apply(ScalametaTokenizer.scala:332)
	at scala.meta.tokenizers.Api$XtensionTokenizeDialectInput.tokenize(Api.scala:25)
	at scala.meta.tokenizers.Api$XtensionTokenizeInputLike.tokenize(Api.scala:14)
	at scala.meta.internal.metals.SemanticTokensProvider$.getTokens(SemanticTokensProvider.scala:28)
	at scala.meta.internal.metals.SemanticTokensProvider$.provide(SemanticTokensProvider.scala:89)
	at scala.meta.internal.metals.Compilers.$anonfun$semanticTokens$3(Compilers.scala:541)
	at scala.concurrent.impl.Promise$Transformation.run(Promise.scala:467)
	at java.util.concurrent.ThreadPoolExecutor.runWorker(ThreadPoolExecutor.java:1136)
	at java.util.concurrent.ThreadPoolExecutor$Worker.run(ThreadPoolExecutor.java:635)
	at java.lang.Thread.run(Thread.java:833)

2024.03.25 15:32:23 WARN  no build target for: /Users/neka/Projects/one-percent/src/main/scala/game/DataLoader.scala
2024.03.25 15:32:36 WARN  no build target for: /Users/neka/Projects/one-percent/src/main/scala/game/DataLoader.scala
2024.03.25 15:32:39 WARN  no build target for: /Users/neka/Projects/one-percent/src/main/scala/game/DataLoader.scala
2024.03.25 15:32:44 WARN  no build target for: /Users/neka/Projects/one-percent/src/main/scala/game/DataLoader.scala
2024.03.25 15:32:47 WARN  no build target for: /Users/neka/Projects/one-percent/src/main/scala/game/DataLoader.scala
2024.03.25 15:32:48 ERROR Failed to tokenize input for semantic tokens for /Users/neka/Projects/one-percent/src/main/scala/game/DataLoader.scala
scala.meta.tokenizers.TokenizeException: <input>:20: error: unclosed string interpolation
            println(s"" $parts")
                               ^
	at scala.meta.internal.tokenizers.Reporter.syntaxError(Reporter.scala:23)
	at scala.meta.internal.tokenizers.Reporter.syntaxError$(Reporter.scala:23)
	at scala.meta.internal.tokenizers.Reporter$$anon$1.syntaxError(Reporter.scala:33)
	at scala.meta.internal.tokenizers.Reporter.syntaxError(Reporter.scala:25)
	at scala.meta.internal.tokenizers.Reporter.syntaxError$(Reporter.scala:25)
	at scala.meta.internal.tokenizers.Reporter$$anon$1.syntaxError(Reporter.scala:33)
	at scala.meta.internal.tokenizers.LegacyScanner.getStringPart(LegacyScanner.scala:659)
	at scala.meta.internal.tokenizers.LegacyScanner.fetchDoubleQuote$1(LegacyScanner.scala:357)
	at scala.meta.internal.tokenizers.LegacyScanner.fetchToken(LegacyScanner.scala:376)
	at scala.meta.internal.tokenizers.LegacyScanner.nextToken(LegacyScanner.scala:211)
	at scala.meta.internal.tokenizers.LegacyScanner.foreach(LegacyScanner.scala:1011)
	at scala.meta.internal.tokenizers.ScalametaTokenizer.uncachedTokenize(ScalametaTokenizer.scala:24)
	at scala.meta.internal.tokenizers.ScalametaTokenizer.$anonfun$tokenize$1(ScalametaTokenizer.scala:17)
	at scala.collection.concurrent.TrieMap.getOrElseUpdate(TrieMap.scala:962)
	at scala.meta.internal.tokenizers.ScalametaTokenizer.tokenize(ScalametaTokenizer.scala:17)
	at scala.meta.internal.tokenizers.ScalametaTokenizer$$anon$2.apply(ScalametaTokenizer.scala:332)
	at scala.meta.tokenizers.Api$XtensionTokenizeDialectInput.tokenize(Api.scala:25)
	at scala.meta.tokenizers.Api$XtensionTokenizeInputLike.tokenize(Api.scala:14)
	at scala.meta.internal.metals.SemanticTokensProvider$.getTokens(SemanticTokensProvider.scala:28)
	at scala.meta.internal.metals.SemanticTokensProvider$.provide(SemanticTokensProvider.scala:89)
	at scala.meta.internal.metals.Compilers.$anonfun$semanticTokens$3(Compilers.scala:541)
	at scala.concurrent.impl.Promise$Transformation.run(Promise.scala:467)
	at java.util.concurrent.ThreadPoolExecutor.runWorker(ThreadPoolExecutor.java:1136)
	at java.util.concurrent.ThreadPoolExecutor$Worker.run(ThreadPoolExecutor.java:635)
	at java.lang.Thread.run(Thread.java:833)

2024.03.25 15:32:49 WARN  no build target for: /Users/neka/Projects/one-percent/src/main/scala/game/DataLoader.scala
2024.03.25 15:32:49 ERROR Failed to tokenize input for semantic tokens for /Users/neka/Projects/one-percent/src/main/scala/game/DataLoader.scala
scala.meta.tokenizers.TokenizeException: <input>:20: error: unclosed string interpolation
            println(s"" $parts")
                               ^
	at scala.meta.internal.tokenizers.Reporter.syntaxError(Reporter.scala:23)
	at scala.meta.internal.tokenizers.Reporter.syntaxError$(Reporter.scala:23)
	at scala.meta.internal.tokenizers.Reporter$$anon$1.syntaxError(Reporter.scala:33)
	at scala.meta.internal.tokenizers.Reporter.syntaxError(Reporter.scala:25)
	at scala.meta.internal.tokenizers.Reporter.syntaxError$(Reporter.scala:25)
	at scala.meta.internal.tokenizers.Reporter$$anon$1.syntaxError(Reporter.scala:33)
	at scala.meta.internal.tokenizers.LegacyScanner.getStringPart(LegacyScanner.scala:659)
	at scala.meta.internal.tokenizers.LegacyScanner.fetchDoubleQuote$1(LegacyScanner.scala:357)
	at scala.meta.internal.tokenizers.LegacyScanner.fetchToken(LegacyScanner.scala:376)
	at scala.meta.internal.tokenizers.LegacyScanner.nextToken(LegacyScanner.scala:211)
	at scala.meta.internal.tokenizers.LegacyScanner.foreach(LegacyScanner.scala:1011)
	at scala.meta.internal.tokenizers.ScalametaTokenizer.uncachedTokenize(ScalametaTokenizer.scala:24)
	at scala.meta.internal.tokenizers.ScalametaTokenizer.$anonfun$tokenize$1(ScalametaTokenizer.scala:17)
	at scala.collection.concurrent.TrieMap.getOrElseUpdate(TrieMap.scala:962)
	at scala.meta.internal.tokenizers.ScalametaTokenizer.tokenize(ScalametaTokenizer.scala:17)
	at scala.meta.internal.tokenizers.ScalametaTokenizer$$anon$2.apply(ScalametaTokenizer.scala:332)
	at scala.meta.tokenizers.Api$XtensionTokenizeDialectInput.tokenize(Api.scala:25)
	at scala.meta.tokenizers.Api$XtensionTokenizeInputLike.tokenize(Api.scala:14)
	at scala.meta.internal.metals.SemanticTokensProvider$.getTokens(SemanticTokensProvider.scala:28)
	at scala.meta.internal.metals.SemanticTokensProvider$.provide(SemanticTokensProvider.scala:89)
	at scala.meta.internal.metals.Compilers.$anonfun$semanticTokens$3(Compilers.scala:541)
	at scala.concurrent.impl.Promise$Transformation.run(Promise.scala:467)
	at java.util.concurrent.ThreadPoolExecutor.runWorker(ThreadPoolExecutor.java:1136)
	at java.util.concurrent.ThreadPoolExecutor$Worker.run(ThreadPoolExecutor.java:635)
	at java.lang.Thread.run(Thread.java:833)

2024.03.25 15:32:51 WARN  no build target for: /Users/neka/Projects/one-percent/src/main/scala/game/DataLoader.scala
2024.03.25 15:32:59 WARN  no build target for: /Users/neka/Projects/one-percent/src/main/scala/game/DataLoader.scala
Mar 25, 2024 3:33:00 PM org.eclipse.lsp4j.jsonrpc.RemoteEndpoint handleCancellation
WARNING: Unmatched cancel notification for request id 524
2024.03.25 15:33:04 WARN  no build target for: /Users/neka/Projects/one-percent/src/main/scala/game/DataLoader.scala
2024.03.25 15:33:10 WARN  no build target for: /Users/neka/Projects/one-percent/src/main/scala/game/DataLoader.scala
2024.03.25 15:33:11 WARN  no build target for: /Users/neka/Projects/one-percent/src/main/scala/game/DataLoader.scala
2024.03.25 15:33:12 WARN  no build target for: /Users/neka/Projects/one-percent/src/main/scala/game/DataLoader.scala
2024.03.25 15:33:17 WARN  no build target for: /Users/neka/Projects/one-percent/src/main/scala/game/DataLoader.scala
2024.03.25 15:33:21 WARN  no build target for: /Users/neka/Projects/one-percent/src/main/scala/game/DataLoader.scala
2024.03.25 15:33:21 WARN  no build target for: /Users/neka/Projects/one-percent/src/main/scala/game/DataLoader.scala
Mar 25, 2024 3:34:15 PM org.eclipse.lsp4j.jsonrpc.RemoteEndpoint handleCancellation
WARNING: Unmatched cancel notification for request id 635
2024.03.25 15:34:18 WARN  no build target for: /Users/neka/Projects/one-percent/src/main/scala/game/DataLoader.scala
2024.03.25 15:36:28 WARN  no build target for: /Users/neka/Projects/one-percent/src/main/scala/game/DataLoader.scala
2024.03.25 15:37:23 ERROR Failed to tokenize input for semantic tokens for /Users/neka/Projects/one-percent/src/main/scala/game/DataLoader.scala
scala.meta.tokenizers.TokenizeException: <input>:27: error: unclosed comment
                /* 
                ^
	at scala.meta.internal.tokenizers.Reporter.incompleteInputError(Reporter.scala:27)
	at scala.meta.internal.tokenizers.Reporter.incompleteInputError$(Reporter.scala:26)
	at scala.meta.internal.tokenizers.Reporter$$anon$1.incompleteInputError(Reporter.scala:33)
	at scala.meta.internal.tokenizers.Reporter.incompleteInputError(Reporter.scala:29)
	at scala.meta.internal.tokenizers.Reporter.incompleteInputError$(Reporter.scala:29)
	at scala.meta.internal.tokenizers.Reporter$$anon$1.incompleteInputError(Reporter.scala:33)
	at scala.meta.internal.tokenizers.LegacyScanner.skipNestedComments(LegacyScanner.scala:52)
	at scala.meta.internal.tokenizers.LegacyScanner.skipToCommentEnd(LegacyScanner.scala:71)
	at scala.meta.internal.tokenizers.LegacyScanner.fetchToken(LegacyScanner.scala:313)
	at scala.meta.internal.tokenizers.LegacyScanner.nextToken(LegacyScanner.scala:211)
	at scala.meta.internal.tokenizers.LegacyScanner.foreach(LegacyScanner.scala:1011)
	at scala.meta.internal.tokenizers.ScalametaTokenizer.uncachedTokenize(ScalametaTokenizer.scala:24)
	at scala.meta.internal.tokenizers.ScalametaTokenizer.$anonfun$tokenize$1(ScalametaTokenizer.scala:17)
	at scala.collection.concurrent.TrieMap.getOrElseUpdate(TrieMap.scala:962)
	at scala.meta.internal.tokenizers.ScalametaTokenizer.tokenize(ScalametaTokenizer.scala:17)
	at scala.meta.internal.tokenizers.ScalametaTokenizer$$anon$2.apply(ScalametaTokenizer.scala:332)
	at scala.meta.tokenizers.Api$XtensionTokenizeDialectInput.tokenize(Api.scala:25)
	at scala.meta.tokenizers.Api$XtensionTokenizeInputLike.tokenize(Api.scala:14)
	at scala.meta.internal.metals.SemanticTokensProvider$.getTokens(SemanticTokensProvider.scala:28)
	at scala.meta.internal.metals.SemanticTokensProvider$.provide(SemanticTokensProvider.scala:89)
	at scala.meta.internal.metals.Compilers.$anonfun$semanticTokens$3(Compilers.scala:541)
	at scala.concurrent.impl.Promise$Transformation.run(Promise.scala:467)
	at java.util.concurrent.ThreadPoolExecutor.runWorker(ThreadPoolExecutor.java:1136)
	at java.util.concurrent.ThreadPoolExecutor$Worker.run(ThreadPoolExecutor.java:635)
	at java.lang.Thread.run(Thread.java:833)

2024.03.25 15:37:23 ERROR Failed to tokenize input for semantic tokens for /Users/neka/Projects/one-percent/src/main/scala/game/DataLoader.scala
scala.meta.tokenizers.TokenizeException: <input>:27: error: unclosed comment
                /* S
                ^
	at scala.meta.internal.tokenizers.Reporter.incompleteInputError(Reporter.scala:27)
	at scala.meta.internal.tokenizers.Reporter.incompleteInputError$(Reporter.scala:26)
	at scala.meta.internal.tokenizers.Reporter$$anon$1.incompleteInputError(Reporter.scala:33)
	at scala.meta.internal.tokenizers.Reporter.incompleteInputError(Reporter.scala:29)
	at scala.meta.internal.tokenizers.Reporter.incompleteInputError$(Reporter.scala:29)
	at scala.meta.internal.tokenizers.Reporter$$anon$1.incompleteInputError(Reporter.scala:33)
	at scala.meta.internal.tokenizers.LegacyScanner.skipNestedComments(LegacyScanner.scala:52)
	at scala.meta.internal.tokenizers.LegacyScanner.skipToCommentEnd(LegacyScanner.scala:71)
	at scala.meta.internal.tokenizers.LegacyScanner.fetchToken(LegacyScanner.scala:313)
	at scala.meta.internal.tokenizers.LegacyScanner.nextToken(LegacyScanner.scala:211)
	at scala.meta.internal.tokenizers.LegacyScanner.foreach(LegacyScanner.scala:1011)
	at scala.meta.internal.tokenizers.ScalametaTokenizer.uncachedTokenize(ScalametaTokenizer.scala:24)
	at scala.meta.internal.tokenizers.ScalametaTokenizer.$anonfun$tokenize$1(ScalametaTokenizer.scala:17)
	at scala.collection.concurrent.TrieMap.getOrElseUpdate(TrieMap.scala:962)
	at scala.meta.internal.tokenizers.ScalametaTokenizer.tokenize(ScalametaTokenizer.scala:17)
	at scala.meta.internal.tokenizers.ScalametaTokenizer$$anon$2.apply(ScalametaTokenizer.scala:332)
	at scala.meta.tokenizers.Api$XtensionTokenizeDialectInput.tokenize(Api.scala:25)
	at scala.meta.tokenizers.Api$XtensionTokenizeInputLike.tokenize(Api.scala:14)
	at scala.meta.internal.metals.SemanticTokensProvider$.getTokens(SemanticTokensProvider.scala:28)
	at scala.meta.internal.metals.SemanticTokensProvider$.provide(SemanticTokensProvider.scala:89)
	at scala.meta.internal.metals.Compilers.$anonfun$semanticTokens$3(Compilers.scala:541)
	at scala.concurrent.impl.Promise$Transformation.run(Promise.scala:467)
	at java.util.concurrent.ThreadPoolExecutor.runWorker(ThreadPoolExecutor.java:1136)
	at java.util.concurrent.ThreadPoolExecutor$Worker.run(ThreadPoolExecutor.java:635)
	at java.lang.Thread.run(Thread.java:833)

2024.03.25 15:37:24 ERROR Failed to tokenize input for semantic tokens for /Users/neka/Projects/one-percent/src/main/scala/game/DataLoader.scala
scala.meta.tokenizers.TokenizeException: <input>:27: error: unclosed comment
                /* Skip 
                ^
	at scala.meta.internal.tokenizers.Reporter.incompleteInputError(Reporter.scala:27)
	at scala.meta.internal.tokenizers.Reporter.incompleteInputError$(Reporter.scala:26)
	at scala.meta.internal.tokenizers.Reporter$$anon$1.incompleteInputError(Reporter.scala:33)
	at scala.meta.internal.tokenizers.Reporter.incompleteInputError(Reporter.scala:29)
	at scala.meta.internal.tokenizers.Reporter.incompleteInputError$(Reporter.scala:29)
	at scala.meta.internal.tokenizers.Reporter$$anon$1.incompleteInputError(Reporter.scala:33)
	at scala.meta.internal.tokenizers.LegacyScanner.skipNestedComments(LegacyScanner.scala:52)
	at scala.meta.internal.tokenizers.LegacyScanner.skipToCommentEnd(LegacyScanner.scala:71)
	at scala.meta.internal.tokenizers.LegacyScanner.fetchToken(LegacyScanner.scala:313)
	at scala.meta.internal.tokenizers.LegacyScanner.nextToken(LegacyScanner.scala:211)
	at scala.meta.internal.tokenizers.LegacyScanner.foreach(LegacyScanner.scala:1011)
	at scala.meta.internal.tokenizers.ScalametaTokenizer.uncachedTokenize(ScalametaTokenizer.scala:24)
	at scala.meta.internal.tokenizers.ScalametaTokenizer.$anonfun$tokenize$1(ScalametaTokenizer.scala:17)
	at scala.collection.concurrent.TrieMap.getOrElseUpdate(TrieMap.scala:962)
	at scala.meta.internal.tokenizers.ScalametaTokenizer.tokenize(ScalametaTokenizer.scala:17)
	at scala.meta.internal.tokenizers.ScalametaTokenizer$$anon$2.apply(ScalametaTokenizer.scala:332)
	at scala.meta.tokenizers.Api$XtensionTokenizeDialectInput.tokenize(Api.scala:25)
	at scala.meta.tokenizers.Api$XtensionTokenizeInputLike.tokenize(Api.scala:14)
	at scala.meta.internal.metals.SemanticTokensProvider$.getTokens(SemanticTokensProvider.scala:28)
	at scala.meta.internal.metals.SemanticTokensProvider$.provide(SemanticTokensProvider.scala:89)
	at scala.meta.internal.metals.Compilers.$anonfun$semanticTokens$3(Compilers.scala:541)
	at scala.concurrent.impl.Promise$Transformation.run(Promise.scala:467)
	at java.util.concurrent.ThreadPoolExecutor.runWorker(ThreadPoolExecutor.java:1136)
	at java.util.concurrent.ThreadPoolExecutor$Worker.run(ThreadPoolExecutor.java:635)
	at java.lang.Thread.run(Thread.java:833)

2024.03.25 15:37:25 ERROR Failed to tokenize input for semantic tokens for /Users/neka/Projects/one-percent/src/main/scala/game/DataLoader.scala
scala.meta.tokenizers.TokenizeException: <input>:27: error: unclosed comment
                /* Skip inv
                ^
	at scala.meta.internal.tokenizers.Reporter.incompleteInputError(Reporter.scala:27)
	at scala.meta.internal.tokenizers.Reporter.incompleteInputError$(Reporter.scala:26)
	at scala.meta.internal.tokenizers.Reporter$$anon$1.incompleteInputError(Reporter.scala:33)
	at scala.meta.internal.tokenizers.Reporter.incompleteInputError(Reporter.scala:29)
	at scala.meta.internal.tokenizers.Reporter.incompleteInputError$(Reporter.scala:29)
	at scala.meta.internal.tokenizers.Reporter$$anon$1.incompleteInputError(Reporter.scala:33)
	at scala.meta.internal.tokenizers.LegacyScanner.skipNestedComments(LegacyScanner.scala:52)
	at scala.meta.internal.tokenizers.LegacyScanner.skipToCommentEnd(LegacyScanner.scala:71)
	at scala.meta.internal.tokenizers.LegacyScanner.fetchToken(LegacyScanner.scala:313)
	at scala.meta.internal.tokenizers.LegacyScanner.nextToken(LegacyScanner.scala:211)
	at scala.meta.internal.tokenizers.LegacyScanner.foreach(LegacyScanner.scala:1011)
	at scala.meta.internal.tokenizers.ScalametaTokenizer.uncachedTokenize(ScalametaTokenizer.scala:24)
	at scala.meta.internal.tokenizers.ScalametaTokenizer.$anonfun$tokenize$1(ScalametaTokenizer.scala:17)
	at scala.collection.concurrent.TrieMap.getOrElseUpdate(TrieMap.scala:962)
	at scala.meta.internal.tokenizers.ScalametaTokenizer.tokenize(ScalametaTokenizer.scala:17)
	at scala.meta.internal.tokenizers.ScalametaTokenizer$$anon$2.apply(ScalametaTokenizer.scala:332)
	at scala.meta.tokenizers.Api$XtensionTokenizeDialectInput.tokenize(Api.scala:25)
	at scala.meta.tokenizers.Api$XtensionTokenizeInputLike.tokenize(Api.scala:14)
	at scala.meta.internal.metals.SemanticTokensProvider$.getTokens(SemanticTokensProvider.scala:28)
	at scala.meta.internal.metals.SemanticTokensProvider$.provide(SemanticTokensProvider.scala:89)
	at scala.meta.internal.metals.Compilers.$anonfun$semanticTokens$3(Compilers.scala:541)
	at scala.concurrent.impl.Promise$Transformation.run(Promise.scala:467)
	at java.util.concurrent.ThreadPoolExecutor.runWorker(ThreadPoolExecutor.java:1136)
	at java.util.concurrent.ThreadPoolExecutor$Worker.run(ThreadPoolExecutor.java:635)
	at java.lang.Thread.run(Thread.java:833)

2024.03.25 15:37:25 ERROR Failed to tokenize input for semantic tokens for /Users/neka/Projects/one-percent/src/main/scala/game/DataLoader.scala
scala.meta.tokenizers.TokenizeException: <input>:27: error: unclosed comment
                /* Skip invalid 
                ^
	at scala.meta.internal.tokenizers.Reporter.incompleteInputError(Reporter.scala:27)
	at scala.meta.internal.tokenizers.Reporter.incompleteInputError$(Reporter.scala:26)
	at scala.meta.internal.tokenizers.Reporter$$anon$1.incompleteInputError(Reporter.scala:33)
	at scala.meta.internal.tokenizers.Reporter.incompleteInputError(Reporter.scala:29)
	at scala.meta.internal.tokenizers.Reporter.incompleteInputError$(Reporter.scala:29)
	at scala.meta.internal.tokenizers.Reporter$$anon$1.incompleteInputError(Reporter.scala:33)
	at scala.meta.internal.tokenizers.LegacyScanner.skipNestedComments(LegacyScanner.scala:52)
	at scala.meta.internal.tokenizers.LegacyScanner.skipToCommentEnd(LegacyScanner.scala:71)
	at scala.meta.internal.tokenizers.LegacyScanner.fetchToken(LegacyScanner.scala:313)
	at scala.meta.internal.tokenizers.LegacyScanner.nextToken(LegacyScanner.scala:211)
	at scala.meta.internal.tokenizers.LegacyScanner.foreach(LegacyScanner.scala:1011)
	at scala.meta.internal.tokenizers.ScalametaTokenizer.uncachedTokenize(ScalametaTokenizer.scala:24)
	at scala.meta.internal.tokenizers.ScalametaTokenizer.$anonfun$tokenize$1(ScalametaTokenizer.scala:17)
	at scala.collection.concurrent.TrieMap.getOrElseUpdate(TrieMap.scala:962)
	at scala.meta.internal.tokenizers.ScalametaTokenizer.tokenize(ScalametaTokenizer.scala:17)
	at scala.meta.internal.tokenizers.ScalametaTokenizer$$anon$2.apply(ScalametaTokenizer.scala:332)
	at scala.meta.tokenizers.Api$XtensionTokenizeDialectInput.tokenize(Api.scala:25)
	at scala.meta.tokenizers.Api$XtensionTokenizeInputLike.tokenize(Api.scala:14)
	at scala.meta.internal.metals.SemanticTokensProvider$.getTokens(SemanticTokensProvider.scala:28)
	at scala.meta.internal.metals.SemanticTokensProvider$.provide(SemanticTokensProvider.scala:89)
	at scala.meta.internal.metals.Compilers.$anonfun$semanticTokens$3(Compilers.scala:541)
	at scala.concurrent.impl.Promise$Transformation.run(Promise.scala:467)
	at java.util.concurrent.ThreadPoolExecutor.runWorker(ThreadPoolExecutor.java:1136)
	at java.util.concurrent.ThreadPoolExecutor$Worker.run(ThreadPoolExecutor.java:635)
	at java.lang.Thread.run(Thread.java:833)

2024.03.25 15:37:26 ERROR Failed to tokenize input for semantic tokens for /Users/neka/Projects/one-percent/src/main/scala/game/DataLoader.scala
scala.meta.tokenizers.TokenizeException: <input>:27: error: unclosed comment
                /* Skip invalid form
                ^
	at scala.meta.internal.tokenizers.Reporter.incompleteInputError(Reporter.scala:27)
	at scala.meta.internal.tokenizers.Reporter.incompleteInputError$(Reporter.scala:26)
	at scala.meta.internal.tokenizers.Reporter$$anon$1.incompleteInputError(Reporter.scala:33)
	at scala.meta.internal.tokenizers.Reporter.incompleteInputError(Reporter.scala:29)
	at scala.meta.internal.tokenizers.Reporter.incompleteInputError$(Reporter.scala:29)
	at scala.meta.internal.tokenizers.Reporter$$anon$1.incompleteInputError(Reporter.scala:33)
	at scala.meta.internal.tokenizers.LegacyScanner.skipNestedComments(LegacyScanner.scala:52)
	at scala.meta.internal.tokenizers.LegacyScanner.skipToCommentEnd(LegacyScanner.scala:71)
	at scala.meta.internal.tokenizers.LegacyScanner.fetchToken(LegacyScanner.scala:313)
	at scala.meta.internal.tokenizers.LegacyScanner.nextToken(LegacyScanner.scala:211)
	at scala.meta.internal.tokenizers.LegacyScanner.foreach(LegacyScanner.scala:1011)
	at scala.meta.internal.tokenizers.ScalametaTokenizer.uncachedTokenize(ScalametaTokenizer.scala:24)
	at scala.meta.internal.tokenizers.ScalametaTokenizer.$anonfun$tokenize$1(ScalametaTokenizer.scala:17)
	at scala.collection.concurrent.TrieMap.getOrElseUpdate(TrieMap.scala:962)
	at scala.meta.internal.tokenizers.ScalametaTokenizer.tokenize(ScalametaTokenizer.scala:17)
	at scala.meta.internal.tokenizers.ScalametaTokenizer$$anon$2.apply(ScalametaTokenizer.scala:332)
	at scala.meta.tokenizers.Api$XtensionTokenizeDialectInput.tokenize(Api.scala:25)
	at scala.meta.tokenizers.Api$XtensionTokenizeInputLike.tokenize(Api.scala:14)
	at scala.meta.internal.metals.SemanticTokensProvider$.getTokens(SemanticTokensProvider.scala:28)
	at scala.meta.internal.metals.SemanticTokensProvider$.provide(SemanticTokensProvider.scala:89)
	at scala.meta.internal.metals.Compilers.$anonfun$semanticTokens$3(Compilers.scala:541)
	at scala.concurrent.impl.Promise$Transformation.run(Promise.scala:467)
	at java.util.concurrent.ThreadPoolExecutor.runWorker(ThreadPoolExecutor.java:1136)
	at java.util.concurrent.ThreadPoolExecutor$Worker.run(ThreadPoolExecutor.java:635)
	at java.lang.Thread.run(Thread.java:833)

2024.03.25 15:37:26 ERROR Failed to tokenize input for semantic tokens for /Users/neka/Projects/one-percent/src/main/scala/game/DataLoader.scala
scala.meta.tokenizers.TokenizeException: <input>:27: error: unclosed comment
                /* Skip invalid format 
                ^
	at scala.meta.internal.tokenizers.Reporter.incompleteInputError(Reporter.scala:27)
	at scala.meta.internal.tokenizers.Reporter.incompleteInputError$(Reporter.scala:26)
	at scala.meta.internal.tokenizers.Reporter$$anon$1.incompleteInputError(Reporter.scala:33)
	at scala.meta.internal.tokenizers.Reporter.incompleteInputError(Reporter.scala:29)
	at scala.meta.internal.tokenizers.Reporter.incompleteInputError$(Reporter.scala:29)
	at scala.meta.internal.tokenizers.Reporter$$anon$1.incompleteInputError(Reporter.scala:33)
	at scala.meta.internal.tokenizers.LegacyScanner.skipNestedComments(LegacyScanner.scala:52)
	at scala.meta.internal.tokenizers.LegacyScanner.skipToCommentEnd(LegacyScanner.scala:71)
	at scala.meta.internal.tokenizers.LegacyScanner.fetchToken(LegacyScanner.scala:313)
	at scala.meta.internal.tokenizers.LegacyScanner.nextToken(LegacyScanner.scala:211)
	at scala.meta.internal.tokenizers.LegacyScanner.foreach(LegacyScanner.scala:1011)
	at scala.meta.internal.tokenizers.ScalametaTokenizer.uncachedTokenize(ScalametaTokenizer.scala:24)
	at scala.meta.internal.tokenizers.ScalametaTokenizer.$anonfun$tokenize$1(ScalametaTokenizer.scala:17)
	at scala.collection.concurrent.TrieMap.getOrElseUpdate(TrieMap.scala:962)
	at scala.meta.internal.tokenizers.ScalametaTokenizer.tokenize(ScalametaTokenizer.scala:17)
	at scala.meta.internal.tokenizers.ScalametaTokenizer$$anon$2.apply(ScalametaTokenizer.scala:332)
	at scala.meta.tokenizers.Api$XtensionTokenizeDialectInput.tokenize(Api.scala:25)
	at scala.meta.tokenizers.Api$XtensionTokenizeInputLike.tokenize(Api.scala:14)
	at scala.meta.internal.metals.SemanticTokensProvider$.getTokens(SemanticTokensProvider.scala:28)
	at scala.meta.internal.metals.SemanticTokensProvider$.provide(SemanticTokensProvider.scala:89)
	at scala.meta.internal.metals.Compilers.$anonfun$semanticTokens$3(Compilers.scala:541)
	at scala.concurrent.impl.Promise$Transformation.run(Promise.scala:467)
	at java.util.concurrent.ThreadPoolExecutor.runWorker(ThreadPoolExecutor.java:1136)
	at java.util.concurrent.ThreadPoolExecutor$Worker.run(ThreadPoolExecutor.java:635)
	at java.lang.Thread.run(Thread.java:833)

2024.03.25 15:37:28 WARN  no build target for: /Users/neka/Projects/one-percent/src/main/scala/game/DataLoader.scala
2024.03.25 15:37:30 WARN  no build target for: /Users/neka/Projects/one-percent/src/main/scala/game/DataLoader.scala
2024.03.25 15:37:33 WARN  no build target for: /Users/neka/Projects/one-percent/src/main/scala/game/DataLoader.scala
2024.03.25 15:37:36 WARN  no build target for: /Users/neka/Projects/one-percent/src/main/scala/game/DataLoader.scala
2024.03.25 15:37:43 WARN  no build target for: /Users/neka/Projects/one-percent/src/main/scala/game/DataLoader.scala
2024.03.25 15:41:40 WARN  no build target for: /Users/neka/Projects/one-percent/src/main/scala/game/Game.scala
2024.03.25 15:41:42 WARN  no build target for: /Users/neka/Projects/one-percent/src/main/scala/game/Game.scala
2024.03.25 15:41:45 WARN  no build target for: /Users/neka/Projects/one-percent/src/main/scala/game/Game.scala
Mar 25, 2024 3:42:43 PM org.eclipse.lsp4j.jsonrpc.RemoteEndpoint handleCancellation
WARNING: Unmatched cancel notification for request id 901
2024.03.25 15:42:46 WARN  no build target for: /Users/neka/Projects/one-percent/src/main/scala/game/Game.scala
2024.03.25 15:51:06 WARN  no build target for: /Users/neka/Projects/one-percent/src/main/scala/game/Game.scala
2024.03.25 15:51:07 WARN  no build target for: /Users/neka/Projects/one-percent/src/main/scala/game/Game.scala
2024.03.25 15:51:17 WARN  no build target for: /Users/neka/Projects/one-percent/src/main/scala/game/Game.scala
2024.03.25 15:51:24 WARN  no build target for: /Users/neka/Projects/one-percent/src/main/scala/game/Game.scala
2024.03.25 15:51:46 WARN  no build target for: /Users/neka/Projects/one-percent/src/main/scala/game/Game.scala
2024.03.25 15:51:47 WARN  no build target for: /Users/neka/Projects/one-percent/src/main/scala/game/Game.scala
2024.03.25 15:51:48 WARN  no build target for: /Users/neka/Projects/one-percent/src/main/scala/game/Game.scala
2024.03.25 15:51:49 WARN  no build target for: /Users/neka/Projects/one-percent/src/main/scala/game/Game.scala
2024.03.25 15:51:50 WARN  no build target for: /Users/neka/Projects/one-percent/src/main/scala/game/Game.scala
2024.03.25 15:51:52 WARN  no build target for: /Users/neka/Projects/one-percent/src/main/scala/game/Game.scala
2024.03.25 15:52:27 WARN  no build target for: /Users/neka/Projects/one-percent/src/main/scala/game/Game.scala
2024.03.25 15:52:30 WARN  no build target for: /Users/neka/Projects/one-percent/src/main/scala/game/Game.scala
Mar 25, 2024 3:53:14 PM org.eclipse.lsp4j.jsonrpc.RemoteEndpoint handleCancellation
WARNING: Unmatched cancel notification for request id 1087
2024.03.25 15:53:19 WARN  no build target for: /Users/neka/Projects/one-percent/src/main/scala/game/Game.scala
2024.03.25 15:53:42 WARN  no build target for: /Users/neka/Projects/one-percent/src/main/scala/game/Game.scala
2024.03.25 15:54:03 WARN  no build target for: /Users/neka/Projects/one-percent/src/main/scala/game/Game.scala
Mar 25, 2024 3:54:38 PM org.eclipse.lsp4j.jsonrpc.RemoteEndpoint handleCancellation
WARNING: Unmatched cancel notification for request id 1176
2024.03.25 15:54:41 WARN  no build target for: /Users/neka/Projects/one-percent/src/main/scala/game/Game.scala
2024.03.25 15:54:42 WARN  no build target for: /Users/neka/Projects/one-percent/src/main/scala/game/Game.scala
2024.03.25 15:54:45 WARN  no build target for: /Users/neka/Projects/one-percent/src/main/scala/game/Game.scala
2024.03.25 15:54:46 WARN  no build target for: /Users/neka/Projects/one-percent/src/main/scala/game/Game.scala
2024.03.25 15:54:48 WARN  no build target for: /Users/neka/Projects/one-percent/src/main/scala/game/Game.scala
2024.03.25 15:55:30 WARN  no build target for: /Users/neka/Projects/one-percent/src/main/scala/game/Game.scala
2024.03.25 15:55:31 WARN  no build target for: /Users/neka/Projects/one-percent/src/main/scala/game/Game.scala
Mar 25, 2024 3:55:32 PM org.eclipse.lsp4j.jsonrpc.RemoteEndpoint handleCancellation
WARNING: Unmatched cancel notification for request id 1254
2024.03.25 15:55:34 WARN  no build target for: /Users/neka/Projects/one-percent/src/main/scala/game/Game.scala
2024.03.25 15:56:09 WARN  no build target for: /Users/neka/Projects/one-percent/src/main/scala/game/Game.scala
2024.03.25 15:56:11 WARN  no build target for: /Users/neka/Projects/one-percent/src/main/scala/game/Game.scala
2024.03.25 15:57:36 WARN  no build target for: /Users/neka/Projects/one-percent/src/main/scala/game/Game.scala
2024.03.25 15:57:41 WARN  no build target for: /Users/neka/Projects/one-percent/src/main/scala/game/Game.scala
2024.03.25 15:57:42 WARN  no build target for: /Users/neka/Projects/one-percent/src/main/scala/game/Game.scala
2024.03.25 15:57:43 WARN  no build target for: /Users/neka/Projects/one-percent/src/main/scala/game/Game.scala
2024.03.25 15:57:46 WARN  no build target for: /Users/neka/Projects/one-percent/src/main/scala/game/Game.scala
2024.03.25 15:57:47 WARN  no build target for: /Users/neka/Projects/one-percent/src/main/scala/game/Game.scala
2024.03.25 15:57:49 WARN  no build target for: /Users/neka/Projects/one-percent/src/main/scala/game/Game.scala
2024.03.25 15:57:55 ERROR Failed to tokenize input for semantic tokens for /Users/neka/Projects/one-percent/src/main/scala/game/Game.scala
scala.meta.tokenizers.TokenizeException: <input>:57: error: unclosed character literal
    println('')
            ^
	at scala.meta.internal.tokenizers.Reporter.syntaxError(Reporter.scala:23)
	at scala.meta.internal.tokenizers.Reporter.syntaxError$(Reporter.scala:23)
	at scala.meta.internal.tokenizers.Reporter$$anon$1.syntaxError(Reporter.scala:33)
	at scala.meta.internal.tokenizers.Reporter.syntaxError(Reporter.scala:25)
	at scala.meta.internal.tokenizers.Reporter.syntaxError$(Reporter.scala:25)
	at scala.meta.internal.tokenizers.Reporter$$anon$1.syntaxError(Reporter.scala:33)
	at scala.meta.internal.tokenizers.LegacyScanner.fetchSingleQuote$1(LegacyScanner.scala:407)
	at scala.meta.internal.tokenizers.LegacyScanner.fetchToken(LegacyScanner.scala:412)
	at scala.meta.internal.tokenizers.LegacyScanner.nextToken(LegacyScanner.scala:211)
	at scala.meta.internal.tokenizers.LegacyScanner.foreach(LegacyScanner.scala:1011)
	at scala.meta.internal.tokenizers.ScalametaTokenizer.uncachedTokenize(ScalametaTokenizer.scala:24)
	at scala.meta.internal.tokenizers.ScalametaTokenizer.$anonfun$tokenize$1(ScalametaTokenizer.scala:17)
	at scala.collection.concurrent.TrieMap.getOrElseUpdate(TrieMap.scala:962)
	at scala.meta.internal.tokenizers.ScalametaTokenizer.tokenize(ScalametaTokenizer.scala:17)
	at scala.meta.internal.tokenizers.ScalametaTokenizer$$anon$2.apply(ScalametaTokenizer.scala:332)
	at scala.meta.tokenizers.Api$XtensionTokenizeDialectInput.tokenize(Api.scala:25)
	at scala.meta.tokenizers.Api$XtensionTokenizeInputLike.tokenize(Api.scala:14)
	at scala.meta.internal.metals.SemanticTokensProvider$.getTokens(SemanticTokensProvider.scala:28)
	at scala.meta.internal.metals.SemanticTokensProvider$.provide(SemanticTokensProvider.scala:89)
	at scala.meta.internal.metals.Compilers.$anonfun$semanticTokens$3(Compilers.scala:541)
	at scala.concurrent.impl.Promise$Transformation.run(Promise.scala:467)
	at java.util.concurrent.ThreadPoolExecutor.runWorker(ThreadPoolExecutor.java:1136)
	at java.util.concurrent.ThreadPoolExecutor$Worker.run(ThreadPoolExecutor.java:635)
	at java.lang.Thread.run(Thread.java:833)

2024.03.25 15:57:57 WARN  no build target for: /Users/neka/Projects/one-percent/src/main/scala/game/Game.scala
2024.03.25 15:57:59 WARN  no build target for: /Users/neka/Projects/one-percent/src/main/scala/game/Game.scala
2024.03.25 15:58:02 WARN  no build target for: /Users/neka/Projects/one-percent/src/main/scala/game/Game.scala
2024.03.25 15:58:08 WARN  no build target for: /Users/neka/Projects/one-percent/src/main/scala/game/Game.scala
2024.03.25 15:58:21 WARN  no build target for: /Users/neka/Projects/one-percent/src/main/scala/game/Game.scala
2024.03.25 15:58:22 WARN  no build target for: /Users/neka/Projects/one-percent/src/main/scala/game/Game.scala
2024.03.25 15:59:04 WARN  no build target for: /Users/neka/Projects/one-percent/src/main/scala/game/Game.scala
2024.03.25 15:59:08 WARN  no build target for: /Users/neka/Projects/one-percent/src/main/scala/game/Game.scala
2024.03.25 16:01:24 WARN  no build target for: /Users/neka/Projects/one-percent/src/main/scala/game/Game.scala
2024.03.25 16:01:25 WARN  no build target for: /Users/neka/Projects/one-percent/src/main/scala/game/Game.scala
2024.03.25 16:01:30 ERROR Failed to tokenize input for semantic tokens for /Users/neka/Projects/one-percent/src/main/scala/game/Game.scala
scala.meta.tokenizers.TokenizeException: <input>:78: error: illegal character '\u00a7'
}
^
	at scala.meta.internal.tokenizers.Reporter.syntaxError(Reporter.scala:23)
	at scala.meta.internal.tokenizers.Reporter.syntaxError$(Reporter.scala:23)
	at scala.meta.internal.tokenizers.Reporter$$anon$1.syntaxError(Reporter.scala:33)
	at scala.meta.internal.tokenizers.Reporter.syntaxError(Reporter.scala:25)
	at scala.meta.internal.tokenizers.Reporter.syntaxError$(Reporter.scala:25)
	at scala.meta.internal.tokenizers.Reporter$$anon$1.syntaxError(Reporter.scala:33)
	at scala.meta.internal.tokenizers.LegacyScanner.fetchOther$1(LegacyScanner.scala:469)
	at scala.meta.internal.tokenizers.LegacyScanner.fetchToken(LegacyScanner.scala:474)
	at scala.meta.internal.tokenizers.LegacyScanner.nextToken(LegacyScanner.scala:211)
	at scala.meta.internal.tokenizers.LegacyScanner.foreach(LegacyScanner.scala:1011)
	at scala.meta.internal.tokenizers.ScalametaTokenizer.uncachedTokenize(ScalametaTokenizer.scala:24)
	at scala.meta.internal.tokenizers.ScalametaTokenizer.$anonfun$tokenize$1(ScalametaTokenizer.scala:17)
	at scala.collection.concurrent.TrieMap.getOrElseUpdate(TrieMap.scala:962)
	at scala.meta.internal.tokenizers.ScalametaTokenizer.tokenize(ScalametaTokenizer.scala:17)
	at scala.meta.internal.tokenizers.ScalametaTokenizer$$anon$2.apply(ScalametaTokenizer.scala:332)
	at scala.meta.tokenizers.Api$XtensionTokenizeDialectInput.tokenize(Api.scala:25)
	at scala.meta.tokenizers.Api$XtensionTokenizeInputLike.tokenize(Api.scala:14)
	at scala.meta.internal.metals.SemanticTokensProvider$.getTokens(SemanticTokensProvider.scala:28)
	at scala.meta.internal.metals.SemanticTokensProvider$.provide(SemanticTokensProvider.scala:89)
	at scala.meta.internal.metals.Compilers.$anonfun$semanticTokens$3(Compilers.scala:541)
	at scala.concurrent.impl.Promise$Transformation.run(Promise.scala:467)
	at java.util.concurrent.ThreadPoolExecutor.runWorker(ThreadPoolExecutor.java:1136)
	at java.util.concurrent.ThreadPoolExecutor$Worker.run(ThreadPoolExecutor.java:635)
	at java.lang.Thread.run(Thread.java:833)

2024.03.25 16:01:32 WARN  no build target for: /Users/neka/Projects/one-percent/src/main/scala/game/Game.scala
2024.03.25 16:02:34 WARN  no build target for: /Users/neka/Projects/one-percent/src/main/scala/game/Game.scala
2024.03.25 16:02:34 WARN  no build target for: /Users/neka/Projects/one-percent/src/main/scala/game/Game.scala
2024.03.25 16:02:35 WARN  no build target for: /Users/neka/Projects/one-percent/src/main/scala/game/Game.scala
2024.03.25 16:02:37 WARN  no build target for: /Users/neka/Projects/one-percent/src/main/scala/game/Game.scala
2024.03.25 16:03:47 WARN  no build target for: /Users/neka/Projects/one-percent/src/main/scala/game/Game.scala
2024.03.25 16:03:48 WARN  no build target for: /Users/neka/Projects/one-percent/src/main/scala/game/Game.scala
2024.03.25 16:04:24 WARN  no build target for: /Users/neka/Projects/one-percent/src/main/scala/game/Game.scala
2024.03.25 16:04:46 WARN  no build target for: /Users/neka/Projects/one-percent/src/main/scala/game/Game.scala
2024.03.25 16:04:47 WARN  no build target for: /Users/neka/Projects/one-percent/src/main/scala/game/Game.scala
2024.03.25 16:04:52 WARN  no build target for: /Users/neka/Projects/one-percent/src/main/scala/game/Game.scala
2024.03.25 16:04:53 WARN  no build target for: /Users/neka/Projects/one-percent/src/main/scala/game/Game.scala
2024.03.25 16:04:56 WARN  no build target for: /Users/neka/Projects/one-percent/src/main/scala/game/Game.scala
2024.03.25 16:05:43 WARN  no build target for: /Users/neka/Projects/one-percent/src/main/scala/game/Game.scala
2024.03.25 16:05:44 WARN  no build target for: /Users/neka/Projects/one-percent/src/main/scala/game/Game.scala
2024.03.25 16:05:47 WARN  no build target for: /Users/neka/Projects/one-percent/src/main/scala/game/Game.scala
2024.03.25 16:05:48 WARN  no build target for: /Users/neka/Projects/one-percent/src/main/scala/game/Game.scala
2024.03.25 16:07:45 WARN  no build target for: /Users/neka/Projects/one-percent/src/main/scala/game/Game.scala
2024.03.25 16:07:47 WARN  no build target for: /Users/neka/Projects/one-percent/src/main/scala/game/Game.scala
2024.03.25 16:07:51 WARN  no build target for: /Users/neka/Projects/one-percent/src/main/scala/game/Game.scala
2024.03.25 16:07:57 WARN  no build target for: /Users/neka/Projects/one-percent/src/main/scala/game/Game.scala
2024.03.25 16:09:22 ERROR Failed to tokenize input for semantic tokens for /Users/neka/Projects/one-percent/src/main/scala/game/Game.scala
scala.meta.tokenizers.TokenizeException: <input>:81: error: unclosed comment
    /* 
    ^
	at scala.meta.internal.tokenizers.Reporter.incompleteInputError(Reporter.scala:27)
	at scala.meta.internal.tokenizers.Reporter.incompleteInputError$(Reporter.scala:26)
	at scala.meta.internal.tokenizers.Reporter$$anon$1.incompleteInputError(Reporter.scala:33)
	at scala.meta.internal.tokenizers.Reporter.incompleteInputError(Reporter.scala:29)
	at scala.meta.internal.tokenizers.Reporter.incompleteInputError$(Reporter.scala:29)
	at scala.meta.internal.tokenizers.Reporter$$anon$1.incompleteInputError(Reporter.scala:33)
	at scala.meta.internal.tokenizers.LegacyScanner.skipNestedComments(LegacyScanner.scala:52)
	at scala.meta.internal.tokenizers.LegacyScanner.skipToCommentEnd(LegacyScanner.scala:71)
	at scala.meta.internal.tokenizers.LegacyScanner.fetchToken(LegacyScanner.scala:313)
	at scala.meta.internal.tokenizers.LegacyScanner.nextToken(LegacyScanner.scala:211)
	at scala.meta.internal.tokenizers.LegacyScanner.foreach(LegacyScanner.scala:1011)
	at scala.meta.internal.tokenizers.ScalametaTokenizer.uncachedTokenize(ScalametaTokenizer.scala:24)
	at scala.meta.internal.tokenizers.ScalametaTokenizer.$anonfun$tokenize$1(ScalametaTokenizer.scala:17)
	at scala.collection.concurrent.TrieMap.getOrElseUpdate(TrieMap.scala:962)
	at scala.meta.internal.tokenizers.ScalametaTokenizer.tokenize(ScalametaTokenizer.scala:17)
	at scala.meta.internal.tokenizers.ScalametaTokenizer$$anon$2.apply(ScalametaTokenizer.scala:332)
	at scala.meta.tokenizers.Api$XtensionTokenizeDialectInput.tokenize(Api.scala:25)
	at scala.meta.tokenizers.Api$XtensionTokenizeInputLike.tokenize(Api.scala:14)
	at scala.meta.internal.metals.SemanticTokensProvider$.getTokens(SemanticTokensProvider.scala:28)
	at scala.meta.internal.metals.SemanticTokensProvider$.provide(SemanticTokensProvider.scala:89)
	at scala.meta.internal.metals.Compilers.$anonfun$semanticTokens$3(Compilers.scala:541)
	at scala.concurrent.impl.Promise$Transformation.run(Promise.scala:467)
	at java.util.concurrent.ThreadPoolExecutor.runWorker(ThreadPoolExecutor.java:1136)
	at java.util.concurrent.ThreadPoolExecutor$Worker.run(ThreadPoolExecutor.java:635)
	at java.lang.Thread.run(Thread.java:833)

2024.03.25 16:09:23 WARN  no build target for: /Users/neka/Projects/one-percent/src/main/scala/game/Game.scala
2024.03.25 16:09:33 WARN  no build target for: /Users/neka/Projects/one-percent/src/main/scala/game/Game.scala
2024.03.25 16:09:38 WARN  no build target for: /Users/neka/Projects/one-percent/src/main/scala/game/Game.scala
2024.03.25 16:09:41 WARN  no build target for: /Users/neka/Projects/one-percent/src/main/scala/game/Game.scala
2024.03.25 16:09:44 WARN  no build target for: /Users/neka/Projects/one-percent/src/main/scala/game/Game.scala
2024.03.25 16:09:49 WARN  no build target for: /Users/neka/Projects/one-percent/src/main/scala/game/Game.scala
2024.03.25 16:09:54 WARN  no build target for: /Users/neka/Projects/one-percent/src/main/scala/game/Game.scala
2024.03.25 16:10:00 WARN  no build target for: /Users/neka/Projects/one-percent/src/main/scala/game/Game.scala
Mar 25, 2024 4:10:05 PM org.eclipse.lsp4j.jsonrpc.RemoteEndpoint handleCancellation
WARNING: Unmatched cancel notification for request id 2150
2024.03.25 16:10:14 WARN  no build target for: /Users/neka/Projects/one-percent/src/main/scala/game/Game.scala
2024.03.25 16:10:18 WARN  no build target for: /Users/neka/Projects/one-percent/src/main/scala/game/Game.scala
2024.03.25 16:10:23 WARN  no build target for: /Users/neka/Projects/one-percent/src/main/scala/game/Game.scala
2024.03.25 16:10:31 WARN  no build target for: /Users/neka/Projects/one-percent/src/main/scala/game/Game.scala
2024.03.25 16:10:45 WARN  no build target for: /Users/neka/Projects/one-percent/src/main/scala/game/Game.scala
2024.03.25 16:12:50 WARN  no build target for: /Users/neka/Projects/one-percent/src/main/scala/game/Game.scala
2024.03.25 16:13:02 WARN  no build target for: /Users/neka/Projects/one-percent/src/main/scala/game/Game.scala
2024.03.25 16:13:12 WARN  no build target for: /Users/neka/Projects/one-percent/src/main/scala/game/Game.scala
2024.03.25 16:13:14 WARN  no build target for: /Users/neka/Projects/one-percent/src/main/scala/game/Game.scala
Mar 25, 2024 4:13:15 PM org.eclipse.lsp4j.jsonrpc.RemoteEndpoint handleCancellation
WARNING: Unmatched cancel notification for request id 2413
2024.03.25 16:13:17 WARN  no build target for: /Users/neka/Projects/one-percent/src/main/scala/game/Game.scala
2024.03.25 16:13:19 WARN  no build target for: /Users/neka/Projects/one-percent/src/main/scala/game/Game.scala
2024.03.25 16:13:23 WARN  no build target for: /Users/neka/Projects/one-percent/src/main/scala/game/Game.scala
Mar 25, 2024 4:13:27 PM org.eclipse.lsp4j.jsonrpc.RemoteEndpoint handleCancellation
WARNING: Unmatched cancel notification for request id 2466
2024.03.25 16:13:35 WARN  no build target for: /Users/neka/Projects/one-percent/src/main/scala/game/Game.scala
2024.03.25 16:13:57 WARN  no build target for: /Users/neka/Projects/one-percent/src/main/scala/game/Game.scala
2024.03.25 16:14:01 WARN  no build target for: /Users/neka/Projects/one-percent/src/main/scala/game/Game.scala
2024.03.25 16:14:03 WARN  no build target for: /Users/neka/Projects/one-percent/src/main/scala/game/Game.scala
2024.03.25 16:14:08 WARN  no build target for: /Users/neka/Projects/one-percent/src/main/scala/game/Game.scala
Mar 25, 2024 4:14:28 PM org.eclipse.lsp4j.jsonrpc.RemoteEndpoint handleCancellation
WARNING: Unmatched cancel notification for request id 2624
2024.03.25 16:14:44 WARN  no build target for: /Users/neka/Projects/one-percent/src/main/scala/game/Game.scala
2024.03.25 16:15:41 WARN  no build target for: /Users/neka/Projects/one-percent/src/main/scala/game/Game.scala
2024.03.25 16:15:48 WARN  no build target for: /Users/neka/Projects/one-percent/src/main/scala/game/Game.scala
2024.03.25 16:15:53 WARN  no build target for: /Users/neka/Projects/one-percent/src/main/scala/game/Game.scala
2024.03.25 16:16:24 WARN  no build target for: /Users/neka/Projects/one-percent/src/main/scala/game/Game.scala
2024.03.25 16:16:25 WARN  no build target for: /Users/neka/Projects/one-percent/src/main/scala/game/Game.scala
2024.03.25 16:16:26 WARN  no build target for: /Users/neka/Projects/one-percent/src/main/scala/game/Game.scala
2024.03.25 16:16:26 WARN  no build target for: /Users/neka/Projects/one-percent/src/main/scala/game/Game.scala
2024.03.25 16:17:14 WARN  no build target for: /Users/neka/Projects/one-percent/src/main/scala/game/Game.scala
2024.03.25 16:17:16 WARN  no build target for: /Users/neka/Projects/one-percent/src/main/scala/game/Game.scala
2024.03.25 16:17:19 WARN  no build target for: /Users/neka/Projects/one-percent/src/main/scala/game/Game.scala
2024.03.25 16:17:22 WARN  no build target for: /Users/neka/Projects/one-percent/src/main/scala/game/Game.scala
2024.03.25 16:17:24 WARN  no build target for: /Users/neka/Projects/one-percent/src/main/scala/game/Game.scala
2024.03.25 16:17:24 WARN  no build target for: /Users/neka/Projects/one-percent/src/main/scala/game/Game.scala
2024.03.25 16:18:12 WARN  no build target for: /Users/neka/Projects/one-percent/src/main/scala/game/DataLoader.scala
2024.03.25 16:18:12 WARN  no build target for: /Users/neka/Projects/one-percent/src/main/scala/game/DataLoader.scala
2024.03.25 16:18:55 WARN  no build target for: /Users/neka/Projects/one-percent/src/main/scala/game/DataLoader.scala
2024.03.25 16:19:03 WARN  no build target for: /Users/neka/Projects/one-percent/src/main/scala/game/DataLoader.scala
2024.03.25 16:19:05 WARN  no build target for: /Users/neka/Projects/one-percent/src/main/scala/game/DataLoader.scala
2024.03.25 16:19:15 WARN  no build target for: /Users/neka/Projects/one-percent/src/main/scala/game/DataLoader.scala
2024.03.25 16:19:18 WARN  no build target for: /Users/neka/Projects/one-percent/src/main/scala/game/DataLoader.scala
2024.03.25 16:21:04 WARN  no build target for: /Users/neka/Projects/one-percent/src/main/scala/game/Game.scala
2024.03.25 16:21:06 ERROR Failed to tokenize input for semantic tokens for /Users/neka/Projects/one-percent/src/main/scala/game/Game.scala
scala.meta.tokenizers.TokenizeException: <input>:70: error: unclosed comment
    val correctAnswer = question.answer.toLower /* Convert the correct answer to lowercase for case-insensitive comparison
                                                ^
	at scala.meta.internal.tokenizers.Reporter.incompleteInputError(Reporter.scala:27)
	at scala.meta.internal.tokenizers.Reporter.incompleteInputError$(Reporter.scala:26)
	at scala.meta.internal.tokenizers.Reporter$$anon$1.incompleteInputError(Reporter.scala:33)
	at scala.meta.internal.tokenizers.Reporter.incompleteInputError(Reporter.scala:29)
	at scala.meta.internal.tokenizers.Reporter.incompleteInputError$(Reporter.scala:29)
	at scala.meta.internal.tokenizers.Reporter$$anon$1.incompleteInputError(Reporter.scala:33)
	at scala.meta.internal.tokenizers.LegacyScanner.skipNestedComments(LegacyScanner.scala:52)
	at scala.meta.internal.tokenizers.LegacyScanner.skipToCommentEnd(LegacyScanner.scala:71)
	at scala.meta.internal.tokenizers.LegacyScanner.fetchToken(LegacyScanner.scala:313)
	at scala.meta.internal.tokenizers.LegacyScanner.nextToken(LegacyScanner.scala:211)
	at scala.meta.internal.tokenizers.LegacyScanner.foreach(LegacyScanner.scala:1011)
	at scala.meta.internal.tokenizers.ScalametaTokenizer.uncachedTokenize(ScalametaTokenizer.scala:24)
	at scala.meta.internal.tokenizers.ScalametaTokenizer.$anonfun$tokenize$1(ScalametaTokenizer.scala:17)
	at scala.collection.concurrent.TrieMap.getOrElseUpdate(TrieMap.scala:962)
	at scala.meta.internal.tokenizers.ScalametaTokenizer.tokenize(ScalametaTokenizer.scala:17)
	at scala.meta.internal.tokenizers.ScalametaTokenizer$$anon$2.apply(ScalametaTokenizer.scala:332)
	at scala.meta.tokenizers.Api$XtensionTokenizeDialectInput.tokenize(Api.scala:25)
	at scala.meta.tokenizers.Api$XtensionTokenizeInputLike.tokenize(Api.scala:14)
	at scala.meta.internal.metals.SemanticTokensProvider$.getTokens(SemanticTokensProvider.scala:28)
	at scala.meta.internal.metals.SemanticTokensProvider$.provide(SemanticTokensProvider.scala:89)
	at scala.meta.internal.metals.Compilers.$anonfun$semanticTokens$3(Compilers.scala:541)
	at scala.concurrent.impl.Promise$Transformation.run(Promise.scala:467)
	at java.util.concurrent.ThreadPoolExecutor.runWorker(ThreadPoolExecutor.java:1136)
	at java.util.concurrent.ThreadPoolExecutor$Worker.run(ThreadPoolExecutor.java:635)
	at java.lang.Thread.run(Thread.java:833)

2024.03.25 16:21:07 WARN  no build target for: /Users/neka/Projects/one-percent/src/main/scala/game/Game.scala
2024.03.25 16:21:07 ERROR Failed to tokenize input for semantic tokens for /Users/neka/Projects/one-percent/src/main/scala/game/Game.scala
scala.meta.tokenizers.TokenizeException: <input>:70: error: unclosed comment
    val correctAnswer = question.answer.toLower /* Convert the correct answer to lowercase for case-insensitive comparison
                                                ^
	at scala.meta.internal.tokenizers.Reporter.incompleteInputError(Reporter.scala:27)
	at scala.meta.internal.tokenizers.Reporter.incompleteInputError$(Reporter.scala:26)
	at scala.meta.internal.tokenizers.Reporter$$anon$1.incompleteInputError(Reporter.scala:33)
	at scala.meta.internal.tokenizers.Reporter.incompleteInputError(Reporter.scala:29)
	at scala.meta.internal.tokenizers.Reporter.incompleteInputError$(Reporter.scala:29)
	at scala.meta.internal.tokenizers.Reporter$$anon$1.incompleteInputError(Reporter.scala:33)
	at scala.meta.internal.tokenizers.LegacyScanner.skipNestedComments(LegacyScanner.scala:52)
	at scala.meta.internal.tokenizers.LegacyScanner.skipToCommentEnd(LegacyScanner.scala:71)
	at scala.meta.internal.tokenizers.LegacyScanner.fetchToken(LegacyScanner.scala:313)
	at scala.meta.internal.tokenizers.LegacyScanner.nextToken(LegacyScanner.scala:211)
	at scala.meta.internal.tokenizers.LegacyScanner.foreach(LegacyScanner.scala:1011)
	at scala.meta.internal.tokenizers.ScalametaTokenizer.uncachedTokenize(ScalametaTokenizer.scala:24)
	at scala.meta.internal.tokenizers.ScalametaTokenizer.$anonfun$tokenize$1(ScalametaTokenizer.scala:17)
	at scala.collection.concurrent.TrieMap.getOrElseUpdate(TrieMap.scala:962)
	at scala.meta.internal.tokenizers.ScalametaTokenizer.tokenize(ScalametaTokenizer.scala:17)
	at scala.meta.internal.tokenizers.ScalametaTokenizer$$anon$2.apply(ScalametaTokenizer.scala:332)
	at scala.meta.tokenizers.Api$XtensionTokenizeDialectInput.tokenize(Api.scala:25)
	at scala.meta.tokenizers.Api$XtensionTokenizeInputLike.tokenize(Api.scala:14)
	at scala.meta.internal.metals.SemanticTokensProvider$.getTokens(SemanticTokensProvider.scala:28)
	at scala.meta.internal.metals.SemanticTokensProvider$.provide(SemanticTokensProvider.scala:89)
	at scala.meta.internal.metals.Compilers.$anonfun$semanticTokens$3(Compilers.scala:541)
	at scala.concurrent.impl.Promise$Transformation.run(Promise.scala:467)
	at java.util.concurrent.ThreadPoolExecutor.runWorker(ThreadPoolExecutor.java:1136)
	at java.util.concurrent.ThreadPoolExecutor$Worker.run(ThreadPoolExecutor.java:635)
	at java.lang.Thread.run(Thread.java:833)

2024.03.25 16:21:07 ERROR Failed to tokenize input for semantic tokens for /Users/neka/Projects/one-percent/src/main/scala/game/Game.scala
scala.meta.tokenizers.TokenizeException: <input>:70: error: unclosed comment
    val correctAnswer = question.answer.toLower /* Convert the correct answer to lowercase for case-insensitive comparison *
                                                ^
	at scala.meta.internal.tokenizers.Reporter.incompleteInputError(Reporter.scala:27)
	at scala.meta.internal.tokenizers.Reporter.incompleteInputError$(Reporter.scala:26)
	at scala.meta.internal.tokenizers.Reporter$$anon$1.incompleteInputError(Reporter.scala:33)
	at scala.meta.internal.tokenizers.Reporter.incompleteInputError(Reporter.scala:29)
	at scala.meta.internal.tokenizers.Reporter.incompleteInputError$(Reporter.scala:29)
	at scala.meta.internal.tokenizers.Reporter$$anon$1.incompleteInputError(Reporter.scala:33)
	at scala.meta.internal.tokenizers.LegacyScanner.skipNestedComments(LegacyScanner.scala:52)
	at scala.meta.internal.tokenizers.LegacyScanner.skipToCommentEnd(LegacyScanner.scala:71)
	at scala.meta.internal.tokenizers.LegacyScanner.fetchToken(LegacyScanner.scala:313)
	at scala.meta.internal.tokenizers.LegacyScanner.nextToken(LegacyScanner.scala:211)
	at scala.meta.internal.tokenizers.LegacyScanner.foreach(LegacyScanner.scala:1011)
	at scala.meta.internal.tokenizers.ScalametaTokenizer.uncachedTokenize(ScalametaTokenizer.scala:24)
	at scala.meta.internal.tokenizers.ScalametaTokenizer.$anonfun$tokenize$1(ScalametaTokenizer.scala:17)
	at scala.collection.concurrent.TrieMap.getOrElseUpdate(TrieMap.scala:962)
	at scala.meta.internal.tokenizers.ScalametaTokenizer.tokenize(ScalametaTokenizer.scala:17)
	at scala.meta.internal.tokenizers.ScalametaTokenizer$$anon$2.apply(ScalametaTokenizer.scala:332)
	at scala.meta.tokenizers.Api$XtensionTokenizeDialectInput.tokenize(Api.scala:25)
	at scala.meta.tokenizers.Api$XtensionTokenizeInputLike.tokenize(Api.scala:14)
	at scala.meta.internal.metals.SemanticTokensProvider$.getTokens(SemanticTokensProvider.scala:28)
	at scala.meta.internal.metals.SemanticTokensProvider$.provide(SemanticTokensProvider.scala:89)
	at scala.meta.internal.metals.Compilers.$anonfun$semanticTokens$3(Compilers.scala:541)
	at scala.concurrent.impl.Promise$Transformation.run(Promise.scala:467)
	at java.util.concurrent.ThreadPoolExecutor.runWorker(ThreadPoolExecutor.java:1136)
	at java.util.concurrent.ThreadPoolExecutor$Worker.run(ThreadPoolExecutor.java:635)
	at java.lang.Thread.run(Thread.java:833)

2024.03.25 16:21:08 WARN  no build target for: /Users/neka/Projects/one-percent/src/main/scala/game/Game.scala
2024.03.25 17:36:43 WARN  no build target for: /Users/neka/Projects/one-percent/src/main/scala/game/Game.scala
2024.03.25 17:36:46 WARN  no build target for: /Users/neka/Projects/one-percent/src/main/scala/game/Game.scala
2024.03.25 17:36:48 WARN  no build target for: /Users/neka/Projects/one-percent/src/main/scala/game/Game.scala
2024.03.25 17:37:08 WARN  no build target for: /Users/neka/Projects/one-percent/src/main/scala/game/Game.scala
2024.03.25 17:37:15 WARN  no build target for: /Users/neka/Projects/one-percent/src/main/scala/game/Game.scala
2024.03.25 17:37:21 WARN  no build target for: /Users/neka/Projects/one-percent/src/main/scala/game/Game.scala
2024.03.25 19:10:43 WARN  no build target for: /Users/neka/Projects/one-percent/src/main/scala/game/Category.scala
2024.03.25 19:10:48 WARN  no build target for: /Users/neka/Projects/one-percent/src/main/scala/game/Category.scala
2024.03.25 19:10:50 WARN  no build target for: /Users/neka/Projects/one-percent/src/main/scala/game/Category.scala
2024.03.25 19:10:53 WARN  no build target for: /Users/neka/Projects/one-percent/src/main/scala/game/Category.scala
2024.03.25 19:11:01 WARN  no build target for: /Users/neka/Projects/one-percent/src/main/scala/game/DataLoader.scala
2024.03.25 19:11:03 WARN  no build target for: /Users/neka/Projects/one-percent/src/main/scala/game/DataLoader.scala
2024.03.25 19:11:45 WARN  no build target for: /Users/neka/Projects/one-percent/src/main/scala/game/DataLoader.scala
2024.03.25 19:11:50 WARN  no build target for: /Users/neka/Projects/one-percent/src/main/scala/game/DataLoader.scala
2024.03.25 19:11:54 WARN  no build target for: /Users/neka/Projects/one-percent/src/main/scala/game/DataLoader.scala
2024.03.25 19:12:02 WARN  no build target for: /Users/neka/Projects/one-percent/src/main/scala/game/DataLoader.scala
2024.03.25 19:12:05 WARN  no build target for: /Users/neka/Projects/one-percent/src/main/scala/game/DataLoader.scala
2024.03.25 19:12:10 WARN  no build target for: /Users/neka/Projects/one-percent/src/main/scala/game/DataLoader.scala
2024.03.25 19:12:12 WARN  no build target for: /Users/neka/Projects/one-percent/src/main/scala/game/DataLoader.scala
2024.03.25 19:12:14 WARN  no build target for: /Users/neka/Projects/one-percent/src/main/scala/game/DataLoader.scala
2024.03.25 19:12:19 WARN  no build target for: /Users/neka/Projects/one-percent/src/main/scala/game/DataLoader.scala
2024.03.25 19:12:23 WARN  no build target for: /Users/neka/Projects/one-percent/src/main/scala/game/DataLoader.scala
2024.03.25 19:12:25 WARN  no build target for: /Users/neka/Projects/one-percent/src/main/scala/game/DataLoader.scala
2024.03.25 19:12:27 WARN  no build target for: /Users/neka/Projects/one-percent/src/main/scala/game/DataLoader.scala
2024.03.25 19:12:30 WARN  no build target for: /Users/neka/Projects/one-percent/src/main/scala/game/DataLoader.scala
2024.03.25 19:12:42 WARN  no build target for: /Users/neka/Projects/one-percent/src/main/scala/game/DataLoader.scala
Mar 25, 2024 7:12:51 PM org.eclipse.lsp4j.jsonrpc.RemoteEndpoint handleCancellation
WARNING: Unmatched cancel notification for request id 3622
2024.03.25 19:12:53 WARN  no build target for: /Users/neka/Projects/one-percent/src/main/scala/game/DataLoader.scala
2024.03.25 19:12:59 WARN  no build target for: /Users/neka/Projects/one-percent/src/main/scala/game/DataLoader.scala
2024.03.25 19:13:04 WARN  no build target for: /Users/neka/Projects/one-percent/src/main/scala/game/DataLoader.scala
2024.03.25 19:13:10 WARN  no build target for: /Users/neka/Projects/one-percent/src/main/scala/game/DataLoader.scala
Mar 25, 2024 7:13:18 PM org.eclipse.lsp4j.jsonrpc.RemoteEndpoint handleCancellation
WARNING: Unmatched cancel notification for request id 3804
2024.03.25 19:13:21 WARN  no build target for: /Users/neka/Projects/one-percent/src/main/scala/game/DataLoader.scala
2024.03.25 19:13:25 WARN  no build target for: /Users/neka/Projects/one-percent/src/main/scala/game/DataLoader.scala
2024.03.25 19:13:28 WARN  no build target for: /Users/neka/Projects/one-percent/src/main/scala/game/DataLoader.scala
2024.03.25 19:13:33 WARN  no build target for: /Users/neka/Projects/one-percent/src/main/scala/game/DataLoader.scala
2024.03.25 19:13:34 WARN  no build target for: /Users/neka/Projects/one-percent/src/main/scala/game/DataLoader.scala
2024.03.25 19:13:36 WARN  no build target for: /Users/neka/Projects/one-percent/src/main/scala/game/DataLoader.scala
2024.03.25 19:13:37 WARN  no build target for: /Users/neka/Projects/one-percent/src/main/scala/game/DataLoader.scala
Mar 25, 2024 7:13:41 PM org.eclipse.lsp4j.jsonrpc.RemoteEndpoint handleCancellation
WARNING: Unmatched cancel notification for request id 3928
2024.03.25 19:13:41 WARN  no build target for: /Users/neka/Projects/one-percent/src/main/scala/game/DataLoader.scala
2024.03.25 19:13:42 WARN  no build target for: /Users/neka/Projects/one-percent/src/main/scala/game/DataLoader.scala
2024.03.25 19:13:44 WARN  no build target for: /Users/neka/Projects/one-percent/src/main/scala/game/DataLoader.scala
2024.03.25 19:13:45 WARN  no build target for: /Users/neka/Projects/one-percent/src/main/scala/game/DataLoader.scala
2024.03.25 19:13:47 WARN  no build target for: /Users/neka/Projects/one-percent/src/main/scala/game/DataLoader.scala
2024.03.25 19:13:48 WARN  no build target for: /Users/neka/Projects/one-percent/src/main/scala/game/DataLoader.scala
2024.03.25 19:14:08 WARN  no build target for: /Users/neka/Projects/one-percent/src/main/scala/game/DataLoader.scala
2024.03.25 19:14:14 WARN  no build target for: /Users/neka/Projects/one-percent/src/main/scala/game/DataLoader.scala
Mar 25, 2024 7:14:18 PM org.eclipse.lsp4j.jsonrpc.RemoteEndpoint handleCancellation
WARNING: Unmatched cancel notification for request id 4041
2024.03.25 19:14:41 WARN  no build target for: /Users/neka/Projects/one-percent/src/main/scala/game/DataLoader.scala
2024.03.25 19:15:14 WARN  no build target for: /Users/neka/Projects/one-percent/src/main/scala/game/DataLoader.scala
2024.03.25 19:15:17 WARN  no build target for: /Users/neka/Projects/one-percent/src/main/scala/game/DataLoader.scala
2024.03.25 19:15:18 WARN  no build target for: /Users/neka/Projects/one-percent/src/main/scala/game/DataLoader.scala
2024.03.25 19:15:22 WARN  no build target for: /Users/neka/Projects/one-percent/src/main/scala/game/DataLoader.scala
2024.03.25 19:15:26 WARN  no build target for: /Users/neka/Projects/one-percent/src/main/scala/game/DataLoader.scala
2024.03.25 19:15:32 WARN  no build target for: /Users/neka/Projects/one-percent/src/main/scala/game/DataLoader.scala
2024.03.25 19:15:37 WARN  no build target for: /Users/neka/Projects/one-percent/src/main/scala/game/DataLoader.scala
2024.03.25 19:15:43 WARN  no build target for: /Users/neka/Projects/one-percent/src/main/scala/game/DataLoader.scala
2024.03.25 19:15:47 WARN  no build target for: /Users/neka/Projects/one-percent/src/main/scala/game/DataLoader.scala
2024.03.25 19:15:49 WARN  no build target for: /Users/neka/Projects/one-percent/src/main/scala/game/DataLoader.scala
2024.03.25 19:15:51 WARN  no build target for: /Users/neka/Projects/one-percent/src/main/scala/game/DataLoader.scala
2024.03.25 19:16:06 WARN  no build target for: /Users/neka/Projects/one-percent/src/main/scala/game/DataLoader.scala
Mar 25, 2024 7:16:11 PM org.eclipse.lsp4j.jsonrpc.RemoteEndpoint handleCancellation
WARNING: Unmatched cancel notification for request id 4303
2024.03.25 19:16:13 WARN  no build target for: /Users/neka/Projects/one-percent/src/main/scala/game/DataLoader.scala
2024.03.25 19:16:14 WARN  no build target for: /Users/neka/Projects/one-percent/src/main/scala/game/DataLoader.scala
2024.03.25 19:16:15 WARN  no build target for: /Users/neka/Projects/one-percent/src/main/scala/game/DataLoader.scala
2024.03.25 19:16:22 WARN  no build target for: /Users/neka/Projects/one-percent/src/main/scala/game/DataLoader.scala
2024.03.25 19:16:31 ERROR Failed to tokenize input for semantic tokens for /Users/neka/Projects/one-percent/src/main/scala/game/DataLoader.scala
scala.meta.tokenizers.TokenizeException: <input>:37: error: unclosed character literal
            val Array(code,name) = line.split('')
                                              ^
	at scala.meta.internal.tokenizers.Reporter.syntaxError(Reporter.scala:23)
	at scala.meta.internal.tokenizers.Reporter.syntaxError$(Reporter.scala:23)
	at scala.meta.internal.tokenizers.Reporter$$anon$1.syntaxError(Reporter.scala:33)
	at scala.meta.internal.tokenizers.Reporter.syntaxError(Reporter.scala:25)
	at scala.meta.internal.tokenizers.Reporter.syntaxError$(Reporter.scala:25)
	at scala.meta.internal.tokenizers.Reporter$$anon$1.syntaxError(Reporter.scala:33)
	at scala.meta.internal.tokenizers.LegacyScanner.fetchSingleQuote$1(LegacyScanner.scala:407)
	at scala.meta.internal.tokenizers.LegacyScanner.fetchToken(LegacyScanner.scala:412)
	at scala.meta.internal.tokenizers.LegacyScanner.nextToken(LegacyScanner.scala:211)
	at scala.meta.internal.tokenizers.LegacyScanner.foreach(LegacyScanner.scala:1011)
	at scala.meta.internal.tokenizers.ScalametaTokenizer.uncachedTokenize(ScalametaTokenizer.scala:24)
	at scala.meta.internal.tokenizers.ScalametaTokenizer.$anonfun$tokenize$1(ScalametaTokenizer.scala:17)
	at scala.collection.concurrent.TrieMap.getOrElseUpdate(TrieMap.scala:962)
	at scala.meta.internal.tokenizers.ScalametaTokenizer.tokenize(ScalametaTokenizer.scala:17)
	at scala.meta.internal.tokenizers.ScalametaTokenizer$$anon$2.apply(ScalametaTokenizer.scala:332)
	at scala.meta.tokenizers.Api$XtensionTokenizeDialectInput.tokenize(Api.scala:25)
	at scala.meta.tokenizers.Api$XtensionTokenizeInputLike.tokenize(Api.scala:14)
	at scala.meta.internal.metals.SemanticTokensProvider$.getTokens(SemanticTokensProvider.scala:28)
	at scala.meta.internal.metals.SemanticTokensProvider$.provide(SemanticTokensProvider.scala:89)
	at scala.meta.internal.metals.Compilers.$anonfun$semanticTokens$3(Compilers.scala:541)
	at scala.concurrent.impl.Promise$Transformation.run(Promise.scala:467)
	at java.util.concurrent.ThreadPoolExecutor.runWorker(ThreadPoolExecutor.java:1136)
	at java.util.concurrent.ThreadPoolExecutor$Worker.run(ThreadPoolExecutor.java:635)
	at java.lang.Thread.run(Thread.java:833)

2024.03.25 19:16:32 ERROR Failed to tokenize input for semantic tokens for /Users/neka/Projects/one-percent/src/main/scala/game/DataLoader.scala
scala.meta.tokenizers.TokenizeException: <input>:37: error: unclosed character literal
            val Array(code,name) = line.split('')
                                              ^
	at scala.meta.internal.tokenizers.Reporter.syntaxError(Reporter.scala:23)
	at scala.meta.internal.tokenizers.Reporter.syntaxError$(Reporter.scala:23)
	at scala.meta.internal.tokenizers.Reporter$$anon$1.syntaxError(Reporter.scala:33)
	at scala.meta.internal.tokenizers.Reporter.syntaxError(Reporter.scala:25)
	at scala.meta.internal.tokenizers.Reporter.syntaxError$(Reporter.scala:25)
	at scala.meta.internal.tokenizers.Reporter$$anon$1.syntaxError(Reporter.scala:33)
	at scala.meta.internal.tokenizers.LegacyScanner.fetchSingleQuote$1(LegacyScanner.scala:407)
	at scala.meta.internal.tokenizers.LegacyScanner.fetchToken(LegacyScanner.scala:412)
	at scala.meta.internal.tokenizers.LegacyScanner.nextToken(LegacyScanner.scala:211)
	at scala.meta.internal.tokenizers.LegacyScanner.foreach(LegacyScanner.scala:1011)
	at scala.meta.internal.tokenizers.ScalametaTokenizer.uncachedTokenize(ScalametaTokenizer.scala:24)
	at scala.meta.internal.tokenizers.ScalametaTokenizer.$anonfun$tokenize$1(ScalametaTokenizer.scala:17)
	at scala.collection.concurrent.TrieMap.getOrElseUpdate(TrieMap.scala:962)
	at scala.meta.internal.tokenizers.ScalametaTokenizer.tokenize(ScalametaTokenizer.scala:17)
	at scala.meta.internal.tokenizers.ScalametaTokenizer$$anon$2.apply(ScalametaTokenizer.scala:332)
	at scala.meta.tokenizers.Api$XtensionTokenizeDialectInput.tokenize(Api.scala:25)
	at scala.meta.tokenizers.Api$XtensionTokenizeInputLike.tokenize(Api.scala:14)
	at scala.meta.internal.metals.SemanticTokensProvider$.getTokens(SemanticTokensProvider.scala:28)
	at scala.meta.internal.metals.SemanticTokensProvider$.provide(SemanticTokensProvider.scala:89)
	at scala.meta.internal.metals.Compilers.$anonfun$semanticTokens$3(Compilers.scala:541)
	at scala.concurrent.impl.Promise$Transformation.run(Promise.scala:467)
	at java.util.concurrent.ThreadPoolExecutor.runWorker(ThreadPoolExecutor.java:1136)
	at java.util.concurrent.ThreadPoolExecutor$Worker.run(ThreadPoolExecutor.java:635)
	at java.lang.Thread.run(Thread.java:833)

2024.03.25 19:16:34 WARN  no build target for: /Users/neka/Projects/one-percent/src/main/scala/game/DataLoader.scala
2024.03.25 19:16:42 WARN  no build target for: /Users/neka/Projects/one-percent/src/main/scala/game/DataLoader.scala
2024.03.25 19:16:47 WARN  no build target for: /Users/neka/Projects/one-percent/src/main/scala/game/DataLoader.scala
2024.03.25 19:16:55 WARN  no build target for: /Users/neka/Projects/one-percent/src/main/scala/game/DataLoader.scala
Mar 25, 2024 7:17:04 PM org.eclipse.lsp4j.jsonrpc.RemoteEndpoint handleCancellation
WARNING: Unmatched cancel notification for request id 4538
2024.03.25 19:17:06 WARN  no build target for: /Users/neka/Projects/one-percent/src/main/scala/game/Game.scala
2024.03.25 19:17:06 WARN  no build target for: /Users/neka/Projects/one-percent/src/main/scala/game/Game.scala
2024.03.25 19:17:08 WARN  no build target for: /Users/neka/Projects/one-percent/src/main/scala/game/Game.scala
2024.03.25 19:17:11 WARN  no build target for: /Users/neka/Projects/one-percent/src/main/scala/game/Game.scala
2024.03.25 19:17:14 WARN  no build target for: /Users/neka/Projects/one-percent/src/main/scala/game/Game.scala
2024.03.25 19:17:18 WARN  no build target for: /Users/neka/Projects/one-percent/src/main/scala/game/Game.scala
Mar 25, 2024 7:17:39 PM org.eclipse.lsp4j.jsonrpc.RemoteEndpoint handleCancellation
WARNING: Unmatched cancel notification for request id 4629
Mar 25, 2024 7:23:31 PM org.eclipse.lsp4j.jsonrpc.RemoteEndpoint handleCancellation
WARNING: Unmatched cancel notification for request id 4643
2024.03.25 19:23:37 WARN  no build target for: /Users/neka/Projects/one-percent/src/main/scala/game/DataLoader.scala
Mar 25, 2024 7:24:01 PM org.eclipse.lsp4j.jsonrpc.RemoteEndpoint handleCancellation
WARNING: Unmatched cancel notification for request id 4689
Mar 25, 2024 7:24:03 PM org.eclipse.lsp4j.jsonrpc.RemoteEndpoint handleCancellation
WARNING: Unmatched cancel notification for request id 4691
2024.03.25 19:24:09 ERROR Failed to tokenize input for semantic tokens for /Users/neka/Projects/one-percent/src/main/scala/game/DataLoader.scala
scala.meta.tokenizers.TokenizeException: <input>:14: error: unclosed comment
        /* T
        ^
	at scala.meta.internal.tokenizers.Reporter.incompleteInputError(Reporter.scala:27)
	at scala.meta.internal.tokenizers.Reporter.incompleteInputError$(Reporter.scala:26)
	at scala.meta.internal.tokenizers.Reporter$$anon$1.incompleteInputError(Reporter.scala:33)
	at scala.meta.internal.tokenizers.Reporter.incompleteInputError(Reporter.scala:29)
	at scala.meta.internal.tokenizers.Reporter.incompleteInputError$(Reporter.scala:29)
	at scala.meta.internal.tokenizers.Reporter$$anon$1.incompleteInputError(Reporter.scala:33)
	at scala.meta.internal.tokenizers.LegacyScanner.skipNestedComments(LegacyScanner.scala:52)
	at scala.meta.internal.tokenizers.LegacyScanner.skipToCommentEnd(LegacyScanner.scala:71)
	at scala.meta.internal.tokenizers.LegacyScanner.fetchToken(LegacyScanner.scala:313)
	at scala.meta.internal.tokenizers.LegacyScanner.nextToken(LegacyScanner.scala:211)
	at scala.meta.internal.tokenizers.LegacyScanner.foreach(LegacyScanner.scala:1011)
	at scala.meta.internal.tokenizers.ScalametaTokenizer.uncachedTokenize(ScalametaTokenizer.scala:24)
	at scala.meta.internal.tokenizers.ScalametaTokenizer.$anonfun$tokenize$1(ScalametaTokenizer.scala:17)
	at scala.collection.concurrent.TrieMap.getOrElseUpdate(TrieMap.scala:962)
	at scala.meta.internal.tokenizers.ScalametaTokenizer.tokenize(ScalametaTokenizer.scala:17)
	at scala.meta.internal.tokenizers.ScalametaTokenizer$$anon$2.apply(ScalametaTokenizer.scala:332)
	at scala.meta.tokenizers.Api$XtensionTokenizeDialectInput.tokenize(Api.scala:25)
	at scala.meta.tokenizers.Api$XtensionTokenizeInputLike.tokenize(Api.scala:14)
	at scala.meta.internal.metals.SemanticTokensProvider$.getTokens(SemanticTokensProvider.scala:28)
	at scala.meta.internal.metals.SemanticTokensProvider$.provide(SemanticTokensProvider.scala:89)
	at scala.meta.internal.metals.Compilers.$anonfun$semanticTokens$3(Compilers.scala:541)
	at scala.concurrent.impl.Promise$Transformation.run(Promise.scala:467)
	at java.util.concurrent.ThreadPoolExecutor.runWorker(ThreadPoolExecutor.java:1136)
	at java.util.concurrent.ThreadPoolExecutor$Worker.run(ThreadPoolExecutor.java:635)
	at java.lang.Thread.run(Thread.java:833)

2024.03.25 19:24:10 ERROR Failed to tokenize input for semantic tokens for /Users/neka/Projects/one-percent/src/main/scala/game/DataLoader.scala
scala.meta.tokenizers.TokenizeException: <input>:14: error: unclosed comment
        /* The pl
        ^
	at scala.meta.internal.tokenizers.Reporter.incompleteInputError(Reporter.scala:27)
	at scala.meta.internal.tokenizers.Reporter.incompleteInputError$(Reporter.scala:26)
	at scala.meta.internal.tokenizers.Reporter$$anon$1.incompleteInputError(Reporter.scala:33)
	at scala.meta.internal.tokenizers.Reporter.incompleteInputError(Reporter.scala:29)
	at scala.meta.internal.tokenizers.Reporter.incompleteInputError$(Reporter.scala:29)
	at scala.meta.internal.tokenizers.Reporter$$anon$1.incompleteInputError(Reporter.scala:33)
	at scala.meta.internal.tokenizers.LegacyScanner.skipNestedComments(LegacyScanner.scala:52)
	at scala.meta.internal.tokenizers.LegacyScanner.skipToCommentEnd(LegacyScanner.scala:71)
	at scala.meta.internal.tokenizers.LegacyScanner.fetchToken(LegacyScanner.scala:313)
	at scala.meta.internal.tokenizers.LegacyScanner.nextToken(LegacyScanner.scala:211)
	at scala.meta.internal.tokenizers.LegacyScanner.foreach(LegacyScanner.scala:1011)
	at scala.meta.internal.tokenizers.ScalametaTokenizer.uncachedTokenize(ScalametaTokenizer.scala:24)
	at scala.meta.internal.tokenizers.ScalametaTokenizer.$anonfun$tokenize$1(ScalametaTokenizer.scala:17)
	at scala.collection.concurrent.TrieMap.getOrElseUpdate(TrieMap.scala:962)
	at scala.meta.internal.tokenizers.ScalametaTokenizer.tokenize(ScalametaTokenizer.scala:17)
	at scala.meta.internal.tokenizers.ScalametaTokenizer$$anon$2.apply(ScalametaTokenizer.scala:332)
	at scala.meta.tokenizers.Api$XtensionTokenizeDialectInput.tokenize(Api.scala:25)
	at scala.meta.tokenizers.Api$XtensionTokenizeInputLike.tokenize(Api.scala:14)
	at scala.meta.internal.metals.SemanticTokensProvider$.getTokens(SemanticTokensProvider.scala:28)
	at scala.meta.internal.metals.SemanticTokensProvider$.provide(SemanticTokensProvider.scala:89)
	at scala.meta.internal.metals.Compilers.$anonfun$semanticTokens$3(Compilers.scala:541)
	at scala.concurrent.impl.Promise$Transformation.run(Promise.scala:467)
	at java.util.concurrent.ThreadPoolExecutor.runWorker(ThreadPoolExecutor.java:1136)
	at java.util.concurrent.ThreadPoolExecutor$Worker.run(ThreadPoolExecutor.java:635)
	at java.lang.Thread.run(Thread.java:833)

2024.03.25 19:24:10 ERROR Failed to tokenize input for semantic tokens for /Users/neka/Projects/one-percent/src/main/scala/game/DataLoader.scala
scala.meta.tokenizers.TokenizeException: <input>:14: error: unclosed comment
        /* The player
        ^
	at scala.meta.internal.tokenizers.Reporter.incompleteInputError(Reporter.scala:27)
	at scala.meta.internal.tokenizers.Reporter.incompleteInputError$(Reporter.scala:26)
	at scala.meta.internal.tokenizers.Reporter$$anon$1.incompleteInputError(Reporter.scala:33)
	at scala.meta.internal.tokenizers.Reporter.incompleteInputError(Reporter.scala:29)
	at scala.meta.internal.tokenizers.Reporter.incompleteInputError$(Reporter.scala:29)
	at scala.meta.internal.tokenizers.Reporter$$anon$1.incompleteInputError(Reporter.scala:33)
	at scala.meta.internal.tokenizers.LegacyScanner.skipNestedComments(LegacyScanner.scala:52)
	at scala.meta.internal.tokenizers.LegacyScanner.skipToCommentEnd(LegacyScanner.scala:71)
	at scala.meta.internal.tokenizers.LegacyScanner.fetchToken(LegacyScanner.scala:313)
	at scala.meta.internal.tokenizers.LegacyScanner.nextToken(LegacyScanner.scala:211)
	at scala.meta.internal.tokenizers.LegacyScanner.foreach(LegacyScanner.scala:1011)
	at scala.meta.internal.tokenizers.ScalametaTokenizer.uncachedTokenize(ScalametaTokenizer.scala:24)
	at scala.meta.internal.tokenizers.ScalametaTokenizer.$anonfun$tokenize$1(ScalametaTokenizer.scala:17)
	at scala.collection.concurrent.TrieMap.getOrElseUpdate(TrieMap.scala:962)
	at scala.meta.internal.tokenizers.ScalametaTokenizer.tokenize(ScalametaTokenizer.scala:17)
	at scala.meta.internal.tokenizers.ScalametaTokenizer$$anon$2.apply(ScalametaTokenizer.scala:332)
	at scala.meta.tokenizers.Api$XtensionTokenizeDialectInput.tokenize(Api.scala:25)
	at scala.meta.tokenizers.Api$XtensionTokenizeInputLike.tokenize(Api.scala:14)
	at scala.meta.internal.metals.SemanticTokensProvider$.getTokens(SemanticTokensProvider.scala:28)
	at scala.meta.internal.metals.SemanticTokensProvider$.provide(SemanticTokensProvider.scala:89)
	at scala.meta.internal.metals.Compilers.$anonfun$semanticTokens$3(Compilers.scala:541)
	at scala.concurrent.impl.Promise$Transformation.run(Promise.scala:467)
	at java.util.concurrent.ThreadPoolExecutor.runWorker(ThreadPoolExecutor.java:1136)
	at java.util.concurrent.ThreadPoolExecutor$Worker.run(ThreadPoolExecutor.java:635)
	at java.lang.Thread.run(Thread.java:833)

2024.03.25 19:24:11 ERROR Failed to tokenize input for semantic tokens for /Users/neka/Projects/one-percent/src/main/scala/game/DataLoader.scala
scala.meta.tokenizers.TokenizeException: <input>:14: error: unclosed comment
        /* The player's 
        ^
	at scala.meta.internal.tokenizers.Reporter.incompleteInputError(Reporter.scala:27)
	at scala.meta.internal.tokenizers.Reporter.incompleteInputError$(Reporter.scala:26)
	at scala.meta.internal.tokenizers.Reporter$$anon$1.incompleteInputError(Reporter.scala:33)
	at scala.meta.internal.tokenizers.Reporter.incompleteInputError(Reporter.scala:29)
	at scala.meta.internal.tokenizers.Reporter.incompleteInputError$(Reporter.scala:29)
	at scala.meta.internal.tokenizers.Reporter$$anon$1.incompleteInputError(Reporter.scala:33)
	at scala.meta.internal.tokenizers.LegacyScanner.skipNestedComments(LegacyScanner.scala:52)
	at scala.meta.internal.tokenizers.LegacyScanner.skipToCommentEnd(LegacyScanner.scala:71)
	at scala.meta.internal.tokenizers.LegacyScanner.fetchToken(LegacyScanner.scala:313)
	at scala.meta.internal.tokenizers.LegacyScanner.nextToken(LegacyScanner.scala:211)
	at scala.meta.internal.tokenizers.LegacyScanner.foreach(LegacyScanner.scala:1011)
	at scala.meta.internal.tokenizers.ScalametaTokenizer.uncachedTokenize(ScalametaTokenizer.scala:24)
	at scala.meta.internal.tokenizers.ScalametaTokenizer.$anonfun$tokenize$1(ScalametaTokenizer.scala:17)
	at scala.collection.concurrent.TrieMap.getOrElseUpdate(TrieMap.scala:962)
	at scala.meta.internal.tokenizers.ScalametaTokenizer.tokenize(ScalametaTokenizer.scala:17)
	at scala.meta.internal.tokenizers.ScalametaTokenizer$$anon$2.apply(ScalametaTokenizer.scala:332)
	at scala.meta.tokenizers.Api$XtensionTokenizeDialectInput.tokenize(Api.scala:25)
	at scala.meta.tokenizers.Api$XtensionTokenizeInputLike.tokenize(Api.scala:14)
	at scala.meta.internal.metals.SemanticTokensProvider$.getTokens(SemanticTokensProvider.scala:28)
	at scala.meta.internal.metals.SemanticTokensProvider$.provide(SemanticTokensProvider.scala:89)
	at scala.meta.internal.metals.Compilers.$anonfun$semanticTokens$3(Compilers.scala:541)
	at scala.concurrent.impl.Promise$Transformation.run(Promise.scala:467)
	at java.util.concurrent.ThreadPoolExecutor.runWorker(ThreadPoolExecutor.java:1136)
	at java.util.concurrent.ThreadPoolExecutor$Worker.run(ThreadPoolExecutor.java:635)
	at java.lang.Thread.run(Thread.java:833)

2024.03.25 19:24:12 ERROR Failed to tokenize input for semantic tokens for /Users/neka/Projects/one-percent/src/main/scala/game/DataLoader.scala
scala.meta.tokenizers.TokenizeException: <input>:14: error: unclosed comment
        /* The player's att
        ^
	at scala.meta.internal.tokenizers.Reporter.incompleteInputError(Reporter.scala:27)
	at scala.meta.internal.tokenizers.Reporter.incompleteInputError$(Reporter.scala:26)
	at scala.meta.internal.tokenizers.Reporter$$anon$1.incompleteInputError(Reporter.scala:33)
	at scala.meta.internal.tokenizers.Reporter.incompleteInputError(Reporter.scala:29)
	at scala.meta.internal.tokenizers.Reporter.incompleteInputError$(Reporter.scala:29)
	at scala.meta.internal.tokenizers.Reporter$$anon$1.incompleteInputError(Reporter.scala:33)
	at scala.meta.internal.tokenizers.LegacyScanner.skipNestedComments(LegacyScanner.scala:52)
	at scala.meta.internal.tokenizers.LegacyScanner.skipToCommentEnd(LegacyScanner.scala:71)
	at scala.meta.internal.tokenizers.LegacyScanner.fetchToken(LegacyScanner.scala:313)
	at scala.meta.internal.tokenizers.LegacyScanner.nextToken(LegacyScanner.scala:211)
	at scala.meta.internal.tokenizers.LegacyScanner.foreach(LegacyScanner.scala:1011)
	at scala.meta.internal.tokenizers.ScalametaTokenizer.uncachedTokenize(ScalametaTokenizer.scala:24)
	at scala.meta.internal.tokenizers.ScalametaTokenizer.$anonfun$tokenize$1(ScalametaTokenizer.scala:17)
	at scala.collection.concurrent.TrieMap.getOrElseUpdate(TrieMap.scala:962)
	at scala.meta.internal.tokenizers.ScalametaTokenizer.tokenize(ScalametaTokenizer.scala:17)
	at scala.meta.internal.tokenizers.ScalametaTokenizer$$anon$2.apply(ScalametaTokenizer.scala:332)
	at scala.meta.tokenizers.Api$XtensionTokenizeDialectInput.tokenize(Api.scala:25)
	at scala.meta.tokenizers.Api$XtensionTokenizeInputLike.tokenize(Api.scala:14)
	at scala.meta.internal.metals.SemanticTokensProvider$.getTokens(SemanticTokensProvider.scala:28)
	at scala.meta.internal.metals.SemanticTokensProvider$.provide(SemanticTokensProvider.scala:89)
	at scala.meta.internal.metals.Compilers.$anonfun$semanticTokens$3(Compilers.scala:541)
	at scala.concurrent.impl.Promise$Transformation.run(Promise.scala:467)
	at java.util.concurrent.ThreadPoolExecutor.runWorker(ThreadPoolExecutor.java:1136)
	at java.util.concurrent.ThreadPoolExecutor$Worker.run(ThreadPoolExecutor.java:635)
	at java.lang.Thread.run(Thread.java:833)

2024.03.25 19:24:12 ERROR Failed to tokenize input for semantic tokens for /Users/neka/Projects/one-percent/src/main/scala/game/DataLoader.scala
scala.meta.tokenizers.TokenizeException: <input>:14: error: unclosed comment
        /* The player's attribute
        ^
	at scala.meta.internal.tokenizers.Reporter.incompleteInputError(Reporter.scala:27)
	at scala.meta.internal.tokenizers.Reporter.incompleteInputError$(Reporter.scala:26)
	at scala.meta.internal.tokenizers.Reporter$$anon$1.incompleteInputError(Reporter.scala:33)
	at scala.meta.internal.tokenizers.Reporter.incompleteInputError(Reporter.scala:29)
	at scala.meta.internal.tokenizers.Reporter.incompleteInputError$(Reporter.scala:29)
	at scala.meta.internal.tokenizers.Reporter$$anon$1.incompleteInputError(Reporter.scala:33)
	at scala.meta.internal.tokenizers.LegacyScanner.skipNestedComments(LegacyScanner.scala:52)
	at scala.meta.internal.tokenizers.LegacyScanner.skipToCommentEnd(LegacyScanner.scala:71)
	at scala.meta.internal.tokenizers.LegacyScanner.fetchToken(LegacyScanner.scala:313)
	at scala.meta.internal.tokenizers.LegacyScanner.nextToken(LegacyScanner.scala:211)
	at scala.meta.internal.tokenizers.LegacyScanner.foreach(LegacyScanner.scala:1011)
	at scala.meta.internal.tokenizers.ScalametaTokenizer.uncachedTokenize(ScalametaTokenizer.scala:24)
	at scala.meta.internal.tokenizers.ScalametaTokenizer.$anonfun$tokenize$1(ScalametaTokenizer.scala:17)
	at scala.collection.concurrent.TrieMap.getOrElseUpdate(TrieMap.scala:962)
	at scala.meta.internal.tokenizers.ScalametaTokenizer.tokenize(ScalametaTokenizer.scala:17)
	at scala.meta.internal.tokenizers.ScalametaTokenizer$$anon$2.apply(ScalametaTokenizer.scala:332)
	at scala.meta.tokenizers.Api$XtensionTokenizeDialectInput.tokenize(Api.scala:25)
	at scala.meta.tokenizers.Api$XtensionTokenizeInputLike.tokenize(Api.scala:14)
	at scala.meta.internal.metals.SemanticTokensProvider$.getTokens(SemanticTokensProvider.scala:28)
	at scala.meta.internal.metals.SemanticTokensProvider$.provide(SemanticTokensProvider.scala:89)
	at scala.meta.internal.metals.Compilers.$anonfun$semanticTokens$3(Compilers.scala:541)
	at scala.concurrent.impl.Promise$Transformation.run(Promise.scala:467)
	at java.util.concurrent.ThreadPoolExecutor.runWorker(ThreadPoolExecutor.java:1136)
	at java.util.concurrent.ThreadPoolExecutor$Worker.run(ThreadPoolExecutor.java:635)
	at java.lang.Thread.run(Thread.java:833)

2024.03.25 19:24:13 ERROR Failed to tokenize input for semantic tokens for /Users/neka/Projects/one-percent/src/main/scala/game/DataLoader.scala
scala.meta.tokenizers.TokenizeException: <input>:14: error: unclosed comment
        /* The player's attributes
        ^
	at scala.meta.internal.tokenizers.Reporter.incompleteInputError(Reporter.scala:27)
	at scala.meta.internal.tokenizers.Reporter.incompleteInputError$(Reporter.scala:26)
	at scala.meta.internal.tokenizers.Reporter$$anon$1.incompleteInputError(Reporter.scala:33)
	at scala.meta.internal.tokenizers.Reporter.incompleteInputError(Reporter.scala:29)
	at scala.meta.internal.tokenizers.Reporter.incompleteInputError$(Reporter.scala:29)
	at scala.meta.internal.tokenizers.Reporter$$anon$1.incompleteInputError(Reporter.scala:33)
	at scala.meta.internal.tokenizers.LegacyScanner.skipNestedComments(LegacyScanner.scala:52)
	at scala.meta.internal.tokenizers.LegacyScanner.skipToCommentEnd(LegacyScanner.scala:71)
	at scala.meta.internal.tokenizers.LegacyScanner.fetchToken(LegacyScanner.scala:313)
	at scala.meta.internal.tokenizers.LegacyScanner.nextToken(LegacyScanner.scala:211)
	at scala.meta.internal.tokenizers.LegacyScanner.foreach(LegacyScanner.scala:1011)
	at scala.meta.internal.tokenizers.ScalametaTokenizer.uncachedTokenize(ScalametaTokenizer.scala:24)
	at scala.meta.internal.tokenizers.ScalametaTokenizer.$anonfun$tokenize$1(ScalametaTokenizer.scala:17)
	at scala.collection.concurrent.TrieMap.getOrElseUpdate(TrieMap.scala:962)
	at scala.meta.internal.tokenizers.ScalametaTokenizer.tokenize(ScalametaTokenizer.scala:17)
	at scala.meta.internal.tokenizers.ScalametaTokenizer$$anon$2.apply(ScalametaTokenizer.scala:332)
	at scala.meta.tokenizers.Api$XtensionTokenizeDialectInput.tokenize(Api.scala:25)
	at scala.meta.tokenizers.Api$XtensionTokenizeInputLike.tokenize(Api.scala:14)
	at scala.meta.internal.metals.SemanticTokensProvider$.getTokens(SemanticTokensProvider.scala:28)
	at scala.meta.internal.metals.SemanticTokensProvider$.provide(SemanticTokensProvider.scala:89)
	at scala.meta.internal.metals.Compilers.$anonfun$semanticTokens$3(Compilers.scala:541)
	at scala.concurrent.impl.Promise$Transformation.run(Promise.scala:467)
	at java.util.concurrent.ThreadPoolExecutor.runWorker(ThreadPoolExecutor.java:1136)
	at java.util.concurrent.ThreadPoolExecutor$Worker.run(ThreadPoolExecutor.java:635)
	at java.lang.Thread.run(Thread.java:833)

2024.03.25 19:24:13 ERROR Failed to tokenize input for semantic tokens for /Users/neka/Projects/one-percent/src/main/scala/game/DataLoader.scala
scala.meta.tokenizers.TokenizeException: <input>:14: error: unclosed comment
        /* The player's attributes *
        ^
	at scala.meta.internal.tokenizers.Reporter.incompleteInputError(Reporter.scala:27)
	at scala.meta.internal.tokenizers.Reporter.incompleteInputError$(Reporter.scala:26)
	at scala.meta.internal.tokenizers.Reporter$$anon$1.incompleteInputError(Reporter.scala:33)
	at scala.meta.internal.tokenizers.Reporter.incompleteInputError(Reporter.scala:29)
	at scala.meta.internal.tokenizers.Reporter.incompleteInputError$(Reporter.scala:29)
	at scala.meta.internal.tokenizers.Reporter$$anon$1.incompleteInputError(Reporter.scala:33)
	at scala.meta.internal.tokenizers.LegacyScanner.skipNestedComments(LegacyScanner.scala:52)
	at scala.meta.internal.tokenizers.LegacyScanner.skipToCommentEnd(LegacyScanner.scala:71)
	at scala.meta.internal.tokenizers.LegacyScanner.fetchToken(LegacyScanner.scala:313)
	at scala.meta.internal.tokenizers.LegacyScanner.nextToken(LegacyScanner.scala:211)
	at scala.meta.internal.tokenizers.LegacyScanner.foreach(LegacyScanner.scala:1011)
	at scala.meta.internal.tokenizers.ScalametaTokenizer.uncachedTokenize(ScalametaTokenizer.scala:24)
	at scala.meta.internal.tokenizers.ScalametaTokenizer.$anonfun$tokenize$1(ScalametaTokenizer.scala:17)
	at scala.collection.concurrent.TrieMap.getOrElseUpdate(TrieMap.scala:962)
	at scala.meta.internal.tokenizers.ScalametaTokenizer.tokenize(ScalametaTokenizer.scala:17)
	at scala.meta.internal.tokenizers.ScalametaTokenizer$$anon$2.apply(ScalametaTokenizer.scala:332)
	at scala.meta.tokenizers.Api$XtensionTokenizeDialectInput.tokenize(Api.scala:25)
	at scala.meta.tokenizers.Api$XtensionTokenizeInputLike.tokenize(Api.scala:14)
	at scala.meta.internal.metals.SemanticTokensProvider$.getTokens(SemanticTokensProvider.scala:28)
	at scala.meta.internal.metals.SemanticTokensProvider$.provide(SemanticTokensProvider.scala:89)
	at scala.meta.internal.metals.Compilers.$anonfun$semanticTokens$3(Compilers.scala:541)
	at scala.concurrent.impl.Promise$Transformation.run(Promise.scala:467)
	at java.util.concurrent.ThreadPoolExecutor.runWorker(ThreadPoolExecutor.java:1136)
	at java.util.concurrent.ThreadPoolExecutor$Worker.run(ThreadPoolExecutor.java:635)
	at java.lang.Thread.run(Thread.java:833)

2024.03.25 19:24:14 WARN  no build target for: /Users/neka/Projects/one-percent/src/main/scala/game/DataLoader.scala
2024.03.25 19:24:18 WARN  no build target for: /Users/neka/Projects/one-percent/src/main/scala/game/DataLoader.scala
2024.03.25 19:24:36 WARN  no build target for: /Users/neka/Projects/one-percent/src/main/scala/game/DataLoader.scala
2024.03.25 19:24:38 WARN  no build target for: /Users/neka/Projects/one-percent/src/main/scala/game/DataLoader.scala
2024.03.25 19:24:43 WARN  no build target for: /Users/neka/Projects/one-percent/src/main/scala/game/DataLoader.scala
2024.03.25 19:24:56 WARN  no build target for: /Users/neka/Projects/one-percent/src/main/scala/game/DataLoader.scala
2024.03.25 19:25:00 WARN  no build target for: /Users/neka/Projects/one-percent/src/main/scala/game/DataLoader.scala
2024.03.25 19:25:01 WARN  no build target for: /Users/neka/Projects/one-percent/src/main/scala/game/DataLoader.scala
2024.03.25 19:25:04 WARN  no build target for: /Users/neka/Projects/one-percent/src/main/scala/game/DataLoader.scala
2024.03.25 19:25:07 WARN  no build target for: /Users/neka/Projects/one-percent/src/main/scala/game/DataLoader.scala
2024.03.25 19:25:16 WARN  no build target for: /Users/neka/Projects/one-percent/src/main/scala/game/DataLoader.scala
2024.03.25 19:25:18 WARN  no build target for: /Users/neka/Projects/one-percent/src/main/scala/game/DataLoader.scala
2024.03.25 19:25:22 WARN  no build target for: /Users/neka/Projects/one-percent/src/main/scala/game/DataLoader.scala
2024.03.25 19:25:28 WARN  no build target for: /Users/neka/Projects/one-percent/src/main/scala/game/DataLoader.scala
2024.03.25 19:25:31 WARN  no build target for: /Users/neka/Projects/one-percent/src/main/scala/game/DataLoader.scala
2024.03.25 19:25:36 WARN  no build target for: /Users/neka/Projects/one-percent/src/main/scala/game/DataLoader.scala
2024.03.25 19:25:40 WARN  no build target for: /Users/neka/Projects/one-percent/src/main/scala/game/DataLoader.scala
2024.03.25 19:25:46 WARN  no build target for: /Users/neka/Projects/one-percent/src/main/scala/game/DataLoader.scala
2024.03.25 19:25:50 WARN  no build target for: /Users/neka/Projects/one-percent/src/main/scala/game/DataLoader.scala
2024.03.25 19:25:55 WARN  no build target for: /Users/neka/Projects/one-percent/src/main/scala/game/DataLoader.scala
2024.03.25 19:26:09 WARN  no build target for: /Users/neka/Projects/one-percent/src/main/scala/game/DataLoader.scala
2024.03.25 19:26:15 WARN  no build target for: /Users/neka/Projects/one-percent/src/main/scala/game/DataLoader.scala
2024.03.25 19:26:17 WARN  no build target for: /Users/neka/Projects/one-percent/src/main/scala/game/DataLoader.scala
2024.03.25 19:26:34 WARN  no build target for: /Users/neka/Projects/one-percent/src/main/scala/game/DataLoader.scala
2024.03.25 19:26:42 WARN  no build target for: /Users/neka/Projects/one-percent/src/main/scala/game/DataLoader.scala
2024.03.25 19:27:29 WARN  no build target for: /Users/neka/Projects/one-percent/src/main/scala/game/Game.scala
2024.03.25 19:27:32 WARN  no build target for: /Users/neka/Projects/one-percent/src/main/scala/game/Game.scala
2024.03.25 19:27:35 WARN  no build target for: /Users/neka/Projects/one-percent/src/main/scala/game/Game.scala
2024.03.25 19:27:37 WARN  no build target for: /Users/neka/Projects/one-percent/src/main/scala/game/Game.scala
2024.03.25 19:27:39 WARN  no build target for: /Users/neka/Projects/one-percent/src/main/scala/game/Game.scala
2024.03.25 19:27:57 WARN  no build target for: /Users/neka/Projects/one-percent/src/main/scala/game/Game.scala
2024.03.25 19:28:00 WARN  no build target for: /Users/neka/Projects/one-percent/src/main/scala/game/Game.scala
2024.03.25 19:28:00 WARN  no build target for: /Users/neka/Projects/one-percent/src/main/scala/game/Game.scala
Mar 25, 2024 7:28:01 PM org.eclipse.lsp4j.jsonrpc.RemoteEndpoint handleCancellation
WARNING: Unmatched cancel notification for request id 5401
2024.03.25 19:28:03 WARN  no build target for: /Users/neka/Projects/one-percent/src/main/scala/game/Game.scala
2024.03.25 19:28:07 WARN  no build target for: /Users/neka/Projects/one-percent/src/main/scala/game/Game.scala
2024.03.25 19:28:07 WARN  no build target for: /Users/neka/Projects/one-percent/src/main/scala/game/Game.scala
2024.03.25 19:28:07 WARN  no build target for: /Users/neka/Projects/one-percent/src/main/scala/game/Game.scala
2024.03.25 19:28:07 WARN  no build target for: /Users/neka/Projects/one-percent/src/main/scala/game/Game.scala
2024.03.25 19:28:10 WARN  no build target for: /Users/neka/Projects/one-percent/src/main/scala/game/Game.scala
2024.03.25 19:28:10 WARN  Using indexes to guess the definition of DataLoader
Mar 25, 2024 7:28:10 PM org.eclipse.lsp4j.jsonrpc.RemoteEndpoint handleCancellation
WARNING: Unmatched cancel notification for request id 5479
2024.03.25 19:28:11 WARN  no build target for: /Users/neka/Projects/one-percent/src/main/scala/game/Game.scala
2024.03.25 19:28:12 WARN  no build target for: /Users/neka/Projects/one-percent/src/main/scala/game/Game.scala
2024.03.25 19:28:12 WARN  no build target for: /Users/neka/Projects/one-percent/src/main/scala/game/Game.scala
2024.03.25 19:28:12 WARN  no build target for: /Users/neka/Projects/one-percent/src/main/scala/game/Game.scala
2024.03.25 19:28:16 WARN  no build target for: /Users/neka/Projects/one-percent/src/main/scala/game/Game.scala
2024.03.25 19:28:17 WARN  no build target for: /Users/neka/Projects/one-percent/src/main/scala/game/Game.scala
2024.03.25 19:28:17 WARN  no build target for: /Users/neka/Projects/one-percent/src/main/scala/game/Game.scala
2024.03.25 19:28:17 WARN  Using indexes to guess the definition of DataLoader
2024.03.25 19:28:18 WARN  Using indexes to guess the definition of DataLoader
2024.03.25 19:28:18 WARN  Using indexes to guess the definition of loadQuestions
2024.03.25 19:28:18 WARN  Using indexes to guess the definition of loadPlayers
Mar 25, 2024 7:28:18 PM org.eclipse.lsp4j.jsonrpc.RemoteEndpoint handleCancellation
WARNING: Unmatched cancel notification for request id 5540
2024.03.25 19:28:19 WARN  no build target for: /Users/neka/Projects/one-percent/src/main/scala/game/Game.scala
2024.03.25 19:28:38 WARN  no build target for: /Users/neka/Projects/one-percent/src/main/scala/game/Game.scala
2024.03.25 19:29:10 WARN  no build target for: /Users/neka/Projects/one-percent/src/main/scala/game/Game.scala
2024.03.25 19:29:10 WARN  no build target for: /Users/neka/Projects/one-percent/src/main/scala/game/Game.scala
Mar 25, 2024 7:29:20 PM org.eclipse.lsp4j.jsonrpc.RemoteEndpoint handleCancellation
WARNING: Unmatched cancel notification for request id 5637
2024.03.25 19:29:23 WARN  no build target for: /Users/neka/Projects/one-percent/src/main/scala/game/Game.scala
2024.03.25 19:29:26 WARN  no build target for: /Users/neka/Projects/one-percent/src/main/scala/game/Game.scala
2024.03.25 19:29:30 WARN  no build target for: /Users/neka/Projects/one-percent/src/main/scala/game/Game.scala
2024.03.25 19:29:32 WARN  no build target for: /Users/neka/Projects/one-percent/src/main/scala/game/Game.scala
2024.03.25 19:29:33 WARN  no build target for: /Users/neka/Projects/one-percent/src/main/scala/game/Game.scala
2024.03.25 19:29:48 WARN  no build target for: /Users/neka/Projects/one-percent/src/main/scala/game/Game.scala
2024.03.25 19:29:49 WARN  no build target for: /Users/neka/Projects/one-percent/src/main/scala/game/Game.scala
Mar 25, 2024 7:29:56 PM org.eclipse.lsp4j.jsonrpc.RemoteEndpoint handleCancellation
WARNING: Unmatched cancel notification for request id 5778
2024.03.25 19:29:57 WARN  no build target for: /Users/neka/Projects/one-percent/src/main/scala/game/Game.scala
2024.03.25 19:30:06 WARN  no build target for: /Users/neka/Projects/one-percent/src/main/scala/game/Game.scala
2024.03.25 19:30:07 WARN  no build target for: /Users/neka/Projects/one-percent/src/main/scala/game/Game.scala
2024.03.25 19:30:10 WARN  no build target for: /Users/neka/Projects/one-percent/src/main/scala/game/Game.scala
2024.03.25 19:30:24 ERROR Failed to tokenize input for semantic tokens for /Users/neka/Projects/one-percent/src/main/scala/game/Game.scala
scala.meta.tokenizers.TokenizeException: <input>:30: error: unclosed comment
  /*
  ^
	at scala.meta.internal.tokenizers.Reporter.incompleteInputError(Reporter.scala:27)
	at scala.meta.internal.tokenizers.Reporter.incompleteInputError$(Reporter.scala:26)
	at scala.meta.internal.tokenizers.Reporter$$anon$1.incompleteInputError(Reporter.scala:33)
	at scala.meta.internal.tokenizers.Reporter.incompleteInputError(Reporter.scala:29)
	at scala.meta.internal.tokenizers.Reporter.incompleteInputError$(Reporter.scala:29)
	at scala.meta.internal.tokenizers.Reporter$$anon$1.incompleteInputError(Reporter.scala:33)
	at scala.meta.internal.tokenizers.LegacyScanner.skipNestedComments(LegacyScanner.scala:52)
	at scala.meta.internal.tokenizers.LegacyScanner.skipToCommentEnd(LegacyScanner.scala:71)
	at scala.meta.internal.tokenizers.LegacyScanner.fetchToken(LegacyScanner.scala:313)
	at scala.meta.internal.tokenizers.LegacyScanner.nextToken(LegacyScanner.scala:211)
	at scala.meta.internal.tokenizers.LegacyScanner.foreach(LegacyScanner.scala:1011)
	at scala.meta.internal.tokenizers.ScalametaTokenizer.uncachedTokenize(ScalametaTokenizer.scala:24)
	at scala.meta.internal.tokenizers.ScalametaTokenizer.$anonfun$tokenize$1(ScalametaTokenizer.scala:17)
	at scala.collection.concurrent.TrieMap.getOrElseUpdate(TrieMap.scala:962)
	at scala.meta.internal.tokenizers.ScalametaTokenizer.tokenize(ScalametaTokenizer.scala:17)
	at scala.meta.internal.tokenizers.ScalametaTokenizer$$anon$2.apply(ScalametaTokenizer.scala:332)
	at scala.meta.tokenizers.Api$XtensionTokenizeDialectInput.tokenize(Api.scala:25)
	at scala.meta.tokenizers.Api$XtensionTokenizeInputLike.tokenize(Api.scala:14)
	at scala.meta.internal.metals.SemanticTokensProvider$.getTokens(SemanticTokensProvider.scala:28)
	at scala.meta.internal.metals.SemanticTokensProvider$.provide(SemanticTokensProvider.scala:89)
	at scala.meta.internal.metals.Compilers.$anonfun$semanticTokens$3(Compilers.scala:541)
	at scala.concurrent.impl.Promise$Transformation.run(Promise.scala:467)
	at java.util.concurrent.ThreadPoolExecutor.runWorker(ThreadPoolExecutor.java:1136)
	at java.util.concurrent.ThreadPoolExecutor$Worker.run(ThreadPoolExecutor.java:635)
	at java.lang.Thread.run(Thread.java:833)

2024.03.25 19:30:25 ERROR Failed to tokenize input for semantic tokens for /Users/neka/Projects/one-percent/src/main/scala/game/Game.scala
scala.meta.tokenizers.TokenizeException: <input>:30: error: unclosed comment
  /* 
  ^
	at scala.meta.internal.tokenizers.Reporter.incompleteInputError(Reporter.scala:27)
	at scala.meta.internal.tokenizers.Reporter.incompleteInputError$(Reporter.scala:26)
	at scala.meta.internal.tokenizers.Reporter$$anon$1.incompleteInputError(Reporter.scala:33)
	at scala.meta.internal.tokenizers.Reporter.incompleteInputError(Reporter.scala:29)
	at scala.meta.internal.tokenizers.Reporter.incompleteInputError$(Reporter.scala:29)
	at scala.meta.internal.tokenizers.Reporter$$anon$1.incompleteInputError(Reporter.scala:33)
	at scala.meta.internal.tokenizers.LegacyScanner.skipNestedComments(LegacyScanner.scala:52)
	at scala.meta.internal.tokenizers.LegacyScanner.skipToCommentEnd(LegacyScanner.scala:71)
	at scala.meta.internal.tokenizers.LegacyScanner.fetchToken(LegacyScanner.scala:313)
	at scala.meta.internal.tokenizers.LegacyScanner.nextToken(LegacyScanner.scala:211)
	at scala.meta.internal.tokenizers.LegacyScanner.foreach(LegacyScanner.scala:1011)
	at scala.meta.internal.tokenizers.ScalametaTokenizer.uncachedTokenize(ScalametaTokenizer.scala:24)
	at scala.meta.internal.tokenizers.ScalametaTokenizer.$anonfun$tokenize$1(ScalametaTokenizer.scala:17)
	at scala.collection.concurrent.TrieMap.getOrElseUpdate(TrieMap.scala:962)
	at scala.meta.internal.tokenizers.ScalametaTokenizer.tokenize(ScalametaTokenizer.scala:17)
	at scala.meta.internal.tokenizers.ScalametaTokenizer$$anon$2.apply(ScalametaTokenizer.scala:332)
	at scala.meta.tokenizers.Api$XtensionTokenizeDialectInput.tokenize(Api.scala:25)
	at scala.meta.tokenizers.Api$XtensionTokenizeInputLike.tokenize(Api.scala:14)
	at scala.meta.internal.metals.SemanticTokensProvider$.getTokens(SemanticTokensProvider.scala:28)
	at scala.meta.internal.metals.SemanticTokensProvider$.provide(SemanticTokensProvider.scala:89)
	at scala.meta.internal.metals.Compilers.$anonfun$semanticTokens$3(Compilers.scala:541)
	at scala.concurrent.impl.Promise$Transformation.run(Promise.scala:467)
	at java.util.concurrent.ThreadPoolExecutor.runWorker(ThreadPoolExecutor.java:1136)
	at java.util.concurrent.ThreadPoolExecutor$Worker.run(ThreadPoolExecutor.java:635)
	at java.lang.Thread.run(Thread.java:833)

2024.03.25 19:30:25 ERROR Failed to tokenize input for semantic tokens for /Users/neka/Projects/one-percent/src/main/scala/game/Game.scala
scala.meta.tokenizers.TokenizeException: <input>:30: error: unclosed comment
  /* disp
  ^
	at scala.meta.internal.tokenizers.Reporter.incompleteInputError(Reporter.scala:27)
	at scala.meta.internal.tokenizers.Reporter.incompleteInputError$(Reporter.scala:26)
	at scala.meta.internal.tokenizers.Reporter$$anon$1.incompleteInputError(Reporter.scala:33)
	at scala.meta.internal.tokenizers.Reporter.incompleteInputError(Reporter.scala:29)
	at scala.meta.internal.tokenizers.Reporter.incompleteInputError$(Reporter.scala:29)
	at scala.meta.internal.tokenizers.Reporter$$anon$1.incompleteInputError(Reporter.scala:33)
	at scala.meta.internal.tokenizers.LegacyScanner.skipNestedComments(LegacyScanner.scala:52)
	at scala.meta.internal.tokenizers.LegacyScanner.skipToCommentEnd(LegacyScanner.scala:71)
	at scala.meta.internal.tokenizers.LegacyScanner.fetchToken(LegacyScanner.scala:313)
	at scala.meta.internal.tokenizers.LegacyScanner.nextToken(LegacyScanner.scala:211)
	at scala.meta.internal.tokenizers.LegacyScanner.foreach(LegacyScanner.scala:1011)
	at scala.meta.internal.tokenizers.ScalametaTokenizer.uncachedTokenize(ScalametaTokenizer.scala:24)
	at scala.meta.internal.tokenizers.ScalametaTokenizer.$anonfun$tokenize$1(ScalametaTokenizer.scala:17)
	at scala.collection.concurrent.TrieMap.getOrElseUpdate(TrieMap.scala:962)
	at scala.meta.internal.tokenizers.ScalametaTokenizer.tokenize(ScalametaTokenizer.scala:17)
	at scala.meta.internal.tokenizers.ScalametaTokenizer$$anon$2.apply(ScalametaTokenizer.scala:332)
	at scala.meta.tokenizers.Api$XtensionTokenizeDialectInput.tokenize(Api.scala:25)
	at scala.meta.tokenizers.Api$XtensionTokenizeInputLike.tokenize(Api.scala:14)
	at scala.meta.internal.metals.SemanticTokensProvider$.getTokens(SemanticTokensProvider.scala:28)
	at scala.meta.internal.metals.SemanticTokensProvider$.provide(SemanticTokensProvider.scala:89)
	at scala.meta.internal.metals.Compilers.$anonfun$semanticTokens$3(Compilers.scala:541)
	at scala.concurrent.impl.Promise$Transformation.run(Promise.scala:467)
	at java.util.concurrent.ThreadPoolExecutor.runWorker(ThreadPoolExecutor.java:1136)
	at java.util.concurrent.ThreadPoolExecutor$Worker.run(ThreadPoolExecutor.java:635)
	at java.lang.Thread.run(Thread.java:833)

2024.03.25 19:30:26 ERROR Failed to tokenize input for semantic tokens for /Users/neka/Projects/one-percent/src/main/scala/game/Game.scala
scala.meta.tokenizers.TokenizeException: <input>:30: error: unclosed comment
  /* displa
  ^
	at scala.meta.internal.tokenizers.Reporter.incompleteInputError(Reporter.scala:27)
	at scala.meta.internal.tokenizers.Reporter.incompleteInputError$(Reporter.scala:26)
	at scala.meta.internal.tokenizers.Reporter$$anon$1.incompleteInputError(Reporter.scala:33)
	at scala.meta.internal.tokenizers.Reporter.incompleteInputError(Reporter.scala:29)
	at scala.meta.internal.tokenizers.Reporter.incompleteInputError$(Reporter.scala:29)
	at scala.meta.internal.tokenizers.Reporter$$anon$1.incompleteInputError(Reporter.scala:33)
	at scala.meta.internal.tokenizers.LegacyScanner.skipNestedComments(LegacyScanner.scala:52)
	at scala.meta.internal.tokenizers.LegacyScanner.skipToCommentEnd(LegacyScanner.scala:71)
	at scala.meta.internal.tokenizers.LegacyScanner.fetchToken(LegacyScanner.scala:313)
	at scala.meta.internal.tokenizers.LegacyScanner.nextToken(LegacyScanner.scala:211)
	at scala.meta.internal.tokenizers.LegacyScanner.foreach(LegacyScanner.scala:1011)
	at scala.meta.internal.tokenizers.ScalametaTokenizer.uncachedTokenize(ScalametaTokenizer.scala:24)
	at scala.meta.internal.tokenizers.ScalametaTokenizer.$anonfun$tokenize$1(ScalametaTokenizer.scala:17)
	at scala.collection.concurrent.TrieMap.getOrElseUpdate(TrieMap.scala:962)
	at scala.meta.internal.tokenizers.ScalametaTokenizer.tokenize(ScalametaTokenizer.scala:17)
	at scala.meta.internal.tokenizers.ScalametaTokenizer$$anon$2.apply(ScalametaTokenizer.scala:332)
	at scala.meta.tokenizers.Api$XtensionTokenizeDialectInput.tokenize(Api.scala:25)
	at scala.meta.tokenizers.Api$XtensionTokenizeInputLike.tokenize(Api.scala:14)
	at scala.meta.internal.metals.SemanticTokensProvider$.getTokens(SemanticTokensProvider.scala:28)
	at scala.meta.internal.metals.SemanticTokensProvider$.provide(SemanticTokensProvider.scala:89)
	at scala.meta.internal.metals.Compilers.$anonfun$semanticTokens$3(Compilers.scala:541)
	at scala.concurrent.impl.Promise$Transformation.run(Promise.scala:467)
	at java.util.concurrent.ThreadPoolExecutor.runWorker(ThreadPoolExecutor.java:1136)
	at java.util.concurrent.ThreadPoolExecutor$Worker.run(ThreadPoolExecutor.java:635)
	at java.lang.Thread.run(Thread.java:833)

2024.03.25 19:30:27 WARN  no build target for: /Users/neka/Projects/one-percent/src/main/scala/game/Game.scala
2024.03.25 19:30:27 ERROR Failed to tokenize input for semantic tokens for /Users/neka/Projects/one-percent/src/main/scala/game/Game.scala
scala.meta.tokenizers.TokenizeException: <input>:30: error: unclosed comment
  /* displa
  ^
	at scala.meta.internal.tokenizers.Reporter.incompleteInputError(Reporter.scala:27)
	at scala.meta.internal.tokenizers.Reporter.incompleteInputError$(Reporter.scala:26)
	at scala.meta.internal.tokenizers.Reporter$$anon$1.incompleteInputError(Reporter.scala:33)
	at scala.meta.internal.tokenizers.Reporter.incompleteInputError(Reporter.scala:29)
	at scala.meta.internal.tokenizers.Reporter.incompleteInputError$(Reporter.scala:29)
	at scala.meta.internal.tokenizers.Reporter$$anon$1.incompleteInputError(Reporter.scala:33)
	at scala.meta.internal.tokenizers.LegacyScanner.skipNestedComments(LegacyScanner.scala:52)
	at scala.meta.internal.tokenizers.LegacyScanner.skipToCommentEnd(LegacyScanner.scala:71)
	at scala.meta.internal.tokenizers.LegacyScanner.fetchToken(LegacyScanner.scala:313)
	at scala.meta.internal.tokenizers.LegacyScanner.nextToken(LegacyScanner.scala:211)
	at scala.meta.internal.tokenizers.LegacyScanner.foreach(LegacyScanner.scala:1011)
	at scala.meta.internal.tokenizers.ScalametaTokenizer.uncachedTokenize(ScalametaTokenizer.scala:24)
	at scala.meta.internal.tokenizers.ScalametaTokenizer.$anonfun$tokenize$1(ScalametaTokenizer.scala:17)
	at scala.collection.concurrent.TrieMap.getOrElseUpdate(TrieMap.scala:962)
	at scala.meta.internal.tokenizers.ScalametaTokenizer.tokenize(ScalametaTokenizer.scala:17)
	at scala.meta.internal.tokenizers.ScalametaTokenizer$$anon$2.apply(ScalametaTokenizer.scala:332)
	at scala.meta.tokenizers.Api$XtensionTokenizeDialectInput.tokenize(Api.scala:25)
	at scala.meta.tokenizers.Api$XtensionTokenizeInputLike.tokenize(Api.scala:14)
	at scala.meta.internal.metals.SemanticTokensProvider$.getTokens(SemanticTokensProvider.scala:28)
	at scala.meta.internal.metals.SemanticTokensProvider$.provide(SemanticTokensProvider.scala:89)
	at scala.meta.internal.metals.Compilers.$anonfun$semanticTokens$3(Compilers.scala:541)
	at scala.concurrent.impl.Promise$Transformation.run(Promise.scala:467)
	at java.util.concurrent.ThreadPoolExecutor.runWorker(ThreadPoolExecutor.java:1136)
	at java.util.concurrent.ThreadPoolExecutor$Worker.run(ThreadPoolExecutor.java:635)
	at java.lang.Thread.run(Thread.java:833)

2024.03.25 19:30:28 WARN  no build target for: /Users/neka/Projects/one-percent/src/main/scala/game/Game.scala
2024.03.25 19:30:34 WARN  no build target for: /Users/neka/Projects/one-percent/src/main/scala/game/Game.scala
2024.03.25 19:30:36 WARN  no build target for: /Users/neka/Projects/one-percent/src/main/scala/game/Game.scala
2024.03.25 19:30:40 WARN  no build target for: /Users/neka/Projects/one-percent/src/main/scala/game/Game.scala
2024.03.25 19:30:43 ERROR Failed to tokenize input for semantic tokens for /Users/neka/Projects/one-percent/src/main/scala/game/Game.scala
scala.meta.tokenizers.TokenizeException: <input>:29: error: unclosed comment
  /* R
  ^
	at scala.meta.internal.tokenizers.Reporter.incompleteInputError(Reporter.scala:27)
	at scala.meta.internal.tokenizers.Reporter.incompleteInputError$(Reporter.scala:26)
	at scala.meta.internal.tokenizers.Reporter$$anon$1.incompleteInputError(Reporter.scala:33)
	at scala.meta.internal.tokenizers.Reporter.incompleteInputError(Reporter.scala:29)
	at scala.meta.internal.tokenizers.Reporter.incompleteInputError$(Reporter.scala:29)
	at scala.meta.internal.tokenizers.Reporter$$anon$1.incompleteInputError(Reporter.scala:33)
	at scala.meta.internal.tokenizers.LegacyScanner.skipNestedComments(LegacyScanner.scala:52)
	at scala.meta.internal.tokenizers.LegacyScanner.skipToCommentEnd(LegacyScanner.scala:71)
	at scala.meta.internal.tokenizers.LegacyScanner.fetchToken(LegacyScanner.scala:313)
	at scala.meta.internal.tokenizers.LegacyScanner.nextToken(LegacyScanner.scala:211)
	at scala.meta.internal.tokenizers.LegacyScanner.foreach(LegacyScanner.scala:1011)
	at scala.meta.internal.tokenizers.ScalametaTokenizer.uncachedTokenize(ScalametaTokenizer.scala:24)
	at scala.meta.internal.tokenizers.ScalametaTokenizer.$anonfun$tokenize$1(ScalametaTokenizer.scala:17)
	at scala.collection.concurrent.TrieMap.getOrElseUpdate(TrieMap.scala:962)
	at scala.meta.internal.tokenizers.ScalametaTokenizer.tokenize(ScalametaTokenizer.scala:17)
	at scala.meta.internal.tokenizers.ScalametaTokenizer$$anon$2.apply(ScalametaTokenizer.scala:332)
	at scala.meta.tokenizers.Api$XtensionTokenizeDialectInput.tokenize(Api.scala:25)
	at scala.meta.tokenizers.Api$XtensionTokenizeInputLike.tokenize(Api.scala:14)
	at scala.meta.internal.metals.SemanticTokensProvider$.getTokens(SemanticTokensProvider.scala:28)
	at scala.meta.internal.metals.SemanticTokensProvider$.provide(SemanticTokensProvider.scala:89)
	at scala.meta.internal.metals.Compilers.$anonfun$semanticTokens$3(Compilers.scala:541)
	at scala.concurrent.impl.Promise$Transformation.run(Promise.scala:467)
	at java.util.concurrent.ThreadPoolExecutor.runWorker(ThreadPoolExecutor.java:1136)
	at java.util.concurrent.ThreadPoolExecutor$Worker.run(ThreadPoolExecutor.java:635)
	at java.lang.Thread.run(Thread.java:833)

2024.03.25 19:30:43 ERROR Failed to tokenize input for semantic tokens for /Users/neka/Projects/one-percent/src/main/scala/game/Game.scala
scala.meta.tokenizers.TokenizeException: <input>:29: error: unclosed comment
  /* Rest o
  ^
	at scala.meta.internal.tokenizers.Reporter.incompleteInputError(Reporter.scala:27)
	at scala.meta.internal.tokenizers.Reporter.incompleteInputError$(Reporter.scala:26)
	at scala.meta.internal.tokenizers.Reporter$$anon$1.incompleteInputError(Reporter.scala:33)
	at scala.meta.internal.tokenizers.Reporter.incompleteInputError(Reporter.scala:29)
	at scala.meta.internal.tokenizers.Reporter.incompleteInputError$(Reporter.scala:29)
	at scala.meta.internal.tokenizers.Reporter$$anon$1.incompleteInputError(Reporter.scala:33)
	at scala.meta.internal.tokenizers.LegacyScanner.skipNestedComments(LegacyScanner.scala:52)
	at scala.meta.internal.tokenizers.LegacyScanner.skipToCommentEnd(LegacyScanner.scala:71)
	at scala.meta.internal.tokenizers.LegacyScanner.fetchToken(LegacyScanner.scala:313)
	at scala.meta.internal.tokenizers.LegacyScanner.nextToken(LegacyScanner.scala:211)
	at scala.meta.internal.tokenizers.LegacyScanner.foreach(LegacyScanner.scala:1011)
	at scala.meta.internal.tokenizers.ScalametaTokenizer.uncachedTokenize(ScalametaTokenizer.scala:24)
	at scala.meta.internal.tokenizers.ScalametaTokenizer.$anonfun$tokenize$1(ScalametaTokenizer.scala:17)
	at scala.collection.concurrent.TrieMap.getOrElseUpdate(TrieMap.scala:962)
	at scala.meta.internal.tokenizers.ScalametaTokenizer.tokenize(ScalametaTokenizer.scala:17)
	at scala.meta.internal.tokenizers.ScalametaTokenizer$$anon$2.apply(ScalametaTokenizer.scala:332)
	at scala.meta.tokenizers.Api$XtensionTokenizeDialectInput.tokenize(Api.scala:25)
	at scala.meta.tokenizers.Api$XtensionTokenizeInputLike.tokenize(Api.scala:14)
	at scala.meta.internal.metals.SemanticTokensProvider$.getTokens(SemanticTokensProvider.scala:28)
	at scala.meta.internal.metals.SemanticTokensProvider$.provide(SemanticTokensProvider.scala:89)
	at scala.meta.internal.metals.Compilers.$anonfun$semanticTokens$3(Compilers.scala:541)
	at scala.concurrent.impl.Promise$Transformation.run(Promise.scala:467)
	at java.util.concurrent.ThreadPoolExecutor.runWorker(ThreadPoolExecutor.java:1136)
	at java.util.concurrent.ThreadPoolExecutor$Worker.run(ThreadPoolExecutor.java:635)
	at java.lang.Thread.run(Thread.java:833)

2024.03.25 19:30:44 ERROR Failed to tokenize input for semantic tokens for /Users/neka/Projects/one-percent/src/main/scala/game/Game.scala
scala.meta.tokenizers.TokenizeException: <input>:29: error: unclosed comment
  /* Rest of the m
  ^
	at scala.meta.internal.tokenizers.Reporter.incompleteInputError(Reporter.scala:27)
	at scala.meta.internal.tokenizers.Reporter.incompleteInputError$(Reporter.scala:26)
	at scala.meta.internal.tokenizers.Reporter$$anon$1.incompleteInputError(Reporter.scala:33)
	at scala.meta.internal.tokenizers.Reporter.incompleteInputError(Reporter.scala:29)
	at scala.meta.internal.tokenizers.Reporter.incompleteInputError$(Reporter.scala:29)
	at scala.meta.internal.tokenizers.Reporter$$anon$1.incompleteInputError(Reporter.scala:33)
	at scala.meta.internal.tokenizers.LegacyScanner.skipNestedComments(LegacyScanner.scala:52)
	at scala.meta.internal.tokenizers.LegacyScanner.skipToCommentEnd(LegacyScanner.scala:71)
	at scala.meta.internal.tokenizers.LegacyScanner.fetchToken(LegacyScanner.scala:313)
	at scala.meta.internal.tokenizers.LegacyScanner.nextToken(LegacyScanner.scala:211)
	at scala.meta.internal.tokenizers.LegacyScanner.foreach(LegacyScanner.scala:1011)
	at scala.meta.internal.tokenizers.ScalametaTokenizer.uncachedTokenize(ScalametaTokenizer.scala:24)
	at scala.meta.internal.tokenizers.ScalametaTokenizer.$anonfun$tokenize$1(ScalametaTokenizer.scala:17)
	at scala.collection.concurrent.TrieMap.getOrElseUpdate(TrieMap.scala:962)
	at scala.meta.internal.tokenizers.ScalametaTokenizer.tokenize(ScalametaTokenizer.scala:17)
	at scala.meta.internal.tokenizers.ScalametaTokenizer$$anon$2.apply(ScalametaTokenizer.scala:332)
	at scala.meta.tokenizers.Api$XtensionTokenizeDialectInput.tokenize(Api.scala:25)
	at scala.meta.tokenizers.Api$XtensionTokenizeInputLike.tokenize(Api.scala:14)
	at scala.meta.internal.metals.SemanticTokensProvider$.getTokens(SemanticTokensProvider.scala:28)
	at scala.meta.internal.metals.SemanticTokensProvider$.provide(SemanticTokensProvider.scala:89)
	at scala.meta.internal.metals.Compilers.$anonfun$semanticTokens$3(Compilers.scala:541)
	at scala.concurrent.impl.Promise$Transformation.run(Promise.scala:467)
	at java.util.concurrent.ThreadPoolExecutor.runWorker(ThreadPoolExecutor.java:1136)
	at java.util.concurrent.ThreadPoolExecutor$Worker.run(ThreadPoolExecutor.java:635)
	at java.lang.Thread.run(Thread.java:833)

2024.03.25 19:30:44 ERROR Failed to tokenize input for semantic tokens for /Users/neka/Projects/one-percent/src/main/scala/game/Game.scala
scala.meta.tokenizers.TokenizeException: <input>:29: error: unclosed comment
  /* Rest of the method
  ^
	at scala.meta.internal.tokenizers.Reporter.incompleteInputError(Reporter.scala:27)
	at scala.meta.internal.tokenizers.Reporter.incompleteInputError$(Reporter.scala:26)
	at scala.meta.internal.tokenizers.Reporter$$anon$1.incompleteInputError(Reporter.scala:33)
	at scala.meta.internal.tokenizers.Reporter.incompleteInputError(Reporter.scala:29)
	at scala.meta.internal.tokenizers.Reporter.incompleteInputError$(Reporter.scala:29)
	at scala.meta.internal.tokenizers.Reporter$$anon$1.incompleteInputError(Reporter.scala:33)
	at scala.meta.internal.tokenizers.LegacyScanner.skipNestedComments(LegacyScanner.scala:52)
	at scala.meta.internal.tokenizers.LegacyScanner.skipToCommentEnd(LegacyScanner.scala:71)
	at scala.meta.internal.tokenizers.LegacyScanner.fetchToken(LegacyScanner.scala:313)
	at scala.meta.internal.tokenizers.LegacyScanner.nextToken(LegacyScanner.scala:211)
	at scala.meta.internal.tokenizers.LegacyScanner.foreach(LegacyScanner.scala:1011)
	at scala.meta.internal.tokenizers.ScalametaTokenizer.uncachedTokenize(ScalametaTokenizer.scala:24)
	at scala.meta.internal.tokenizers.ScalametaTokenizer.$anonfun$tokenize$1(ScalametaTokenizer.scala:17)
	at scala.collection.concurrent.TrieMap.getOrElseUpdate(TrieMap.scala:962)
	at scala.meta.internal.tokenizers.ScalametaTokenizer.tokenize(ScalametaTokenizer.scala:17)
	at scala.meta.internal.tokenizers.ScalametaTokenizer$$anon$2.apply(ScalametaTokenizer.scala:332)
	at scala.meta.tokenizers.Api$XtensionTokenizeDialectInput.tokenize(Api.scala:25)
	at scala.meta.tokenizers.Api$XtensionTokenizeInputLike.tokenize(Api.scala:14)
	at scala.meta.internal.metals.SemanticTokensProvider$.getTokens(SemanticTokensProvider.scala:28)
	at scala.meta.internal.metals.SemanticTokensProvider$.provide(SemanticTokensProvider.scala:89)
	at scala.meta.internal.metals.Compilers.$anonfun$semanticTokens$3(Compilers.scala:541)
	at scala.concurrent.impl.Promise$Transformation.run(Promise.scala:467)
	at java.util.concurrent.ThreadPoolExecutor.runWorker(ThreadPoolExecutor.java:1136)
	at java.util.concurrent.ThreadPoolExecutor$Worker.run(ThreadPoolExecutor.java:635)
	at java.lang.Thread.run(Thread.java:833)

2024.03.25 19:30:44 ERROR Failed to tokenize input for semantic tokens for /Users/neka/Projects/one-percent/src/main/scala/game/Game.scala
scala.meta.tokenizers.TokenizeException: <input>:29: error: unclosed comment
  /* Rest of the methods ..
  ^
	at scala.meta.internal.tokenizers.Reporter.incompleteInputError(Reporter.scala:27)
	at scala.meta.internal.tokenizers.Reporter.incompleteInputError$(Reporter.scala:26)
	at scala.meta.internal.tokenizers.Reporter$$anon$1.incompleteInputError(Reporter.scala:33)
	at scala.meta.internal.tokenizers.Reporter.incompleteInputError(Reporter.scala:29)
	at scala.meta.internal.tokenizers.Reporter.incompleteInputError$(Reporter.scala:29)
	at scala.meta.internal.tokenizers.Reporter$$anon$1.incompleteInputError(Reporter.scala:33)
	at scala.meta.internal.tokenizers.LegacyScanner.skipNestedComments(LegacyScanner.scala:52)
	at scala.meta.internal.tokenizers.LegacyScanner.skipToCommentEnd(LegacyScanner.scala:71)
	at scala.meta.internal.tokenizers.LegacyScanner.fetchToken(LegacyScanner.scala:313)
	at scala.meta.internal.tokenizers.LegacyScanner.nextToken(LegacyScanner.scala:211)
	at scala.meta.internal.tokenizers.LegacyScanner.foreach(LegacyScanner.scala:1011)
	at scala.meta.internal.tokenizers.ScalametaTokenizer.uncachedTokenize(ScalametaTokenizer.scala:24)
	at scala.meta.internal.tokenizers.ScalametaTokenizer.$anonfun$tokenize$1(ScalametaTokenizer.scala:17)
	at scala.collection.concurrent.TrieMap.getOrElseUpdate(TrieMap.scala:962)
	at scala.meta.internal.tokenizers.ScalametaTokenizer.tokenize(ScalametaTokenizer.scala:17)
	at scala.meta.internal.tokenizers.ScalametaTokenizer$$anon$2.apply(ScalametaTokenizer.scala:332)
	at scala.meta.tokenizers.Api$XtensionTokenizeDialectInput.tokenize(Api.scala:25)
	at scala.meta.tokenizers.Api$XtensionTokenizeInputLike.tokenize(Api.scala:14)
	at scala.meta.internal.metals.SemanticTokensProvider$.getTokens(SemanticTokensProvider.scala:28)
	at scala.meta.internal.metals.SemanticTokensProvider$.provide(SemanticTokensProvider.scala:89)
	at scala.meta.internal.metals.Compilers.$anonfun$semanticTokens$3(Compilers.scala:541)
	at scala.concurrent.impl.Promise$Transformation.run(Promise.scala:467)
	at java.util.concurrent.ThreadPoolExecutor.runWorker(ThreadPoolExecutor.java:1136)
	at java.util.concurrent.ThreadPoolExecutor$Worker.run(ThreadPoolExecutor.java:635)
	at java.lang.Thread.run(Thread.java:833)

2024.03.25 19:30:45 ERROR Failed to tokenize input for semantic tokens for /Users/neka/Projects/one-percent/src/main/scala/game/Game.scala
scala.meta.tokenizers.TokenizeException: <input>:29: error: unclosed comment
  /* Rest of the methods ...""
  ^
	at scala.meta.internal.tokenizers.Reporter.incompleteInputError(Reporter.scala:27)
	at scala.meta.internal.tokenizers.Reporter.incompleteInputError$(Reporter.scala:26)
	at scala.meta.internal.tokenizers.Reporter$$anon$1.incompleteInputError(Reporter.scala:33)
	at scala.meta.internal.tokenizers.Reporter.incompleteInputError(Reporter.scala:29)
	at scala.meta.internal.tokenizers.Reporter.incompleteInputError$(Reporter.scala:29)
	at scala.meta.internal.tokenizers.Reporter$$anon$1.incompleteInputError(Reporter.scala:33)
	at scala.meta.internal.tokenizers.LegacyScanner.skipNestedComments(LegacyScanner.scala:52)
	at scala.meta.internal.tokenizers.LegacyScanner.skipToCommentEnd(LegacyScanner.scala:71)
	at scala.meta.internal.tokenizers.LegacyScanner.fetchToken(LegacyScanner.scala:313)
	at scala.meta.internal.tokenizers.LegacyScanner.nextToken(LegacyScanner.scala:211)
	at scala.meta.internal.tokenizers.LegacyScanner.foreach(LegacyScanner.scala:1011)
	at scala.meta.internal.tokenizers.ScalametaTokenizer.uncachedTokenize(ScalametaTokenizer.scala:24)
	at scala.meta.internal.tokenizers.ScalametaTokenizer.$anonfun$tokenize$1(ScalametaTokenizer.scala:17)
	at scala.collection.concurrent.TrieMap.getOrElseUpdate(TrieMap.scala:962)
	at scala.meta.internal.tokenizers.ScalametaTokenizer.tokenize(ScalametaTokenizer.scala:17)
	at scala.meta.internal.tokenizers.ScalametaTokenizer$$anon$2.apply(ScalametaTokenizer.scala:332)
	at scala.meta.tokenizers.Api$XtensionTokenizeDialectInput.tokenize(Api.scala:25)
	at scala.meta.tokenizers.Api$XtensionTokenizeInputLike.tokenize(Api.scala:14)
	at scala.meta.internal.metals.SemanticTokensProvider$.getTokens(SemanticTokensProvider.scala:28)
	at scala.meta.internal.metals.SemanticTokensProvider$.provide(SemanticTokensProvider.scala:89)
	at scala.meta.internal.metals.Compilers.$anonfun$semanticTokens$3(Compilers.scala:541)
	at scala.concurrent.impl.Promise$Transformation.run(Promise.scala:467)
	at java.util.concurrent.ThreadPoolExecutor.runWorker(ThreadPoolExecutor.java:1136)
	at java.util.concurrent.ThreadPoolExecutor$Worker.run(ThreadPoolExecutor.java:635)
	at java.lang.Thread.run(Thread.java:833)

2024.03.25 19:30:46 ERROR Failed to tokenize input for semantic tokens for /Users/neka/Projects/one-percent/src/main/scala/game/Game.scala
scala.meta.tokenizers.TokenizeException: <input>:29: error: unclosed comment
  /* Rest of the methods ... *
  ^
	at scala.meta.internal.tokenizers.Reporter.incompleteInputError(Reporter.scala:27)
	at scala.meta.internal.tokenizers.Reporter.incompleteInputError$(Reporter.scala:26)
	at scala.meta.internal.tokenizers.Reporter$$anon$1.incompleteInputError(Reporter.scala:33)
	at scala.meta.internal.tokenizers.Reporter.incompleteInputError(Reporter.scala:29)
	at scala.meta.internal.tokenizers.Reporter.incompleteInputError$(Reporter.scala:29)
	at scala.meta.internal.tokenizers.Reporter$$anon$1.incompleteInputError(Reporter.scala:33)
	at scala.meta.internal.tokenizers.LegacyScanner.skipNestedComments(LegacyScanner.scala:52)
	at scala.meta.internal.tokenizers.LegacyScanner.skipToCommentEnd(LegacyScanner.scala:71)
	at scala.meta.internal.tokenizers.LegacyScanner.fetchToken(LegacyScanner.scala:313)
	at scala.meta.internal.tokenizers.LegacyScanner.nextToken(LegacyScanner.scala:211)
	at scala.meta.internal.tokenizers.LegacyScanner.foreach(LegacyScanner.scala:1011)
	at scala.meta.internal.tokenizers.ScalametaTokenizer.uncachedTokenize(ScalametaTokenizer.scala:24)
	at scala.meta.internal.tokenizers.ScalametaTokenizer.$anonfun$tokenize$1(ScalametaTokenizer.scala:17)
	at scala.collection.concurrent.TrieMap.getOrElseUpdate(TrieMap.scala:962)
	at scala.meta.internal.tokenizers.ScalametaTokenizer.tokenize(ScalametaTokenizer.scala:17)
	at scala.meta.internal.tokenizers.ScalametaTokenizer$$anon$2.apply(ScalametaTokenizer.scala:332)
	at scala.meta.tokenizers.Api$XtensionTokenizeDialectInput.tokenize(Api.scala:25)
	at scala.meta.tokenizers.Api$XtensionTokenizeInputLike.tokenize(Api.scala:14)
	at scala.meta.internal.metals.SemanticTokensProvider$.getTokens(SemanticTokensProvider.scala:28)
	at scala.meta.internal.metals.SemanticTokensProvider$.provide(SemanticTokensProvider.scala:89)
	at scala.meta.internal.metals.Compilers.$anonfun$semanticTokens$3(Compilers.scala:541)
	at scala.concurrent.impl.Promise$Transformation.run(Promise.scala:467)
	at java.util.concurrent.ThreadPoolExecutor.runWorker(ThreadPoolExecutor.java:1136)
	at java.util.concurrent.ThreadPoolExecutor$Worker.run(ThreadPoolExecutor.java:635)
	at java.lang.Thread.run(Thread.java:833)

2024.03.25 19:30:47 WARN  no build target for: /Users/neka/Projects/one-percent/src/main/scala/game/Game.scala
2024.03.25 19:30:49 WARN  no build target for: /Users/neka/Projects/one-percent/src/main/scala/game/Game.scala
2024.03.25 19:30:51 WARN  no build target for: /Users/neka/Projects/one-percent/src/main/scala/game/Game.scala
2024.03.25 19:30:58 WARN  no build target for: /Users/neka/Projects/one-percent/src/main/scala/game/Game.scala
2024.03.25 19:31:02 WARN  no build target for: /Users/neka/Projects/one-percent/src/main/scala/game/Game.scala
2024.03.25 19:31:04 WARN  no build target for: /Users/neka/Projects/one-percent/src/main/scala/game/Game.scala
2024.03.25 19:31:07 WARN  no build target for: /Users/neka/Projects/one-percent/src/main/scala/game/Game.scala
Mar 25, 2024 7:31:08 PM org.eclipse.lsp4j.jsonrpc.RemoteEndpoint handleCancellation
WARNING: Unmatched cancel notification for request id 6047
2024.03.25 19:31:13 WARN  no build target for: /Users/neka/Projects/one-percent/src/main/scala/game/Game.scala
2024.03.25 19:31:23 WARN  no build target for: /Users/neka/Projects/one-percent/src/main/scala/game/Game.scala
2024.03.25 19:31:30 WARN  no build target for: /Users/neka/Projects/one-percent/src/main/scala/game/Game.scala
Mar 25, 2024 7:31:45 PM org.eclipse.lsp4j.jsonrpc.RemoteEndpoint handleCancellation
WARNING: Unmatched cancel notification for request id 6130
2024.03.25 19:31:46 WARN  no build target for: /Users/neka/Projects/one-percent/src/main/scala/game/Game.scala
2024.03.25 19:31:51 WARN  no build target for: /Users/neka/Projects/one-percent/src/main/scala/game/Game.scala
2024.03.25 19:31:54 WARN  no build target for: /Users/neka/Projects/one-percent/src/main/scala/game/Game.scala
2024.03.25 19:31:59 WARN  no build target for: /Users/neka/Projects/one-percent/src/main/scala/game/Game.scala
2024.03.25 19:32:02 WARN  no build target for: /Users/neka/Projects/one-percent/src/main/scala/game/Game.scala
2024.03.25 19:32:08 WARN  no build target for: /Users/neka/Projects/one-percent/src/main/scala/game/Game.scala
2024.03.25 19:32:14 WARN  no build target for: /Users/neka/Projects/one-percent/src/main/scala/game/Game.scala
2024.03.25 19:32:19 WARN  no build target for: /Users/neka/Projects/one-percent/src/main/scala/game/Game.scala
2024.03.25 19:32:28 WARN  no build target for: /Users/neka/Projects/one-percent/src/main/scala/game/Game.scala
2024.03.25 19:32:35 WARN  no build target for: /Users/neka/Projects/one-percent/src/main/scala/game/Game.scala
2024.03.25 19:32:39 WARN  no build target for: /Users/neka/Projects/one-percent/src/main/scala/game/Game.scala
2024.03.25 19:32:43 WARN  no build target for: /Users/neka/Projects/one-percent/src/main/scala/game/Game.scala
2024.03.25 19:32:56 WARN  no build target for: /Users/neka/Projects/one-percent/src/main/scala/game/Game.scala
2024.03.25 19:33:06 WARN  no build target for: /Users/neka/Projects/one-percent/src/main/scala/game/Game.scala
2024.03.25 19:33:19 WARN  no build target for: /Users/neka/Projects/one-percent/src/main/scala/game/Game.scala
2024.03.25 19:33:25 WARN  no build target for: /Users/neka/Projects/one-percent/src/main/scala/game/Game.scala
2024.03.25 19:33:33 WARN  no build target for: /Users/neka/Projects/one-percent/src/main/scala/game/Game.scala
2024.03.25 19:33:42 WARN  no build target for: /Users/neka/Projects/one-percent/src/main/scala/game/Game.scala
2024.03.25 19:33:56 WARN  no build target for: /Users/neka/Projects/one-percent/src/main/scala/game/Game.scala
2024.03.25 19:34:01 WARN  no build target for: /Users/neka/Projects/one-percent/src/main/scala/game/Game.scala
2024.03.25 19:34:02 WARN  no build target for: /Users/neka/Projects/one-percent/src/main/scala/game/Game.scala
2024.03.25 19:34:13 WARN  no build target for: /Users/neka/Projects/one-percent/src/main/scala/game/Game.scala
2024.03.25 19:34:14 WARN  no build target for: /Users/neka/Projects/one-percent/src/main/scala/game/Game.scala
2024.03.25 19:34:20 WARN  no build target for: /Users/neka/Projects/one-percent/src/main/scala/game/Game.scala
2024.03.25 19:34:23 WARN  no build target for: /Users/neka/Projects/one-percent/src/main/scala/game/Game.scala
2024.03.25 19:34:27 WARN  no build target for: /Users/neka/Projects/one-percent/src/main/scala/game/Game.scala
2024.03.25 19:34:29 WARN  no build target for: /Users/neka/Projects/one-percent/src/main/scala/game/Game.scala
2024.03.25 19:34:34 WARN  no build target for: /Users/neka/Projects/one-percent/src/main/scala/game/Game.scala
2024.03.25 19:34:37 WARN  no build target for: /Users/neka/Projects/one-percent/src/main/scala/game/Game.scala
2024.03.25 19:34:40 WARN  no build target for: /Users/neka/Projects/one-percent/src/main/scala/game/Game.scala
2024.03.25 19:34:44 WARN  no build target for: /Users/neka/Projects/one-percent/src/main/scala/game/Game.scala
2024.03.25 19:34:50 WARN  no build target for: /Users/neka/Projects/one-percent/src/main/scala/game/Game.scala
Mar 25, 2024 7:40:02 PM org.eclipse.lsp4j.jsonrpc.RemoteEndpoint handleCancellation
WARNING: Unmatched cancel notification for request id 6735
2024.03.25 19:42:04 WARN  no build target for: /Users/neka/Projects/one-percent/src/main/scala/game/Game.scala
2024.03.25 19:42:06 WARN  no build target for: /Users/neka/Projects/one-percent/src/main/scala/game/Game.scala
2024.03.25 19:42:09 WARN  no build target for: /Users/neka/Projects/one-percent/src/main/scala/game/Game.scala
2024.03.25 19:42:12 WARN  no build target for: /Users/neka/Projects/one-percent/src/main/scala/game/Game.scala
2024.03.25 19:42:14 WARN  no build target for: /Users/neka/Projects/one-percent/src/main/scala/game/Game.scala
2024.03.25 19:42:15 WARN  no build target for: /Users/neka/Projects/one-percent/src/main/scala/game/Game.scala
2024.03.25 19:42:23 WARN  no build target for: /Users/neka/Projects/one-percent/src/main/scala/game/Game.scala
2024.03.25 19:42:26 WARN  no build target for: /Users/neka/Projects/one-percent/src/main/scala/game/Game.scala
2024.03.25 19:43:25 WARN  no build target for: /Users/neka/Projects/one-percent/src/main/scala/game/Player.scala
2024.03.25 19:43:31 WARN  no build target for: /Users/neka/Projects/one-percent/src/main/scala/game/Player.scala
2024.03.25 19:43:34 WARN  no build target for: /Users/neka/Projects/one-percent/src/main/scala/game/Player.scala
2024.03.25 19:43:40 WARN  no build target for: /Users/neka/Projects/one-percent/src/main/scala/game/Player.scala
2024.03.25 19:43:43 WARN  no build target for: /Users/neka/Projects/one-percent/src/main/scala/game/Player.scala
2024.03.25 19:43:46 WARN  no build target for: /Users/neka/Projects/one-percent/src/main/scala/game/Player.scala
2024.03.25 19:43:49 WARN  no build target for: /Users/neka/Projects/one-percent/src/main/scala/game/Player.scala
2024.03.25 19:43:51 WARN  no build target for: /Users/neka/Projects/one-percent/src/main/scala/game/Player.scala
2024.03.25 19:43:52 WARN  no build target for: /Users/neka/Projects/one-percent/src/main/scala/game/Player.scala
2024.03.25 19:43:55 WARN  no build target for: /Users/neka/Projects/one-percent/src/main/scala/game/Player.scala
2024.03.25 19:43:59 WARN  no build target for: /Users/neka/Projects/one-percent/src/main/scala/game/Player.scala
2024.03.25 19:44:01 WARN  no build target for: /Users/neka/Projects/one-percent/src/main/scala/game/Player.scala
2024.03.25 19:44:03 WARN  no build target for: /Users/neka/Projects/one-percent/src/main/scala/game/Player.scala
2024.03.25 19:44:09 WARN  no build target for: /Users/neka/Projects/one-percent/src/main/scala/game/Player.scala
2024.03.25 19:44:12 WARN  no build target for: /Users/neka/Projects/one-percent/src/main/scala/game/Player.scala
2024.03.25 19:44:15 WARN  no build target for: /Users/neka/Projects/one-percent/src/main/scala/game/Player.scala
2024.03.25 19:44:16 WARN  no build target for: /Users/neka/Projects/one-percent/src/main/scala/game/Player.scala
2024.03.25 19:44:17 WARN  no build target for: /Users/neka/Projects/one-percent/src/main/scala/game/Player.scala
2024.03.25 19:44:23 WARN  no build target for: /Users/neka/Projects/one-percent/src/main/scala/game/Player.scala
2024.03.25 19:44:24 WARN  no build target for: /Users/neka/Projects/one-percent/src/main/scala/game/Player.scala
2024.03.25 19:44:29 WARN  no build target for: /Users/neka/Projects/one-percent/src/main/scala/game/Player.scala
2024.03.25 19:44:31 WARN  no build target for: /Users/neka/Projects/one-percent/src/main/scala/game/Player.scala
Mar 25, 2024 7:44:46 PM org.eclipse.lsp4j.jsonrpc.RemoteEndpoint handleCancellation
WARNING: Unmatched cancel notification for request id 7283
2024.03.25 19:44:51 WARN  no build target for: /Users/neka/Projects/one-percent/src/main/scala/game/Question.scala
2024.03.25 19:44:55 WARN  no build target for: /Users/neka/Projects/one-percent/src/main/scala/game/Question.scala
2024.03.25 19:45:30 WARN  no build target for: /Users/neka/Projects/one-percent/src/main/scala/game/DataLoader.scala
2024.03.25 19:45:30 WARN  no build target for: /Users/neka/Projects/one-percent/src/main/scala/game/DataLoader.scala
2024.03.25 19:45:30 WARN  no build target for: /Users/neka/Projects/one-percent/src/main/scala/game/DataLoader.scala
2024.03.25 19:45:33 WARN  no build target for: /Users/neka/Projects/one-percent/src/main/scala/game/DataLoader.scala
2024.03.25 19:45:38 WARN  no build target for: /Users/neka/Projects/one-percent/src/main/scala/game/DataLoader.scala
2024.03.25 19:48:45 WARN  no build target for: /Users/neka/Projects/one-percent/src/main/scala/game/Game.scala
2024.03.25 19:48:47 WARN  no build target for: /Users/neka/Projects/one-percent/src/main/scala/game/Game.scala
2024.03.25 19:48:54 WARN  no build target for: /Users/neka/Projects/one-percent/src/main/scala/game/Game.scala
2024.03.25 19:49:00 WARN  no build target for: /Users/neka/Projects/one-percent/src/main/scala/game/Game.scala
2024.03.25 19:49:12 WARN  Using indexes to guess the definition of Question
2024.03.25 19:49:17 WARN  Using indexes to guess the definition of name
2024.03.25 19:49:20 WARN  no build target for: /Users/neka/Projects/one-percent/src/main/scala/game/Game.scala
2024.03.25 19:49:22 WARN  no build target for: /Users/neka/Projects/one-percent/src/main/scala/game/Game.scala
2024.03.25 19:49:24 WARN  no build target for: /Users/neka/Projects/one-percent/src/main/scala/game/Game.scala
2024.03.25 19:49:28 WARN  no build target for: /Users/neka/Projects/one-percent/src/main/scala/game/Game.scala
2024.03.25 19:49:35 WARN  no build target for: /Users/neka/Projects/one-percent/src/main/scala/game/Game.scala
2024.03.25 19:49:38 WARN  no build target for: /Users/neka/Projects/one-percent/src/main/scala/game/Game.scala
2024.03.25 19:50:25 WARN  no build target for: /Users/neka/Projects/one-percent/src/main/scala/game/Game.scala
2024.03.25 19:50:27 ERROR Failed to tokenize input for semantic tokens for /Users/neka/Projects/one-percent/src/main/scala/game/Game.scala
scala.meta.tokenizers.TokenizeException: <input>:66: error: unclosed string literal
      println("\nRemaining players " + "+ remainingPlayers.map(_.name).mkString(", "))
                                                                                   ^
	at scala.meta.internal.tokenizers.Reporter.syntaxError(Reporter.scala:23)
	at scala.meta.internal.tokenizers.Reporter.syntaxError$(Reporter.scala:23)
	at scala.meta.internal.tokenizers.Reporter$$anon$1.syntaxError(Reporter.scala:33)
	at scala.meta.internal.tokenizers.Reporter.syntaxError(Reporter.scala:25)
	at scala.meta.internal.tokenizers.Reporter.syntaxError$(Reporter.scala:25)
	at scala.meta.internal.tokenizers.Reporter$$anon$1.syntaxError(Reporter.scala:33)
	at scala.meta.internal.tokenizers.LegacyScanner.getStringLit(LegacyScanner.scala:553)
	at scala.meta.internal.tokenizers.LegacyScanner.fetchDoubleQuote$1(LegacyScanner.scala:372)
	at scala.meta.internal.tokenizers.LegacyScanner.fetchToken(LegacyScanner.scala:376)
	at scala.meta.internal.tokenizers.LegacyScanner.nextToken(LegacyScanner.scala:211)
	at scala.meta.internal.tokenizers.LegacyScanner.foreach(LegacyScanner.scala:1011)
	at scala.meta.internal.tokenizers.ScalametaTokenizer.uncachedTokenize(ScalametaTokenizer.scala:24)
	at scala.meta.internal.tokenizers.ScalametaTokenizer.$anonfun$tokenize$1(ScalametaTokenizer.scala:17)
	at scala.collection.concurrent.TrieMap.getOrElseUpdate(TrieMap.scala:962)
	at scala.meta.internal.tokenizers.ScalametaTokenizer.tokenize(ScalametaTokenizer.scala:17)
	at scala.meta.internal.tokenizers.ScalametaTokenizer$$anon$2.apply(ScalametaTokenizer.scala:332)
	at scala.meta.tokenizers.Api$XtensionTokenizeDialectInput.tokenize(Api.scala:25)
	at scala.meta.tokenizers.Api$XtensionTokenizeInputLike.tokenize(Api.scala:14)
	at scala.meta.internal.metals.SemanticTokensProvider$.getTokens(SemanticTokensProvider.scala:28)
	at scala.meta.internal.metals.SemanticTokensProvider$.provide(SemanticTokensProvider.scala:89)
	at scala.meta.internal.metals.Compilers.$anonfun$semanticTokens$3(Compilers.scala:541)
	at scala.concurrent.impl.Promise$Transformation.run(Promise.scala:467)
	at java.util.concurrent.ThreadPoolExecutor.runWorker(ThreadPoolExecutor.java:1136)
	at java.util.concurrent.ThreadPoolExecutor$Worker.run(ThreadPoolExecutor.java:635)
	at java.lang.Thread.run(Thread.java:833)

2024.03.25 19:50:29 WARN  no build target for: /Users/neka/Projects/one-percent/src/main/scala/game/Game.scala
2024.03.25 19:50:34 WARN  no build target for: /Users/neka/Projects/one-percent/src/main/scala/game/Game.scala
2024.03.25 19:50:36 WARN  no build target for: /Users/neka/Projects/one-percent/src/main/scala/game/Game.scala
2024.03.25 19:50:41 WARN  no build target for: /Users/neka/Projects/one-percent/src/main/scala/game/Game.scala
2024.03.25 19:50:42 WARN  no build target for: /Users/neka/Projects/one-percent/src/main/scala/game/Game.scala
2024.03.25 19:50:45 WARN  no build target for: /Users/neka/Projects/one-percent/src/main/scala/game/Game.scala
2024.03.25 19:50:47 WARN  no build target for: /Users/neka/Projects/one-percent/src/main/scala/game/Game.scala
2024.03.25 19:50:51 ERROR Failed to tokenize input for semantic tokens for /Users/neka/Projects/one-percent/src/main/scala/game/Game.scala
scala.meta.tokenizers.TokenizeException: <input>:65: error: unclosed string literal
      println("\nPlayers Eliminated + eliminatedPlayers.map(_.name).mkString(", "))
                                                                                ^
	at scala.meta.internal.tokenizers.Reporter.syntaxError(Reporter.scala:23)
	at scala.meta.internal.tokenizers.Reporter.syntaxError$(Reporter.scala:23)
	at scala.meta.internal.tokenizers.Reporter$$anon$1.syntaxError(Reporter.scala:33)
	at scala.meta.internal.tokenizers.Reporter.syntaxError(Reporter.scala:25)
	at scala.meta.internal.tokenizers.Reporter.syntaxError$(Reporter.scala:25)
	at scala.meta.internal.tokenizers.Reporter$$anon$1.syntaxError(Reporter.scala:33)
	at scala.meta.internal.tokenizers.LegacyScanner.getStringLit(LegacyScanner.scala:553)
	at scala.meta.internal.tokenizers.LegacyScanner.fetchDoubleQuote$1(LegacyScanner.scala:372)
	at scala.meta.internal.tokenizers.LegacyScanner.fetchToken(LegacyScanner.scala:376)
	at scala.meta.internal.tokenizers.LegacyScanner.nextToken(LegacyScanner.scala:211)
	at scala.meta.internal.tokenizers.LegacyScanner.foreach(LegacyScanner.scala:1011)
	at scala.meta.internal.tokenizers.ScalametaTokenizer.uncachedTokenize(ScalametaTokenizer.scala:24)
	at scala.meta.internal.tokenizers.ScalametaTokenizer.$anonfun$tokenize$1(ScalametaTokenizer.scala:17)
	at scala.collection.concurrent.TrieMap.getOrElseUpdate(TrieMap.scala:962)
	at scala.meta.internal.tokenizers.ScalametaTokenizer.tokenize(ScalametaTokenizer.scala:17)
	at scala.meta.internal.tokenizers.ScalametaTokenizer$$anon$2.apply(ScalametaTokenizer.scala:332)
	at scala.meta.tokenizers.Api$XtensionTokenizeDialectInput.tokenize(Api.scala:25)
	at scala.meta.tokenizers.Api$XtensionTokenizeInputLike.tokenize(Api.scala:14)
	at scala.meta.internal.metals.SemanticTokensProvider$.getTokens(SemanticTokensProvider.scala:28)
	at scala.meta.internal.metals.SemanticTokensProvider$.provide(SemanticTokensProvider.scala:89)
	at scala.meta.internal.metals.Compilers.$anonfun$semanticTokens$3(Compilers.scala:541)
	at scala.concurrent.impl.Promise$Transformation.run(Promise.scala:467)
	at java.util.concurrent.ThreadPoolExecutor.runWorker(ThreadPoolExecutor.java:1136)
	at java.util.concurrent.ThreadPoolExecutor$Worker.run(ThreadPoolExecutor.java:635)
	at java.lang.Thread.run(Thread.java:833)

2024.03.25 19:50:53 WARN  no build target for: /Users/neka/Projects/one-percent/src/main/scala/game/Game.scala
2024.03.25 19:50:56 WARN  Using indexes to guess the definition of answer
2024.03.25 19:50:56 WARN  Using indexes to guess the definition of answer
2024.03.25 19:50:58 WARN  no build target for: /Users/neka/Projects/one-percent/src/main/scala/game/Game.scala
2024.03.25 19:51:03 WARN  no build target for: /Users/neka/Projects/one-percent/src/main/scala/game/Game.scala
2024.03.25 19:51:10 WARN  no build target for: /Users/neka/Projects/one-percent/src/main/scala/game/Game.scala
2024.03.25 19:51:12 WARN  no build target for: /Users/neka/Projects/one-percent/src/main/scala/game/Game.scala
2024.03.25 19:51:18 WARN  no build target for: /Users/neka/Projects/one-percent/src/main/scala/game/Game.scala
2024.03.25 19:52:52 WARN  no build target for: /Users/neka/Projects/one-percent/src/main/scala/game/DataLoader.scala
